2025-09-29 18:44:44.527 [info] Reading sessions from keychain...
2025-09-29 18:44:44.527 [info] Getting sessions for all scopes...
2025-09-29 18:44:44.527 [info] Got stored sessions!
2025-09-29 18:44:44.527 [info] Got 1 verified sessions.
2025-09-29 18:44:44.527 [info] Got 1 sessions for ...
2025-09-29 18:44:44.527 [info] Getting sessions for all scopes...
2025-09-29 18:44:44.527 [info] Got 1 sessions for ...
2025-09-29 18:44:44.527 [info] Getting sessions for all scopes...
2025-09-29 18:44:44.527 [info] Got 1 sessions for ...
2025-09-29 18:44:44.527 [info] Getting sessions for all scopes...
2025-09-29 18:44:44.527 [info] Got 1 sessions for ...
2025-09-29 18:44:44.527 [info] Getting sessions for all scopes...
2025-09-29 18:44:44.527 [info] Got 1 sessions for ...
2025-09-29 18:44:44.527 [info] Getting sessions for all scopes...
2025-09-29 18:44:44.527 [info] Got 1 sessions for ...
2025-09-29 18:44:44.527 [info] Getting sessions for all scopes...
2025-09-29 18:44:44.527 [info] Got 1 sessions for ...
2025-09-29 18:44:44.527 [info] Getting sessions for all scopes...
2025-09-29 18:44:44.527 [info] Got 1 sessions for ...
2025-09-29 18:44:44.544 [info] Getting sessions for all scopes...
2025-09-29 18:44:44.544 [info] Got 1 sessions for ...
2025-09-29 18:44:44.545 [info] Getting sessions for all scopes...
2025-09-29 18:44:44.545 [info] Got 1 sessions for ...
2025-09-29 18:44:44.545 [info] Getting sessions for all scopes...
2025-09-29 18:44:44.545 [info] Got 1 sessions for ...
2025-09-29 18:44:44.546 [info] Getting sessions for all scopes...
2025-09-29 18:44:44.546 [info] Got 1 sessions for ...
2025-09-29 18:44:44.546 [info] Getting sessions for all scopes...
2025-09-29 18:44:44.546 [info] Got 1 sessions for ...
2025-09-29 18:44:44.547 [info] Getting sessions for all scopes...
2025-09-29 18:44:44.547 [info] Got 1 sessions for ...
2025-09-29 18:44:46.129 [info] fetching: Electron fetch failed with status: 429 
2025-09-29 18:44:46.313 [info] Getting sessions for read:user,repo,user:email,workflow...
2025-09-29 18:44:46.313 [info] Got 0 sessions for read:user,repo,user:email,workflow...
2025-09-29 18:44:46.977 [info] fetching: Node fetch failed with status: 429 Too Many Requests
2025-09-29 18:44:55.555 [info] Getting sessions for user:email...
2025-09-29 18:44:55.555 [info] Got 1 sessions for user:email...
2025-09-29 18:44:55.596 [info] Getting sessions for all scopes...
2025-09-29 18:44:55.596 [info] Got 1 sessions for ...
2025-09-29 18:44:55.637 [info] Getting sessions for all scopes...
2025-09-29 18:44:55.637 [info] Got 1 sessions for ...
2025-09-29 18:44:55.637 [info] Getting sessions for all scopes...
2025-09-29 18:44:55.637 [info] Got 1 sessions for ...
2025-09-29 18:44:55.638 [info] Getting sessions for all scopes...
2025-09-29 18:44:55.638 [info] Got 1 sessions for ...
2025-09-29 18:44:56.244 [info] fetching: Node http/s failed with status: 429 Too Many Requests
2025-09-29 18:44:56.939 [info] Getting sessions for read:user,repo,user:email...
2025-09-29 18:44:56.939 [info] Got 0 sessions for read:user,repo,user:email...
2025-09-29 18:44:56.940 [info] Getting sessions for all scopes...
2025-09-29 18:44:56.940 [info] Got 1 sessions for ...
2025-09-29 18:44:56.940 [info] Getting sessions for all scopes...
2025-09-29 18:44:56.940 [info] Got 1 sessions for ...
2025-09-29 18:44:57.056 [info] Getting sessions for all scopes...
2025-09-29 18:44:57.056 [info] Got 1 sessions for ...
2025-09-29 18:44:58.346 [info] Getting sessions for all scopes...
2025-09-29 18:44:58.346 [info] Got 1 sessions for ...
2025-09-29 18:44:58.359 [info] Getting sessions for read:user,repo,user:email,workflow...
2025-09-29 18:44:58.363 [info] Got 0 sessions for read:user,repo,user:email,workflow...
2025-09-29 18:44:59.184 [info] Getting sessions for all scopes...
2025-09-29 18:44:59.184 [info] Got 1 sessions for ...
2025-09-29 18:44:59.377 [info] Getting sessions for all scopes...
2025-09-29 18:44:59.377 [info] Got 1 sessions for ...
2025-09-29 18:44:59.377 [info] Getting sessions for read:user,repo,user:email,workflow...
2025-09-29 18:44:59.377 [info] Got 0 sessions for read:user,repo,user:email,workflow...
2025-09-29 18:44:59.544 [info] Getting sessions for user:email...
2025-09-29 18:44:59.544 [info] Got 1 sessions for user:email...
2025-09-29 18:44:59.545 [info] Getting sessions for read:user,repo,user:email,workflow...
2025-09-29 18:44:59.545 [info] Got 0 sessions for read:user,repo,user:email,workflow...
2025-09-29 18:44:59.807 [info] Getting sessions for all scopes...
2025-09-29 18:44:59.807 [info] Got 1 sessions for ...
2025-09-29 18:44:59.834 [info] Getting sessions for read:user...
2025-09-29 18:44:59.834 [info] Got 0 sessions for read:user...
2025-09-29 18:44:59.835 [info] Getting sessions for all scopes...
2025-09-29 18:44:59.835 [info] Got 1 sessions for ...
2025-09-29 18:44:59.839 [info] Getting sessions for user:email...
2025-09-29 18:44:59.839 [info] Got 1 sessions for user:email...
2025-09-29 18:44:59.886 [info] Getting sessions for all scopes...
2025-09-29 18:44:59.886 [info] Got 1 sessions for ...
2025-09-29 18:44:59.888 [info] Getting sessions for read:user,repo,user:email...
2025-09-29 18:44:59.888 [info] Got 0 sessions for read:user,repo,user:email...
2025-09-29 18:44:59.936 [info] Getting sessions for user:email...
2025-09-29 18:44:59.936 [info] Got 1 sessions for user:email...
2025-09-29 18:44:59.943 [info] Getting sessions for read:user,repo,user:email,workflow...
2025-09-29 18:44:59.943 [info] Got 0 sessions for read:user,repo,user:email,workflow...
2025-09-29 18:45:00.255 [info] Getting sessions for all scopes...
2025-09-29 18:45:00.255 [info] Got 1 sessions for ...
2025-09-29 18:45:00.367 [info] Getting sessions for user:email...
2025-09-29 18:45:00.367 [info] Got 1 sessions for user:email...
2025-09-29 18:45:00.540 [info] Getting sessions for read:user,repo,user:email,workflow...
2025-09-29 18:45:00.540 [info] Got 0 sessions for read:user,repo,user:email,workflow...
2025-09-29 18:45:00.613 [info] Getting sessions for user:email...
2025-09-29 18:45:00.613 [info] Got 1 sessions for user:email...
2025-09-29 18:45:00.646 [info] Getting sessions for all scopes...
2025-09-29 18:45:00.646 [info] Got 1 sessions for ...
2025-09-29 18:45:00.651 [info] Getting sessions for read:user,repo,user:email,workflow...
2025-09-29 18:45:00.652 [info] Got 0 sessions for read:user,repo,user:email,workflow...
2025-09-29 18:45:00.658 [info] Getting sessions for read:user,repo,user:email,workflow...
2025-09-29 18:45:00.658 [info] Got 0 sessions for read:user,repo,user:email,workflow...
2025-09-29 18:45:00.699 [info] Getting sessions for all scopes...
2025-09-29 18:45:00.699 [info] Got 1 sessions for ...
2025-09-29 18:45:00.714 [info] Getting sessions for read:user,repo,user:email,workflow...
2025-09-29 18:45:00.714 [info] Got 0 sessions for read:user,repo,user:email,workflow...
2025-09-29 18:45:00.732 [info] Getting sessions for user:email...
2025-09-29 18:45:00.741 [info] Got 1 sessions for user:email...
2025-09-29 18:45:00.967 [info] Getting sessions for all scopes...
2025-09-29 18:45:00.967 [info] Got 1 sessions for ...
2025-09-29 18:45:00.968 [info] Getting sessions for all scopes...
2025-09-29 18:45:00.968 [info] Got 1 sessions for ...
2025-09-29 18:45:00.993 [info] Getting sessions for read:user,repo,user:email,workflow...
2025-09-29 18:45:00.993 [info] Got 0 sessions for read:user,repo,user:email,workflow...
2025-09-29 18:45:00.996 [info] Getting sessions for user:email...
2025-09-29 18:45:00.996 [info] Got 1 sessions for user:email...
2025-09-29 18:45:00.997 [info] Getting sessions for read:user,repo,user:email,workflow...
2025-09-29 18:45:00.997 [info] Got 0 sessions for read:user,repo,user:email,workflow...
2025-09-29 18:45:01.003 [info] Getting sessions for all scopes...
2025-09-29 18:45:01.003 [info] Got 1 sessions for ...
2025-09-29 18:45:01.010 [info] Getting sessions for read:user,repo,user:email,workflow...
2025-09-29 18:45:01.010 [info] Got 0 sessions for read:user,repo,user:email,workflow...
2025-09-29 18:45:01.012 [info] Getting sessions for user:email...
2025-09-29 18:45:01.012 [info] Got 1 sessions for user:email...
2025-09-29 18:45:01.283 [info] Getting sessions for all scopes...
2025-09-29 18:45:01.284 [info] Got 1 sessions for ...
2025-09-29 18:45:01.290 [info] Getting sessions for all scopes...
2025-09-29 18:45:01.290 [info] Got 1 sessions for ...
2025-09-29 18:45:01.518 [info] Getting sessions for read:user,repo,user:email,workflow...
2025-09-29 18:45:01.518 [info] Got 0 sessions for read:user,repo,user:email,workflow...
2025-09-29 18:45:01.590 [info] Getting sessions for user:email...
2025-09-29 18:45:01.590 [info] Got 1 sessions for user:email...
2025-09-29 18:45:01.592 [info] Getting sessions for read:user,repo,user:email,workflow...
2025-09-29 18:45:01.592 [info] Got 0 sessions for read:user,repo,user:email,workflow...
2025-09-29 18:45:01.670 [info] Getting sessions for all scopes...
2025-09-29 18:45:01.670 [info] Got 1 sessions for ...
2025-09-29 18:45:01.706 [info] Getting sessions for all scopes...
2025-09-29 18:45:01.706 [info] Got 1 sessions for ...
2025-09-29 18:45:01.708 [info] Getting sessions for all scopes...
2025-09-29 18:45:01.708 [info] Got 1 sessions for ...
2025-09-29 18:45:01.711 [info] Getting sessions for read:user,repo,user:email,workflow...
2025-09-29 18:45:01.711 [info] Got 0 sessions for read:user,repo,user:email,workflow...
2025-09-29 18:45:01.714 [info] Getting sessions for user:email...
2025-09-29 18:45:01.714 [info] Got 1 sessions for user:email...
2025-09-29 18:45:01.717 [info] Getting sessions for all scopes...
2025-09-29 18:45:01.717 [info] Got 1 sessions for ...
2025-09-29 18:45:01.720 [info] Getting sessions for read:user,repo,user:email,workflow...
2025-09-29 18:45:01.720 [info] Got 0 sessions for read:user,repo,user:email,workflow...
2025-09-29 18:45:01.722 [info] Getting sessions for user:email...
2025-09-29 18:45:01.722 [info] Got 1 sessions for user:email...
2025-09-29 18:45:03.193 [info] Getting sessions for all scopes...
2025-09-29 18:45:03.193 [info] Got 1 sessions for ...
2025-10-01 09:18:07.313 [info] Getting sessions for read:user,repo,user:email...
2025-10-01 09:18:07.317 [info] Got 0 sessions for read:user,repo,user:email...
