2025-09-05 19:38:33.564 [info] Reading sessions from keychain...
2025-09-05 19:38:33.564 [info] Getting sessions for all scopes...
2025-09-05 19:38:34.246 [info] Got stored sessions!
2025-09-05 19:38:34.246 [info] Got 1 verified sessions.
2025-09-05 19:38:34.246 [info] Got 1 sessions for ...
2025-09-05 19:38:34.247 [info] Getting sessions for all scopes...
2025-09-05 19:38:34.247 [info] Got 1 sessions for ...
2025-09-05 19:38:34.247 [info] Getting sessions for all scopes...
2025-09-05 19:38:34.247 [info] Got 1 sessions for ...
2025-09-05 19:38:34.247 [info] Getting sessions for all scopes...
2025-09-05 19:38:34.247 [info] Got 1 sessions for ...
2025-09-05 19:38:34.247 [info] Getting sessions for all scopes...
2025-09-05 19:38:34.247 [info] Got 1 sessions for ...
2025-09-05 19:38:34.247 [info] Getting sessions for all scopes...
2025-09-05 19:38:34.247 [info] Got 1 sessions for ...
2025-09-05 19:38:34.247 [info] Getting sessions for all scopes...
2025-09-05 19:38:34.248 [info] Got 1 sessions for ...
2025-09-05 19:38:34.982 [info] Getting sessions for all scopes...
2025-09-05 19:38:34.982 [info] Got 1 sessions for ...
2025-09-05 19:38:34.982 [info] Getting sessions for all scopes...
2025-09-05 19:38:34.983 [info] Got 1 sessions for ...
2025-09-05 19:38:34.983 [info] Getting sessions for all scopes...
2025-09-05 19:38:34.983 [info] Got 1 sessions for ...
2025-09-05 19:38:34.983 [info] Getting sessions for all scopes...
2025-09-05 19:38:34.984 [info] Got 1 sessions for ...
2025-09-05 19:38:34.984 [info] Getting sessions for all scopes...
2025-09-05 19:38:34.984 [info] Got 1 sessions for ...
2025-09-05 19:38:34.985 [info] Getting sessions for all scopes...
2025-09-05 19:38:34.985 [info] Got 1 sessions for ...
2025-09-05 19:38:43.029 [info] Getting sessions for all scopes...
2025-09-05 19:38:43.029 [info] Got 1 sessions for ...
2025-09-05 19:38:43.499 [info] Getting sessions for user:email...
2025-09-05 19:38:43.499 [info] Got 1 sessions for user:email...
2025-09-05 19:38:43.643 [info] Getting sessions for all scopes...
2025-09-05 19:38:43.643 [info] Got 1 sessions for ...
2025-09-05 19:38:43.667 [info] Getting sessions for all scopes...
2025-09-05 19:38:43.667 [info] Got 1 sessions for ...
2025-09-05 19:38:43.667 [info] Getting sessions for all scopes...
2025-09-05 19:38:43.667 [info] Got 1 sessions for ...
2025-09-05 19:38:43.668 [info] Getting sessions for all scopes...
2025-09-05 19:38:43.668 [info] Got 1 sessions for ...
2025-09-05 19:38:45.267 [info] Getting sessions for read:user,repo,user:email...
2025-09-05 19:38:45.267 [info] Got 0 sessions for read:user,repo,user:email...
2025-09-05 19:38:45.267 [info] Getting sessions for all scopes...
2025-09-05 19:38:45.267 [info] Got 1 sessions for ...
2025-09-05 19:38:45.268 [info] Getting sessions for all scopes...
2025-09-05 19:38:45.268 [info] Got 1 sessions for ...
2025-09-05 19:38:45.269 [info] Getting sessions for all scopes...
2025-09-05 19:38:45.269 [info] Got 1 sessions for ...
2025-09-05 19:38:46.746 [info] Getting sessions for all scopes...
2025-09-05 19:38:46.746 [info] Got 1 sessions for ...
2025-09-05 19:38:46.877 [info] Getting sessions for all scopes...
2025-09-05 19:38:46.877 [info] Got 1 sessions for ...
2025-09-05 19:38:46.878 [info] Getting sessions for read:user,repo,user:email,workflow...
2025-09-05 19:38:46.878 [info] Got 0 sessions for read:user,repo,user:email,workflow...
2025-09-05 19:38:46.902 [info] Getting sessions for read:user,repo,user:email,workflow...
2025-09-05 19:38:46.903 [info] Got 0 sessions for read:user,repo,user:email,workflow...
2025-09-05 19:38:47.185 [info] Getting sessions for read:user...
2025-09-05 19:38:47.185 [info] Got 0 sessions for read:user...
2025-09-05 19:38:47.186 [info] Getting sessions for user:email...
2025-09-05 19:38:47.186 [info] Got 1 sessions for user:email...
2025-09-05 19:38:47.186 [info] Getting sessions for read:user,repo,user:email,workflow...
2025-09-05 19:38:47.186 [info] Got 0 sessions for read:user,repo,user:email,workflow...
2025-09-05 19:38:48.479 [info] Getting sessions for user:email...
2025-09-05 19:38:48.479 [info] Got 1 sessions for user:email...
2025-09-05 19:38:48.480 [info] Getting sessions for all scopes...
2025-09-05 19:38:48.480 [info] Got 1 sessions for ...
2025-09-05 19:38:48.481 [info] Getting sessions for all scopes...
2025-09-05 19:38:48.481 [info] Got 1 sessions for ...
2025-09-05 19:38:48.922 [info] Getting sessions for read:user,repo,user:email,workflow...
2025-09-05 19:38:48.923 [info] Got 0 sessions for read:user,repo,user:email,workflow...
2025-09-05 19:38:48.976 [info] Getting sessions for user:email...
2025-09-05 19:38:48.976 [info] Got 1 sessions for user:email...
2025-09-05 19:38:49.882 [info] Getting sessions for all scopes...
2025-09-05 19:38:49.882 [info] Got 1 sessions for ...
2025-09-05 19:38:49.891 [info] Getting sessions for read:user,repo,user:email,workflow...
2025-09-05 19:38:49.891 [info] Got 0 sessions for read:user,repo,user:email,workflow...
2025-09-05 19:38:49.894 [info] Getting sessions for user:email...
2025-09-05 19:38:49.894 [info] Got 1 sessions for user:email...
2025-09-05 19:38:51.673 [info] Getting sessions for all scopes...
2025-09-05 19:38:51.673 [info] Got 1 sessions for ...
2025-09-05 19:38:51.674 [info] Getting sessions for all scopes...
2025-09-05 19:38:51.674 [info] Got 1 sessions for ...
2025-09-05 19:38:51.950 [info] Getting sessions for read:user,repo,user:email,workflow...
2025-09-05 19:38:51.950 [info] Got 0 sessions for read:user,repo,user:email,workflow...
2025-09-05 19:38:52.143 [info] Getting sessions for user:email...
2025-09-05 19:38:52.143 [info] Got 1 sessions for user:email...
2025-09-05 19:38:52.153 [info] Getting sessions for read:user,repo,user:email,workflow...
2025-09-05 19:38:52.153 [info] Got 0 sessions for read:user,repo,user:email,workflow...
2025-09-05 19:38:52.194 [info] Getting sessions for all scopes...
2025-09-05 19:38:52.194 [info] Got 1 sessions for ...
2025-09-05 19:38:52.296 [info] Getting sessions for read:user,repo,user:email,workflow...
2025-09-05 19:38:52.296 [info] Got 0 sessions for read:user,repo,user:email,workflow...
2025-09-05 19:38:52.319 [info] Getting sessions for user:email...
2025-09-05 19:38:52.319 [info] Got 1 sessions for user:email...
2025-09-05 19:38:52.952 [info] Getting sessions for all scopes...
2025-09-05 19:38:52.953 [info] Got 1 sessions for ...
2025-09-05 19:38:52.963 [info] Getting sessions for all scopes...
2025-09-05 19:38:52.963 [info] Got 1 sessions for ...
2025-09-05 19:38:53.251 [info] Getting sessions for read:user,repo,user:email,workflow...
2025-09-05 19:38:53.251 [info] Got 0 sessions for read:user,repo,user:email,workflow...
2025-09-05 19:38:53.290 [info] Getting sessions for user:email...
2025-09-05 19:38:53.290 [info] Got 1 sessions for user:email...
2025-09-05 19:38:53.291 [info] Getting sessions for read:user,repo,user:email,workflow...
2025-09-05 19:38:53.291 [info] Got 0 sessions for read:user,repo,user:email,workflow...
2025-09-05 19:38:53.332 [info] Getting sessions for all scopes...
2025-09-05 19:38:53.332 [info] Got 1 sessions for ...
2025-09-05 19:38:53.336 [info] Getting sessions for all scopes...
2025-09-05 19:38:53.336 [info] Got 1 sessions for ...
2025-09-05 19:38:53.336 [info] Getting sessions for all scopes...
2025-09-05 19:38:53.336 [info] Got 1 sessions for ...
2025-09-05 19:38:53.368 [info] Getting sessions for read:user,repo,user:email,workflow...
2025-09-05 19:38:53.368 [info] Got 0 sessions for read:user,repo,user:email,workflow...
2025-09-05 19:38:53.375 [info] Getting sessions for user:email...
2025-09-05 19:38:53.375 [info] Got 1 sessions for user:email...
2025-09-05 19:38:54.817 [info] Getting sessions for all scopes...
2025-09-05 19:38:54.817 [info] Got 1 sessions for ...
2025-09-05 19:38:57.148 [info] Getting sessions for all scopes...
2025-09-05 19:38:57.148 [info] Got 1 sessions for ...
2025-09-05 19:38:57.164 [info] Getting sessions for read:user,repo,user:email,workflow...
2025-09-05 19:38:57.164 [info] Got 0 sessions for read:user,repo,user:email,workflow...
2025-09-05 19:38:57.167 [info] Getting sessions for user:email...
2025-09-05 19:38:57.167 [info] Got 1 sessions for user:email...
2025-09-05 19:38:57.586 [info] Getting sessions for all scopes...
2025-09-05 19:38:57.586 [info] Got 1 sessions for ...
2025-09-05 19:38:57.618 [info] Getting sessions for read:user,repo,user:email,workflow...
2025-09-05 19:38:57.618 [info] Got 0 sessions for read:user,repo,user:email,workflow...
2025-09-05 19:38:57.650 [info] Getting sessions for user:email...
2025-09-05 19:38:57.650 [info] Got 1 sessions for user:email...
2025-09-05 19:38:58.083 [info] Getting sessions for all scopes...
2025-09-05 19:38:58.083 [info] Got 1 sessions for ...
2025-09-05 19:38:58.086 [info] Getting sessions for read:user,repo,user:email,workflow...
2025-09-05 19:38:58.086 [info] Got 0 sessions for read:user,repo,user:email,workflow...
2025-09-05 19:38:58.115 [info] Getting sessions for user:email...
2025-09-05 19:38:58.115 [info] Got 1 sessions for user:email...
2025-09-05 19:39:14.195 [info] Getting sessions for all scopes...
2025-09-05 19:39:14.195 [info] Got 1 sessions for ...
2025-09-05 19:39:14.198 [info] Getting sessions for read:user,repo,user:email,workflow...
2025-09-05 19:39:14.198 [info] Got 0 sessions for read:user,repo,user:email,workflow...
2025-09-05 19:39:14.199 [info] Getting sessions for user:email...
2025-09-05 19:39:14.199 [info] Got 1 sessions for user:email...
2025-09-05 19:39:16.101 [info] Getting sessions for all scopes...
2025-09-05 19:39:16.101 [info] Got 1 sessions for ...
2025-09-05 19:39:16.105 [info] Getting sessions for read:user,repo,user:email,workflow...
2025-09-05 19:39:16.105 [info] Got 0 sessions for read:user,repo,user:email,workflow...
2025-09-05 19:39:16.109 [info] Getting sessions for user:email...
2025-09-05 19:39:16.109 [info] Got 1 sessions for user:email...
2025-09-05 19:39:16.669 [info] Getting sessions for all scopes...
2025-09-05 19:39:16.669 [info] Got 1 sessions for ...
2025-09-05 19:39:16.671 [info] Getting sessions for read:user,repo,user:email,workflow...
2025-09-05 19:39:16.671 [info] Got 0 sessions for read:user,repo,user:email,workflow...
2025-09-05 19:39:16.673 [info] Getting sessions for user:email...
2025-09-05 19:39:16.674 [info] Got 1 sessions for user:email...
2025-09-05 19:39:30.565 [info] Getting sessions for all scopes...
2025-09-05 19:39:30.565 [info] Got 1 sessions for ...
2025-09-05 19:39:30.569 [info] Getting sessions for read:user,repo,user:email,workflow...
2025-09-05 19:39:30.570 [info] Got 0 sessions for read:user,repo,user:email,workflow...
2025-09-05 19:39:30.572 [info] Getting sessions for user:email...
2025-09-05 19:39:30.572 [info] Got 1 sessions for user:email...
2025-09-05 19:39:43.120 [info] Reading sessions from keychain...
2025-09-05 19:39:43.120 [info] Getting sessions for all scopes...
2025-09-05 19:39:43.952 [info] Got stored sessions!
2025-09-05 19:39:43.952 [info] Got 1 verified sessions.
2025-09-05 19:39:43.953 [info] Got 1 sessions for ...
2025-09-05 19:39:43.953 [info] Getting sessions for all scopes...
2025-09-05 19:39:43.953 [info] Got 1 sessions for ...
2025-09-05 19:39:43.953 [info] Getting sessions for all scopes...
2025-09-05 19:39:43.953 [info] Got 1 sessions for ...
2025-09-05 19:39:43.954 [info] Getting sessions for all scopes...
2025-09-05 19:39:43.954 [info] Got 1 sessions for ...
2025-09-05 19:39:43.954 [info] Getting sessions for all scopes...
2025-09-05 19:39:43.954 [info] Got 1 sessions for ...
2025-09-05 19:39:43.954 [info] Getting sessions for all scopes...
2025-09-05 19:39:43.954 [info] Got 1 sessions for ...
2025-09-05 19:39:43.955 [info] Getting sessions for all scopes...
2025-09-05 19:39:43.955 [info] Got 1 sessions for ...
2025-09-05 19:39:43.955 [info] Getting sessions for all scopes...
2025-09-05 19:39:43.955 [info] Got 1 sessions for ...
2025-09-05 19:39:43.955 [info] Getting sessions for all scopes...
2025-09-05 19:39:43.955 [info] Got 1 sessions for ...
2025-09-05 19:39:43.956 [info] Getting sessions for all scopes...
2025-09-05 19:39:43.956 [info] Got 1 sessions for ...
2025-09-05 19:39:43.956 [info] Getting sessions for all scopes...
2025-09-05 19:39:43.956 [info] Got 1 sessions for ...
2025-09-05 19:39:44.360 [info] Getting sessions for all scopes...
2025-09-05 19:39:44.360 [info] Got 1 sessions for ...
2025-09-05 19:39:44.369 [info] Getting sessions for all scopes...
2025-09-05 19:39:44.369 [info] Got 1 sessions for ...
2025-09-05 19:39:44.371 [info] Getting sessions for all scopes...
2025-09-05 19:39:44.371 [info] Got 1 sessions for ...
2025-09-05 19:39:44.371 [info] Getting sessions for all scopes...
2025-09-05 19:39:44.372 [info] Got 1 sessions for ...
2025-09-05 19:39:44.372 [info] Getting sessions for all scopes...
2025-09-05 19:39:44.372 [info] Got 1 sessions for ...
2025-09-05 19:39:44.372 [info] Getting sessions for all scopes...
2025-09-05 19:39:44.372 [info] Got 1 sessions for ...
2025-09-05 19:39:51.474 [info] Getting sessions for read:user,repo,user:email,workflow...
2025-09-05 19:39:51.474 [info] Got 0 sessions for read:user,repo,user:email,workflow...
2025-09-05 19:39:52.006 [info] Getting sessions for user:email...
2025-09-05 19:39:52.006 [info] Got 1 sessions for user:email...
2025-09-05 19:39:52.030 [info] Getting sessions for all scopes...
2025-09-05 19:39:52.030 [info] Got 1 sessions for ...
2025-09-05 19:39:52.056 [info] Getting sessions for all scopes...
2025-09-05 19:39:52.056 [info] Got 1 sessions for ...
2025-09-05 19:39:52.057 [info] Getting sessions for all scopes...
2025-09-05 19:39:52.057 [info] Got 1 sessions for ...
2025-09-05 19:39:52.057 [info] Getting sessions for all scopes...
2025-09-05 19:39:52.057 [info] Got 1 sessions for ...
2025-09-05 19:39:52.763 [info] Getting sessions for read:user,repo,user:email...
2025-09-05 19:39:52.763 [info] Got 0 sessions for read:user,repo,user:email...
2025-09-05 19:39:52.810 [info] Getting sessions for all scopes...
2025-09-05 19:39:52.810 [info] Got 1 sessions for ...
2025-09-05 19:39:52.946 [info] Getting sessions for user:email...
2025-09-05 19:39:52.946 [info] Got 1 sessions for user:email...
2025-09-05 19:39:52.947 [info] Getting sessions for read:user,repo,user:email,workflow...
2025-09-05 19:39:52.947 [info] Got 0 sessions for read:user,repo,user:email,workflow...
2025-09-05 19:39:53.989 [info] Getting sessions for all scopes...
2025-09-05 19:39:53.989 [info] Got 1 sessions for ...
2025-09-05 19:39:54.071 [info] Getting sessions for all scopes...
2025-09-05 19:39:54.071 [info] Got 1 sessions for ...
2025-09-05 19:39:54.072 [info] Getting sessions for all scopes...
2025-09-05 19:39:54.072 [info] Got 1 sessions for ...
2025-09-05 19:39:54.102 [info] Getting sessions for all scopes...
2025-09-05 19:39:54.102 [info] Got 1 sessions for ...
2025-09-05 19:39:54.103 [info] Getting sessions for read:user,repo,user:email,workflow...
2025-09-05 19:39:54.103 [info] Got 0 sessions for read:user,repo,user:email,workflow...
2025-09-05 19:39:54.249 [info] Getting sessions for read:user,repo,user:email,workflow...
2025-09-05 19:39:54.249 [info] Got 0 sessions for read:user,repo,user:email,workflow...
2025-09-05 19:39:54.250 [info] Getting sessions for read:user...
2025-09-05 19:39:54.250 [info] Got 0 sessions for read:user...
2025-09-05 19:39:54.533 [info] Getting sessions for user:email...
2025-09-05 19:39:54.534 [info] Got 1 sessions for user:email...
2025-09-05 19:39:54.536 [info] Getting sessions for user:email...
2025-09-05 19:39:54.536 [info] Got 1 sessions for user:email...
2025-09-05 19:39:55.855 [info] Getting sessions for all scopes...
2025-09-05 19:39:55.855 [info] Got 1 sessions for ...
2025-09-05 19:39:55.857 [info] Getting sessions for all scopes...
2025-09-05 19:39:55.857 [info] Got 1 sessions for ...
2025-09-05 19:39:55.975 [info] Getting sessions for read:user,repo,user:email,workflow...
2025-09-05 19:39:55.975 [info] Got 0 sessions for read:user,repo,user:email,workflow...
2025-09-05 19:39:56.009 [info] Getting sessions for user:email...
2025-09-05 19:39:56.009 [info] Got 1 sessions for user:email...
2025-09-05 19:39:56.010 [info] Getting sessions for read:user,repo,user:email,workflow...
2025-09-05 19:39:56.010 [info] Got 0 sessions for read:user,repo,user:email,workflow...
2025-09-05 19:39:56.032 [info] Getting sessions for all scopes...
2025-09-05 19:39:56.032 [info] Got 1 sessions for ...
2025-09-05 19:39:56.052 [info] Getting sessions for read:user,repo,user:email,workflow...
2025-09-05 19:39:56.052 [info] Got 0 sessions for read:user,repo,user:email,workflow...
2025-09-05 19:39:57.161 [info] Getting sessions for user:email...
2025-09-05 19:39:57.162 [info] Got 1 sessions for user:email...
2025-09-05 19:39:58.019 [info] Getting sessions for all scopes...
2025-09-05 19:39:58.019 [info] Got 1 sessions for ...
2025-09-05 19:39:58.019 [info] Getting sessions for all scopes...
2025-09-05 19:39:58.019 [info] Got 1 sessions for ...
2025-09-05 19:39:58.237 [info] Getting sessions for read:user,repo,user:email,workflow...
2025-09-05 19:39:58.237 [info] Got 0 sessions for read:user,repo,user:email,workflow...
2025-09-05 19:39:58.298 [info] Getting sessions for user:email...
2025-09-05 19:39:58.298 [info] Got 1 sessions for user:email...
2025-09-05 19:39:58.339 [info] Getting sessions for read:user,repo,user:email,workflow...
2025-09-05 19:39:58.339 [info] Got 0 sessions for read:user,repo,user:email,workflow...
2025-09-05 19:39:58.863 [info] Getting sessions for all scopes...
2025-09-05 19:39:58.864 [info] Got 1 sessions for ...
2025-09-05 19:39:58.920 [info] Getting sessions for all scopes...
2025-09-05 19:39:58.920 [info] Got 1 sessions for ...
2025-09-05 19:39:58.939 [info] Getting sessions for all scopes...
2025-09-05 19:39:58.939 [info] Got 1 sessions for ...
2025-09-05 19:39:58.972 [info] Getting sessions for read:user,repo,user:email,workflow...
2025-09-05 19:39:58.972 [info] Got 0 sessions for read:user,repo,user:email,workflow...
2025-09-05 19:39:58.978 [info] Getting sessions for user:email...
2025-09-05 19:39:58.978 [info] Got 1 sessions for user:email...
2025-09-05 19:39:59.001 [info] Getting sessions for all scopes...
2025-09-05 19:39:59.001 [info] Got 1 sessions for ...
2025-09-05 19:40:11.183 [info] Getting sessions for all scopes...
2025-09-05 19:40:11.183 [info] Got 1 sessions for ...
2025-09-05 19:40:11.185 [info] Getting sessions for read:user,repo,user:email,workflow...
2025-09-05 19:40:11.185 [info] Got 0 sessions for read:user,repo,user:email,workflow...
2025-09-05 19:40:11.187 [info] Getting sessions for user:email...
2025-09-05 19:40:11.187 [info] Got 1 sessions for user:email...
