2025-09-29 18:42:03.577 [info] [main] Log level: Info
2025-09-29 18:42:03.577 [info] [main] Validating found git in: "git"
2025-09-29 18:42:03.577 [info] [main] Using git "2.47.3" from "git"
2025-09-29 18:42:03.577 [info] [Model][doInitialScan] Initial repository scan started
2025-09-29 18:42:03.577 [info] > git rev-parse --show-toplevel [3ms]
2025-09-29 18:42:03.577 [info] > git rev-parse --git-dir --git-common-dir --show-superproject-working-tree [4ms]
2025-09-29 18:42:03.577 [info] [Model][openRepository] Opened repository (path): /home/nathan/ADC-compile-from-source
2025-09-29 18:42:03.577 [info] [Model][openRepository] Opened repository (real path): /home/nathan/ADC-compile-from-source
2025-09-29 18:42:03.577 [info] [Model][openRepository] Opened repository (kind): repository
2025-09-29 18:42:03.577 [info] > git config --get commit.template [7ms]
2025-09-29 18:42:03.577 [info] > git rev-parse --show-toplevel [2ms]
2025-09-29 18:42:03.577 [info] > git rev-parse --show-toplevel [6ms]
2025-09-29 18:42:03.577 [info] > git for-each-ref --format=%(refname)%00%(upstream:short)%00%(objectname)%00%(upstream:track)%00%(upstream:remotename)%00%(upstream:remoteref) refs/heads/main refs/remotes/main [17ms]
2025-09-29 18:42:03.577 [info] > git rev-parse --show-toplevel [1ms]
2025-09-29 18:42:03.577 [info] > git rev-parse --show-toplevel [6ms]
2025-09-29 18:42:03.577 [info] > git status -z -uall [29ms]
2025-09-29 18:42:03.577 [info] > git for-each-ref --sort -committerdate --format %(refname)%00%(objectname)%00%(*objectname) [12ms]
2025-09-29 18:42:03.577 [info] > git for-each-ref --format=%(refname)%00%(upstream:short)%00%(objectname)%00%(upstream:track)%00%(upstream:remotename)%00%(upstream:remoteref) refs/heads/main refs/remotes/main [18ms]
2025-09-29 18:42:03.577 [info] > git rev-parse --show-toplevel [84ms]
2025-09-29 18:42:03.577 [info] > git config --get commit.template [26ms]
2025-09-29 18:42:03.577 [info] > git rev-parse --show-toplevel [5ms]
2025-09-29 18:42:03.577 [info] [Model][doInitialScan] Initial repository scan completed - repositories (1), closed repositories (0), parent repositories (0), unsafe repositories (0)
2025-09-29 18:42:03.577 [info] > git config --get --local branch.main.vscode-merge-base [22ms]
2025-09-29 18:42:03.577 [info] > git for-each-ref --format=%(refname)%00%(upstream:short)%00%(objectname)%00%(upstream:track)%00%(upstream:remotename)%00%(upstream:remoteref) refs/heads/origin/main refs/remotes/origin/main [13ms]
2025-09-29 18:42:03.577 [info] > git merge-base refs/heads/main refs/remotes/origin/main [3ms]
2025-09-29 18:42:03.577 [info] > git for-each-ref --format=%(refname)%00%(upstream:short)%00%(objectname)%00%(upstream:track)%00%(upstream:remotename)%00%(upstream:remoteref) refs/heads/main refs/remotes/main [33ms]
2025-09-29 18:42:03.577 [info] > git diff --name-status -z --diff-filter=ADMR bb7ad52790687e721df0e4f0b86515848478cf31...refs/remotes/origin/main [5ms]
2025-09-29 18:42:03.577 [info] > git status -z -uall [14ms]
2025-09-29 18:42:03.577 [info] > git for-each-ref --sort -committerdate --format %(refname)%00%(objectname)%00%(*objectname) [30ms]
2025-09-29 18:42:03.577 [info] > git fetch [559ms]
2025-09-29 18:42:03.577 [info] > git config --get commit.template [27ms]
2025-09-29 18:42:03.578 [info] > git for-each-ref --format=%(refname)%00%(upstream:short)%00%(objectname)%00%(upstream:track)%00%(upstream:remotename)%00%(upstream:remoteref) refs/heads/main refs/remotes/main [3ms]
2025-09-29 18:42:03.597 [info] > git status -z -uall [10ms]
2025-09-29 18:42:03.599 [info] > git for-each-ref --sort -committerdate --format %(refname)%00%(objectname)%00%(*objectname) [4ms]
2025-09-29 18:42:04.217 [info] > git show --textconv :README.md [25ms]
2025-09-29 18:42:04.350 [info] > git check-ignore -v -z --stdin [112ms]
2025-09-29 18:42:04.353 [info] > git ls-files --stage -- README.md [142ms]
2025-09-29 18:42:04.420 [info] > git cat-file -s 3747de69481995bd4a29aee67c30eda369cd44c1 [56ms]
2025-09-29 18:42:05.040 [info] > git config --get commit.template [83ms]
2025-09-29 18:42:05.053 [info] > git ls-files --stage -- README.md [53ms]
2025-09-29 18:42:05.141 [info] > git for-each-ref --format=%(refname)%00%(upstream:short)%00%(objectname)%00%(upstream:track)%00%(upstream:remotename)%00%(upstream:remoteref) refs/heads/main refs/remotes/main [69ms]
2025-09-29 18:42:05.141 [info] > git cat-file -s 3747de69481995bd4a29aee67c30eda369cd44c1 [79ms]
2025-09-29 18:42:15.030 [info] > git status -z -uall [9808ms]
2025-09-29 18:42:15.030 [info] > git for-each-ref --sort -committerdate --format %(refname)%00%(objectname)%00%(*objectname) [9770ms]
2025-09-29 18:42:15.977 [info] > git show --textconv :README.md [929ms]
2025-09-29 18:42:17.998 [info] > git blame --root --incremental bb7ad52790687e721df0e4f0b86515848478cf31 -- README.md [879ms]
2025-09-29 18:42:20.657 [info] > git config --get commit.template [26ms]
2025-09-29 18:42:20.932 [info] > git for-each-ref --format=%(refname)%00%(upstream:short)%00%(objectname)%00%(upstream:track)%00%(upstream:remotename)%00%(upstream:remoteref) refs/heads/main refs/remotes/main [254ms]
2025-09-29 18:42:21.302 [info] > git status -z -uall [225ms]
2025-09-29 18:42:21.303 [info] > git for-each-ref --sort -committerdate --format %(refname)%00%(objectname)%00%(*objectname) [212ms]
2025-09-29 18:42:22.221 [info] > git config --get commit.template [7ms]
2025-09-29 18:42:22.258 [info] > git for-each-ref --format=%(refname)%00%(upstream:short)%00%(objectname)%00%(upstream:track)%00%(upstream:remotename)%00%(upstream:remoteref) refs/heads/main refs/remotes/main [4ms]
2025-09-29 18:42:22.353 [info] > git status -z -uall [66ms]
2025-09-29 18:42:22.354 [info] > git for-each-ref --sort -committerdate --format %(refname)%00%(objectname)%00%(*objectname) [47ms]
2025-09-29 18:43:35.493 [info] > git config --get commit.template [15ms]
2025-09-29 18:43:35.494 [info] > git for-each-ref --format=%(refname)%00%(upstream:short)%00%(objectname)%00%(upstream:track)%00%(upstream:remotename)%00%(upstream:remoteref) refs/heads/main refs/remotes/main [2ms]
2025-09-29 18:43:35.515 [info] > git status -z -uall [12ms]
2025-09-29 18:43:35.517 [info] > git for-each-ref --sort -committerdate --format %(refname)%00%(objectname)%00%(*objectname) [4ms]
2025-09-29 18:43:46.974 [info] > git config --get commit.template [23ms]
2025-09-29 18:43:47.000 [info] > git for-each-ref --format=%(refname)%00%(upstream:short)%00%(objectname)%00%(upstream:track)%00%(upstream:remotename)%00%(upstream:remoteref) refs/heads/main refs/remotes/main [28ms]
2025-09-29 18:43:47.028 [info] > git status -z -uall [15ms]
2025-09-29 18:43:47.028 [info] > git ls-files --stage -- README.md [29ms]
2025-09-29 18:43:47.040 [info] > git for-each-ref --sort -committerdate --format %(refname)%00%(objectname)%00%(*objectname) [13ms]
2025-09-29 18:43:47.107 [info] > git merge-base refs/heads/main refs/remotes/origin/main [12ms]
2025-09-29 18:43:47.117 [info] > git blame --root --incremental aff49cb815b8b24d4c2f2257eb4bd733c8e9ef6e -- README.md [50ms]
2025-09-29 18:43:47.122 [info] > git cat-file -s a125c98fb2d69f832388fd7e9a9992d778940885 [83ms]
2025-09-29 18:43:47.124 [info] > git diff --name-status -z --diff-filter=ADMR aff49cb815b8b24d4c2f2257eb4bd733c8e9ef6e...refs/remotes/origin/main [7ms]
2025-09-29 18:43:47.140 [info] > git show --textconv :README.md [2ms]
2025-09-29 18:43:52.127 [info] > git config --get commit.template [12ms]
2025-09-29 18:43:52.128 [info] > git for-each-ref --format=%(refname)%00%(upstream:short)%00%(objectname)%00%(upstream:track)%00%(upstream:remotename)%00%(upstream:remoteref) refs/heads/main refs/remotes/main [2ms]
2025-09-29 18:43:52.156 [info] > git status -z -uall [17ms]
2025-09-29 18:43:52.156 [info] > git for-each-ref --sort -committerdate --format %(refname)%00%(objectname)%00%(*objectname) [8ms]
