2025-09-28T20:36:55:413 [info]: PacProxyAgent not found
2025-09-28T20:36:55:416 [info]: [LogNetworkConfig] Network Configuration detected: {
      "http": {
        "proxy": "",
        "proxySupport": "override",
        "proxyAuthorization": null,
        "proxyStrictSSL": true,
        "noProxy": [],
        "electronFetch": false,
        "fetchAdditionalSupport": true,
        "experimental.systemCertificatesV2": false
      },
      "gitlab": {
        "ca": "",
        "cert": "",
        "certKey": "",
        "ignoreCertificateErrors": false
      }
    }
2025-09-28T20:37:03:540 [warning]: There is no GitLab account available. Sending empty credentials to GitLab Language Server
2025-09-28T20:37:03:570 [info]: handleRegisterCapability: {
      "id": "379165d5-68f6-4d67-a86e-158cdffa2bae",
      "method": "workspace/didChangeWatchedFiles",
      "registerOptions": {
        "watchers": [
          {
            "globPattern": "**/*"
          }
        ]
      }
    }
2025-09-28T20:37:03:682 [info]: Extracted urls: []
2025-09-28T20:37:03:684 [warning]: GitExtensionWrapper is missing repository for file:///home/nathan/ADC-compile-from-source
2025-09-28T20:37:03:686 [warning]: GitExtensionWrapper is missing repository for file:///home/nathan/ADC-compile-from-source
2025-09-28T20:37:03:693 [warning]: GitExtensionWrapper is missing repository for file:///home/nathan/ADC-compile-from-source
2025-09-28T20:37:03:693 [warning]: GitExtensionWrapper is missing repository for file:///home/nathan/ADC-compile-from-source
2025-09-28T20:37:03:693 [warning]: GitExtensionWrapper is missing repository for file:///home/nathan/ADC-compile-from-source
2025-09-28T20:37:03:693 [warning]: GitExtensionWrapper is missing repository for file:///home/nathan/ADC-compile-from-source
2025-09-28T20:37:03:694 [warning]: GitExtensionWrapper is missing repository for file:///home/nathan/ADC-compile-from-source
2025-09-28T20:37:03:694 [warning]: GitExtensionWrapper is missing repository for file:///home/nathan/ADC-compile-from-source
2025-09-28T20:37:03:694 [info]: Found 0 projects for urls: []
2025-09-28T20:37:03:699 [warning]: There is no GitLab account available. Sending empty credentials to GitLab Language Server
2025-09-28T20:37:03:842 [info]: Extracted urls: [
      "https://github.com/Mealman1551/ADC-compile-from-source.git"
    ]
2025-09-28T20:37:03:843 [info]: Found 0 projects for urls: [
      "https://github.com/Mealman1551/ADC-compile-from-source.git"
    ]
2025-09-28T20:37:03:844 [warning]: There is no GitLab account available. Sending empty credentials to GitLab Language Server
2025-09-28T20:45:30:708 [info]: Extracted urls: []
2025-09-28T20:45:30:850 [info]: Found 0 projects for urls: []
