2025-09-28T20:37:02:336 [info]: fetch: Detected no proxy settings
2025-09-28T20:37:02:406 [info]: [SupportedLanguageService] Initialized. Enabling the default Code Suggestions languages: c,cpp,csharp,go,haml,handlebars,java,javascript,javascriptreact,kotlin,python,php,ruby,rust,scala,shellscript,sql,swift,typescript,typescriptreact,svelte,terraform,terragrunt,vue
2025-09-28T20:37:02:988 [info]: GitLab Language Server is starting (v8.15.0)
2025-09-28T20:37:02:992 [info]: Applying 4 endpoints to connection.
2025-09-28T20:37:03:219 [info]: [HttpServer]: server listening on http://127.0.0.1:40863/
2025-09-28T20:37:03:224 [info]: GitLab Language Server has started
[Error - 20:37:03] (node:638207) [DEP0040] DeprecationWarning: The `punycode` module is deprecated. Please use a userland alternative instead.
(Use `code --trace-deprecation ...` to show where the warning was created)
2025-09-28T20:37:03:305 [warning]: Knowledge Graph binary (gkg) not found. Please ensure the Knowledge Graph binary is installed and available in your PATH.
2025-09-28T20:37:03:305 [warning]: Knowledge Graph binary (gkg) not found. Please ensure the Knowledge Graph binary is installed and available in your PATH.
2025-09-28T20:37:03:307 [warning]: Knowledge Graph binary (gkg) not found. Please ensure the Knowledge Graph binary is installed and available in your PATH.
2025-09-28T20:37:03:309 [warning]: Knowledge Graph binary (gkg) not found. Please ensure the Knowledge Graph binary is installed and available in your PATH.
2025-09-28T20:37:03:309 [warning]: Knowledge Graph binary (gkg) not found. Please ensure the Knowledge Graph binary is installed and available in your PATH.
[Error - 20:37:03] (node:638207) [FSTDPE022] FastifyWarning: The router options for ignoreTrailingSlash property access is deprecated. Please use "options.routerOptions" instead for accessing router options. The router options will be removed in `fastify@6`.
2025-09-28T20:37:03:539 [info]: [VirtualFileSystemService] Registering watchers
2025-09-28T20:37:03:610 [warning]: Knowledge Graph binary (gkg) not found. Please ensure the Knowledge Graph binary is installed and available in your PATH.
2025-09-28T20:39:26:580 [warning]: [RepositoryService] No matching repository found for file file:///home/nathan/ADC-compile-from-source/License%20for%20setup%201.1.rtf
2025-09-28T20:39:27:940 [warning]: [RepositoryService] No matching repository found for file file:///home/nathan/ADC-compile-from-source/License%20for%20setup%201.1.rtf
2025-09-28T20:39:45:636 [warning]: [RepositoryService] No matching repository found for file file:///home/nathan/ADC-compile-from-source/.git/FETCH_HEAD
2025-09-28T20:39:46:052 [warning]: [RepositoryService] No matching repository found for file file:///home/nathan/ADC-compile-from-source/.git/FETCH_HEAD
2025-09-28T20:42:46:097 [warning]: [RepositoryService] No matching repository found for file file:///home/nathan/ADC-compile-from-source/.git/FETCH_HEAD
2025-09-28T20:42:46:542 [warning]: [RepositoryService] No matching repository found for file file:///home/nathan/ADC-compile-from-source/.git/FETCH_HEAD
2025-09-28T20:45:07:008 [warning]: [RepositoryService] No matching repository found for file file:///home/nathan/ADC-compile-from-source/README.md
2025-09-28T20:45:07:010 [warning]: [RepositoryService] No matching repository found for file file:///home/nathan/ADC-compile-from-source/README.md
2025-09-28T20:45:11:691 [warning]: [RepositoryService] No matching repository found for file file:///home/nathan/ADC-compile-from-source/.git/index.lock
2025-09-28T20:45:11:692 [warning]: [RepositoryService] No matching repository found for file file:///home/nathan/ADC-compile-from-source/.git/index
2025-09-28T20:45:11:693 [warning]: [RepositoryService] No matching repository found for file file:///home/nathan/ADC-compile-from-source/.git/refs/heads/main
2025-09-28T20:45:11:693 [warning]: [RepositoryService] No matching repository found for file file:///home/nathan/ADC-compile-from-source/.git/COMMIT_EDITMSG
2025-09-28T20:45:11:695 [warning]: [RepositoryService] No matching repository found for file file:///home/nathan/ADC-compile-from-source/.git/index.lock
2025-09-28T20:45:13:695 [warning]: [RepositoryService] No matching repository found for file file:///home/nathan/ADC-compile-from-source/.git/refs/remotes/origin/main
2025-09-28T20:45:13:697 [warning]: [RepositoryService] No matching repository found for file file:///home/nathan/ADC-compile-from-source/.git/FETCH_HEAD
2025-09-28T20:45:14:085 [warning]: [RepositoryService] No matching repository found for file file:///home/nathan/ADC-compile-from-source/.git/FETCH_HEAD
2025-09-28T20:45:14:427 [warning]: [RepositoryService] No matching repository found for file file:///home/nathan/ADC-compile-from-source/.git/refs/remotes/origin/HEAD
