2025-09-29 18:42:01.519 [info] Reading sessions from keychain...
2025-09-29 18:42:01.519 [info] Getting sessions for all scopes...
2025-09-29 18:42:01.519 [info] Got stored sessions!
2025-09-29 18:42:01.519 [info] Got 1 verified sessions.
2025-09-29 18:42:01.519 [info] Got 1 sessions for ...
2025-09-29 18:42:01.519 [info] Getting sessions for all scopes...
2025-09-29 18:42:01.519 [info] Got 1 sessions for ...
2025-09-29 18:42:01.519 [info] Getting sessions for all scopes...
2025-09-29 18:42:01.519 [info] Got 1 sessions for ...
2025-09-29 18:42:01.519 [info] Getting sessions for all scopes...
2025-09-29 18:42:01.519 [info] Got 1 sessions for ...
2025-09-29 18:42:01.519 [info] Getting sessions for all scopes...
2025-09-29 18:42:01.519 [info] Got 1 sessions for ...
2025-09-29 18:42:01.519 [info] Getting sessions for all scopes...
2025-09-29 18:42:01.519 [info] Got 1 sessions for ...
2025-09-29 18:42:01.519 [info] Getting sessions for all scopes...
2025-09-29 18:42:01.519 [info] Got 1 sessions for ...
2025-09-29 18:42:02.496 [info] Getting sessions for all scopes...
2025-09-29 18:42:02.497 [info] Got 1 sessions for ...
2025-09-29 18:42:02.502 [info] Getting sessions for all scopes...
2025-09-29 18:42:02.502 [info] Got 1 sessions for ...
2025-09-29 18:42:02.503 [info] Getting sessions for all scopes...
2025-09-29 18:42:02.503 [info] Got 1 sessions for ...
2025-09-29 18:42:02.504 [info] Getting sessions for all scopes...
2025-09-29 18:42:02.504 [info] Got 1 sessions for ...
2025-09-29 18:42:02.540 [info] Getting sessions for all scopes...
2025-09-29 18:42:02.540 [info] Got 1 sessions for ...
2025-09-29 18:42:02.541 [info] Getting sessions for all scopes...
2025-09-29 18:42:02.541 [info] Got 1 sessions for ...
2025-09-29 18:42:03.736 [info] Getting sessions for read:user,repo,user:email,workflow...
2025-09-29 18:42:03.736 [info] Got 0 sessions for read:user,repo,user:email,workflow...
2025-09-29 18:42:04.132 [info] fetching: Electron fetch failed with status: 429 
2025-09-29 18:42:15.000 [info] fetching: Node fetch failed with status: 429 Too Many Requests
2025-09-29 18:42:15.399 [info] Getting sessions for all scopes...
2025-09-29 18:42:15.399 [info] Got 1 sessions for ...
2025-09-29 18:42:15.458 [info] Getting sessions for user:email...
2025-09-29 18:42:15.458 [info] Got 1 sessions for user:email...
2025-09-29 18:42:15.604 [info] Getting sessions for all scopes...
2025-09-29 18:42:15.604 [info] Got 1 sessions for ...
2025-09-29 18:42:16.570 [info] Getting sessions for read:user,repo,user:email...
2025-09-29 18:42:16.570 [info] Got 0 sessions for read:user,repo,user:email...
2025-09-29 18:42:16.572 [info] Getting sessions for all scopes...
2025-09-29 18:42:16.572 [info] Got 1 sessions for ...
2025-09-29 18:42:16.572 [info] Getting sessions for all scopes...
2025-09-29 18:42:16.572 [info] Got 1 sessions for ...
2025-09-29 18:42:17.554 [info] fetching: Node http/s failed with status: 429 Too Many Requests
2025-09-29 18:42:18.728 [info] Getting sessions for read:user,repo,user:email,workflow...
2025-09-29 18:42:18.728 [info] Got 0 sessions for read:user,repo,user:email,workflow...
2025-09-29 18:42:18.778 [info] Getting sessions for all scopes...
2025-09-29 18:42:18.778 [info] Got 1 sessions for ...
2025-09-29 18:42:18.856 [info] Getting sessions for all scopes...
2025-09-29 18:42:18.856 [info] Got 1 sessions for ...
2025-09-29 18:42:18.856 [info] Getting sessions for read:user,repo,user:email,workflow...
2025-09-29 18:42:18.856 [info] Got 0 sessions for read:user,repo,user:email,workflow...
2025-09-29 18:42:18.981 [info] Getting sessions for user:email...
2025-09-29 18:42:18.981 [info] Got 1 sessions for user:email...
2025-09-29 18:42:18.981 [info] Getting sessions for read:user,repo,user:email,workflow...
2025-09-29 18:42:18.981 [info] Got 0 sessions for read:user,repo,user:email,workflow...
2025-09-29 18:42:19.121 [info] Getting sessions for read:user...
2025-09-29 18:42:19.121 [info] Got 0 sessions for read:user...
2025-09-29 18:42:19.173 [info] Getting sessions for user:email...
2025-09-29 18:42:19.173 [info] Got 1 sessions for user:email...
2025-09-29 18:42:19.180 [info] Getting sessions for all scopes...
2025-09-29 18:42:19.180 [info] Got 1 sessions for ...
2025-09-29 18:42:19.181 [info] Getting sessions for read:user,repo,user:email...
2025-09-29 18:42:19.181 [info] Got 0 sessions for read:user,repo,user:email...
2025-09-29 18:42:20.539 [info] Getting sessions for user:email...
2025-09-29 18:42:20.539 [info] Got 1 sessions for user:email...
2025-09-29 18:42:20.612 [info] Getting sessions for read:user,repo,user:email,workflow...
2025-09-29 18:42:20.612 [info] Got 0 sessions for read:user,repo,user:email,workflow...
2025-09-29 18:42:20.947 [info] Getting sessions for user:email...
2025-09-29 18:42:20.947 [info] Got 1 sessions for user:email...
2025-09-29 18:42:20.950 [info] Getting sessions for all scopes...
2025-09-29 18:42:20.950 [info] Got 1 sessions for ...
2025-09-29 18:42:21.336 [info] Getting sessions for read:user,repo,user:email,workflow...
2025-09-29 18:42:21.336 [info] Got 0 sessions for read:user,repo,user:email,workflow...
2025-09-29 18:42:21.419 [info] Getting sessions for all scopes...
2025-09-29 18:42:21.419 [info] Got 1 sessions for ...
2025-09-29 18:42:21.455 [info] Getting sessions for user:email...
2025-09-29 18:42:21.455 [info] Got 1 sessions for user:email...
2025-09-29 18:42:21.469 [info] Getting sessions for read:user,repo,user:email,workflow...
2025-09-29 18:42:21.469 [info] Got 0 sessions for read:user,repo,user:email,workflow...
2025-09-29 18:42:21.477 [info] Getting sessions for all scopes...
2025-09-29 18:42:21.478 [info] Got 1 sessions for ...
2025-09-29 18:42:21.478 [info] Getting sessions for all scopes...
2025-09-29 18:42:21.478 [info] Got 1 sessions for ...
2025-09-29 18:42:21.480 [info] Getting sessions for read:user,repo,user:email,workflow...
2025-09-29 18:42:21.480 [info] Got 0 sessions for read:user,repo,user:email,workflow...
2025-09-29 18:42:21.500 [info] Getting sessions for user:email...
2025-09-29 18:42:21.500 [info] Got 1 sessions for user:email...
2025-09-29 18:42:21.733 [info] Getting sessions for all scopes...
2025-09-29 18:42:21.733 [info] Got 1 sessions for ...
2025-09-29 18:42:21.745 [info] Getting sessions for all scopes...
2025-09-29 18:42:21.745 [info] Got 1 sessions for ...
2025-09-29 18:42:21.995 [info] Getting sessions for read:user,repo,user:email,workflow...
2025-09-29 18:42:21.995 [info] Got 0 sessions for read:user,repo,user:email,workflow...
2025-09-29 18:42:22.078 [info] Getting sessions for user:email...
2025-09-29 18:42:22.078 [info] Got 1 sessions for user:email...
2025-09-29 18:42:22.080 [info] Getting sessions for read:user,repo,user:email,workflow...
2025-09-29 18:42:22.080 [info] Got 0 sessions for read:user,repo,user:email,workflow...
2025-09-29 18:42:22.102 [info] Getting sessions for all scopes...
2025-09-29 18:42:22.102 [info] Got 1 sessions for ...
2025-09-29 18:42:22.109 [info] Getting sessions for all scopes...
2025-09-29 18:42:22.109 [info] Got 1 sessions for ...
2025-09-29 18:42:22.112 [info] Getting sessions for all scopes...
2025-09-29 18:42:22.112 [info] Got 1 sessions for ...
2025-09-29 18:42:22.117 [info] Getting sessions for read:user,repo,user:email,workflow...
2025-09-29 18:42:22.117 [info] Got 0 sessions for read:user,repo,user:email,workflow...
2025-09-29 18:42:22.126 [info] Getting sessions for user:email...
2025-09-29 18:42:22.126 [info] Got 1 sessions for user:email...
2025-09-29 18:42:22.157 [info] Getting sessions for all scopes...
2025-09-29 18:42:22.157 [info] Got 1 sessions for ...
2025-09-29 18:42:22.180 [info] Getting sessions for read:user,repo,user:email,workflow...
2025-09-29 18:42:22.180 [info] Got 0 sessions for read:user,repo,user:email,workflow...
2025-09-29 18:42:22.259 [info] Getting sessions for user:email...
2025-09-29 18:42:22.260 [info] Got 1 sessions for user:email...
2025-09-29 18:42:27.464 [info] Getting sessions for all scopes...
2025-09-29 18:42:27.464 [info] Got 1 sessions for ...
2025-09-29 18:42:27.471 [info] Getting sessions for all scopes...
2025-09-29 18:42:27.471 [info] Got 1 sessions for ...
2025-09-29 18:42:27.491 [info] Getting sessions for all scopes...
2025-09-29 18:42:27.491 [info] Got 1 sessions for ...
2025-09-29 18:43:47.166 [info] Getting sessions for read:user,repo,user:email...
2025-09-29 18:43:47.166 [info] Got 0 sessions for read:user,repo,user:email...
