2025-09-28 20:36:43.947 [info] [main] Log level: Info
2025-09-28 20:36:43.947 [info] [main] Validating found git in: "git"
2025-09-28 20:36:43.947 [info] [main] Using git "2.47.3" from "git"
2025-09-28 20:36:43.947 [info] [Model][doInitialScan] Initial repository scan started
2025-09-28 20:36:43.947 [info] > git rev-parse --show-toplevel [25ms]
2025-09-28 20:36:43.947 [info] > git rev-parse --git-dir --git-common-dir --show-superproject-working-tree [24ms]
2025-09-28 20:36:43.947 [info] [Model][openRepository] Opened repository (path): /home/nathan/ADC-compile-from-source
2025-09-28 20:36:43.947 [info] [Model][openRepository] Opened repository (real path): /home/nathan/ADC-compile-from-source
2025-09-28 20:36:43.947 [info] [Model][openRepository] Opened repository (kind): repository
2025-09-28 20:36:43.996 [info] > git config --get commit.template [29ms]
2025-09-28 20:36:44.049 [info] > git for-each-ref --format=%(refname)%00%(upstream:short)%00%(objectname)%00%(upstream:track)%00%(upstream:remotename)%00%(upstream:remoteref) refs/heads/main refs/remotes/main [13ms]
2025-09-28 20:36:44.058 [info] > git rev-parse --show-toplevel [65ms]
2025-09-28 20:36:44.123 [info] > git rev-parse --show-toplevel [29ms]
2025-09-28 20:36:44.246 [info] > git status -z -uall [28ms]
2025-09-28 20:36:44.247 [info] > git rev-parse --show-toplevel [69ms]
2025-09-28 20:36:44.296 [info] > git for-each-ref --sort -committerdate --format %(refname)%00%(objectname)%00%(*objectname) [54ms]
2025-09-28 20:36:44.463 [info] > git for-each-ref --format=%(refname)%00%(upstream:short)%00%(objectname)%00%(upstream:track)%00%(upstream:remotename)%00%(upstream:remoteref) refs/heads/main refs/remotes/main [45ms]
2025-09-28 20:36:44.490 [info] > git rev-parse --show-toplevel [202ms]
2025-09-28 20:36:44.538 [info] > git config --get --local branch.main.vscode-merge-base [49ms]
2025-09-28 20:36:44.554 [info] > git config --get commit.template [88ms]
2025-09-28 20:36:44.559 [info] > git for-each-ref --format=%(refname)%00%(upstream:short)%00%(objectname)%00%(upstream:track)%00%(upstream:remotename)%00%(upstream:remoteref) refs/heads/origin/main refs/remotes/origin/main [10ms]
2025-09-28 20:36:44.568 [info] > git rev-parse --show-toplevel [32ms]
2025-09-28 20:36:44.610 [info] > git merge-base refs/heads/main refs/remotes/origin/main [43ms]
2025-09-28 20:36:44.628 [info] > git fetch [710ms]
2025-09-28 20:36:44.759 [info] > git diff --name-status -z --diff-filter=ADMR 5ecbbdac76ce6fbd0aacb249ea1a0e1e5478b6b7...refs/remotes/origin/main [132ms]
2025-09-28 20:36:44.760 [info] > git rev-parse --show-toplevel [152ms]
2025-09-28 20:36:44.765 [info] [Model][doInitialScan] Initial repository scan completed - repositories (1), closed repositories (0), parent repositories (0), unsafe repositories (0)
2025-09-28 20:36:44.766 [info] > git for-each-ref --format=%(refname)%00%(upstream:short)%00%(objectname)%00%(upstream:track)%00%(upstream:remotename)%00%(upstream:remoteref) refs/heads/main refs/remotes/main [172ms]
2025-09-28 20:36:44.893 [info] > git config --get commit.template [135ms]
2025-09-28 20:36:44.954 [info] > git for-each-ref --format=%(refname)%00%(upstream:short)%00%(objectname)%00%(upstream:track)%00%(upstream:remotename)%00%(upstream:remoteref) refs/heads/main refs/remotes/main [33ms]
2025-09-28 20:36:45.033 [info] > git check-ignore -v -z --stdin [57ms]
2025-09-28 20:36:45.284 [info] > git status -z -uall [132ms]
2025-09-28 20:36:45.284 [info] > git for-each-ref --sort -committerdate --format %(refname)%00%(objectname)%00%(*objectname) [91ms]
2025-09-28 20:36:45.770 [info] > git show --textconv :README.md [38ms]
2025-09-28 20:36:45.770 [info] > git ls-files --stage -- README.md [10ms]
2025-09-28 20:36:45.789 [info] > git cat-file -s 6c2fee2b05c831e4e2a0f9e70908a66846f0d324 [6ms]
2025-09-28 20:36:46.348 [info] > git ls-files --stage -- README.md [5ms]
2025-09-28 20:36:46.359 [info] > git cat-file -s 6c2fee2b05c831e4e2a0f9e70908a66846f0d324 [2ms]
2025-09-28 20:36:46.645 [info] > git show --textconv :README.md [3ms]
2025-09-28 20:36:58.078 [info] > git blame --root --incremental 5ecbbdac76ce6fbd0aacb249ea1a0e1e5478b6b7 -- README.md [735ms]
2025-09-28 20:37:00.306 [info] > git config --get commit.template [40ms]
2025-09-28 20:37:00.413 [info] > git for-each-ref --format=%(refname)%00%(upstream:short)%00%(objectname)%00%(upstream:track)%00%(upstream:remotename)%00%(upstream:remoteref) refs/heads/main refs/remotes/main [17ms]
2025-09-28 20:37:00.541 [info] > git status -z -uall [56ms]
2025-09-28 20:37:00.542 [info] > git for-each-ref --sort -committerdate --format %(refname)%00%(objectname)%00%(*objectname) [35ms]
2025-09-28 20:37:03.742 [info] > git config --get commit.template [18ms]
2025-09-28 20:37:03.771 [info] > git for-each-ref --format=%(refname)%00%(upstream:short)%00%(objectname)%00%(upstream:track)%00%(upstream:remotename)%00%(upstream:remoteref) refs/heads/main refs/remotes/main [10ms]
2025-09-28 20:37:03.825 [info] > git status -z -uall [21ms]
2025-09-28 20:37:03.830 [info] > git for-each-ref --sort -committerdate --format %(refname)%00%(objectname)%00%(*objectname) [7ms]
2025-09-28 20:37:57.584 [info] > git ls-files --stage -- get-pip.py [5ms]
2025-09-28 20:37:57.620 [info] > git cat-file -s 91357bfa8d64c0bb5074b87cf4b63e931cbca697 [4ms]
2025-09-28 20:37:57.648 [info] > git show --textconv :get-pip.py [135ms]
2025-09-28 20:38:05.319 [info] > git show --textconv :README.md [19ms]
2025-09-28 20:38:05.334 [info] > git ls-files --stage -- README.md [17ms]
2025-09-28 20:38:05.365 [info] > git cat-file -s 6c2fee2b05c831e4e2a0f9e70908a66846f0d324 [11ms]
2025-09-28 20:39:19.032 [info] > git show --textconv :License for setup 1.1.rtf [47ms]
2025-09-28 20:39:19.032 [info] > git ls-files --stage -- License for setup 1.1.rtf [8ms]
2025-09-28 20:39:19.062 [info] > git cat-file -s 7f2e776d6982ee5fbe5277617b8b304fa66d9804 [8ms]
2025-09-28 20:39:26.490 [info] > git show --textconv :README.md [29ms]
2025-09-28 20:39:26.529 [info] > git ls-files --stage -- README.md [41ms]
2025-09-28 20:39:26.591 [info] > git cat-file -s 6c2fee2b05c831e4e2a0f9e70908a66846f0d324 [30ms]
2025-09-28 20:39:27.235 [info] > git config --get commit.template [15ms]
2025-09-28 20:39:27.236 [info] > git for-each-ref --format=%(refname)%00%(upstream:short)%00%(objectname)%00%(upstream:track)%00%(upstream:remotename)%00%(upstream:remoteref) refs/heads/main refs/remotes/main [4ms]
2025-09-28 20:39:27.262 [info] > git status -z -uall [15ms]
2025-09-28 20:39:27.264 [info] > git for-each-ref --sort -committerdate --format %(refname)%00%(objectname)%00%(*objectname) [4ms]
2025-09-28 20:39:29.857 [info] > git show --textconv :License for setup 1.1.rtf [16ms]
2025-09-28 20:39:29.860 [info] > git ls-files --stage -- License for setup 1.1.rtf [3ms]
2025-09-28 20:39:29.877 [info] > git cat-file -s 7f2e776d6982ee5fbe5277617b8b304fa66d9804 [1ms]
2025-09-28 20:39:32.301 [info] > git config --get commit.template [11ms]
2025-09-28 20:39:32.301 [info] > git for-each-ref --format=%(refname)%00%(upstream:short)%00%(objectname)%00%(upstream:track)%00%(upstream:remotename)%00%(upstream:remoteref) refs/heads/main refs/remotes/main [2ms]
2025-09-28 20:39:32.324 [info] > git status -z -uall [13ms]
2025-09-28 20:39:32.325 [info] > git for-each-ref --sort -committerdate --format %(refname)%00%(objectname)%00%(*objectname) [4ms]
2025-09-28 20:39:33.840 [info] > git show --textconv :README.md [18ms]
2025-09-28 20:39:33.851 [info] > git ls-files --stage -- README.md [12ms]
2025-09-28 20:39:33.874 [info] > git cat-file -s 6c2fee2b05c831e4e2a0f9e70908a66846f0d324 [10ms]
2025-09-28 20:39:35.478 [info] > git show --textconv :License for setup 1.1.rtf [20ms]
2025-09-28 20:39:35.480 [info] > git ls-files --stage -- License for setup 1.1.rtf [4ms]
2025-09-28 20:39:35.505 [info] > git cat-file -s 7f2e776d6982ee5fbe5277617b8b304fa66d9804 [1ms]
2025-09-28 20:39:45.680 [info] > git fetch [377ms]
2025-09-28 20:39:45.695 [info] > git config --get commit.template [4ms]
2025-09-28 20:39:45.708 [info] > git for-each-ref --format=%(refname)%00%(upstream:short)%00%(objectname)%00%(upstream:track)%00%(upstream:remotename)%00%(upstream:remoteref) refs/heads/main refs/remotes/main [2ms]
2025-09-28 20:39:45.734 [info] > git status -z -uall [14ms]
2025-09-28 20:39:45.736 [info] > git for-each-ref --sort -committerdate --format %(refname)%00%(objectname)%00%(*objectname) [2ms]
2025-09-28 20:39:46.827 [info] > git config --get commit.template [16ms]
2025-09-28 20:39:46.828 [info] > git for-each-ref --format=%(refname)%00%(upstream:short)%00%(objectname)%00%(upstream:track)%00%(upstream:remotename)%00%(upstream:remoteref) refs/heads/main refs/remotes/main [3ms]
2025-09-28 20:39:46.849 [info] > git status -z -uall [11ms]
2025-09-28 20:39:46.851 [info] > git for-each-ref --sort -committerdate --format %(refname)%00%(objectname)%00%(*objectname) [3ms]
2025-09-28 20:39:46.911 [info] > git ls-files --stage -- License for setup 1.1.rtf [2ms]
2025-09-28 20:39:46.923 [info] > git cat-file -s 7f2e776d6982ee5fbe5277617b8b304fa66d9804 [3ms]
2025-09-28 20:39:46.936 [info] > git show --textconv :License for setup 1.1.rtf [2ms]
2025-09-28 20:39:49.003 [info] > git show --textconv :README.md [44ms]
2025-09-28 20:39:49.003 [info] > git ls-files --stage -- README.md [6ms]
2025-09-28 20:39:49.027 [info] > git cat-file -s 6c2fee2b05c831e4e2a0f9e70908a66846f0d324 [6ms]
2025-09-28 20:40:42.708 [info] > git show --textconv :LICENSE [46ms]
2025-09-28 20:40:42.713 [info] > git ls-files --stage -- LICENSE [7ms]
2025-09-28 20:40:42.734 [info] > git cat-file -s f288702d2fa16d3cdf0035b15a9fcbc552cd88e7 [3ms]
2025-09-28 20:40:48.364 [info] > git show --textconv :README.md [15ms]
2025-09-28 20:40:48.366 [info] > git ls-files --stage -- README.md [3ms]
2025-09-28 20:40:48.397 [info] > git cat-file -s 6c2fee2b05c831e4e2a0f9e70908a66846f0d324 [18ms]
2025-09-28 20:41:34.752 [info] > git show --textconv :README.md [23ms]
2025-09-28 20:41:34.757 [info] > git ls-files --stage -- README.md [7ms]
2025-09-28 20:41:34.794 [info] > git cat-file -s 6c2fee2b05c831e4e2a0f9e70908a66846f0d324 [25ms]
2025-09-28 20:41:52.657 [info] > git show --textconv :README.md [20ms]
2025-09-28 20:41:52.689 [info] > git ls-files --stage -- README.md [34ms]
2025-09-28 20:41:52.735 [info] > git cat-file -s 6c2fee2b05c831e4e2a0f9e70908a66846f0d324 [29ms]
2025-09-28 20:42:32.512 [info] > git show --textconv :requirements.txt [66ms]
2025-09-28 20:42:32.524 [info] > git ls-files --stage -- requirements.txt [13ms]
2025-09-28 20:42:32.561 [info] > git cat-file -s 784ea16e5e32dfac7b341346789f0d0b96894e16 [4ms]
2025-09-28 20:42:38.982 [info] > git show --textconv :README.md [17ms]
2025-09-28 20:42:38.983 [info] > git ls-files --stage -- README.md [2ms]
2025-09-28 20:42:39.013 [info] > git cat-file -s 6c2fee2b05c831e4e2a0f9e70908a66846f0d324 [16ms]
2025-09-28 20:42:46.166 [info] > git fetch [409ms]
2025-09-28 20:42:46.196 [info] > git config --get commit.template [14ms]
2025-09-28 20:42:46.197 [info] > git for-each-ref --format=%(refname)%00%(upstream:short)%00%(objectname)%00%(upstream:track)%00%(upstream:remotename)%00%(upstream:remoteref) refs/heads/main refs/remotes/main [2ms]
2025-09-28 20:42:46.218 [info] > git status -z -uall [11ms]
2025-09-28 20:42:46.220 [info] > git for-each-ref --sort -committerdate --format %(refname)%00%(objectname)%00%(*objectname) [3ms]
2025-09-28 20:42:47.316 [info] > git for-each-ref --format=%(refname)%00%(upstream:short)%00%(objectname)%00%(upstream:track)%00%(upstream:remotename)%00%(upstream:remoteref) refs/heads/main refs/remotes/main [6ms]
2025-09-28 20:42:47.317 [info] > git config --get commit.template [16ms]
2025-09-28 20:42:47.341 [info] > git status -z -uall [11ms]
2025-09-28 20:42:47.343 [info] > git for-each-ref --sort -committerdate --format %(refname)%00%(objectname)%00%(*objectname) [2ms]
2025-09-28 20:42:47.405 [info] > git ls-files --stage -- README.md [2ms]
2025-09-28 20:42:47.418 [info] > git cat-file -s 6c2fee2b05c831e4e2a0f9e70908a66846f0d324 [2ms]
2025-09-28 20:42:47.434 [info] > git show --textconv :README.md [4ms]
2025-09-28 20:45:07.788 [info] > git config --get commit.template [15ms]
2025-09-28 20:45:07.789 [info] > git for-each-ref --format=%(refname)%00%(upstream:short)%00%(objectname)%00%(upstream:track)%00%(upstream:remotename)%00%(upstream:remoteref) refs/heads/main refs/remotes/main [3ms]
2025-09-28 20:45:07.818 [info] > git status -z -uall [15ms]
2025-09-28 20:45:07.820 [info] > git for-each-ref --sort -committerdate --format %(refname)%00%(objectname)%00%(*objectname) [3ms]
2025-09-28 20:45:16.781 [info] > git for-each-ref --format=%(refname)%00%(upstream:short)%00%(objectname)%00%(upstream:track)%00%(upstream:remotename)%00%(upstream:remoteref) refs/heads/main refs/remotes/main [3ms]
2025-09-28 20:45:16.782 [info] > git config --get commit.template [27ms]
2025-09-28 20:45:16.829 [info] > git status -z -uall [23ms]
2025-09-28 20:45:16.851 [info] > git for-each-ref --sort -committerdate --format %(refname)%00%(objectname)%00%(*objectname) [24ms]
2025-09-28 20:45:16.901 [info] > git blame --root --incremental bb7ad52790687e721df0e4f0b86515848478cf31 -- README.md [23ms]
2025-09-28 20:45:16.908 [info] > git ls-files --stage -- README.md [60ms]
2025-09-28 20:45:16.927 [info] > git cat-file -s 3747de69481995bd4a29aee67c30eda369cd44c1 [3ms]
2025-09-28 20:45:16.928 [info] > git merge-base refs/heads/main refs/remotes/origin/main [34ms]
2025-09-28 20:45:16.955 [info] > git diff --name-status -z --diff-filter=ADMR bb7ad52790687e721df0e4f0b86515848478cf31...refs/remotes/origin/main [11ms]
2025-09-28 20:45:16.969 [info] > git show --textconv :README.md [3ms]
2025-09-28 20:45:21.908 [info] > git config --get commit.template [3ms]
2025-09-28 20:45:21.918 [info] > git for-each-ref --format=%(refname)%00%(upstream:short)%00%(objectname)%00%(upstream:track)%00%(upstream:remotename)%00%(upstream:remoteref) refs/heads/main refs/remotes/main [1ms]
2025-09-28 20:45:21.940 [info] > git status -z -uall [12ms]
2025-09-28 20:45:21.942 [info] > git for-each-ref --sort -committerdate --format %(refname)%00%(objectname)%00%(*objectname) [3ms]
2025-09-28 20:45:25.551 [info] > git show --textconv :requirements.txt [15ms]
2025-09-28 20:45:25.552 [info] > git ls-files --stage -- requirements.txt [2ms]
2025-09-28 20:45:25.568 [info] > git cat-file -s 784ea16e5e32dfac7b341346789f0d0b96894e16 [2ms]
