2025-09-02T23:02:56:486 [info]: PacProxyAgent not found
2025-09-02T23:03:02:847 [warning]: There is no GitLab account available. Sending empty credentials to GitLab Language Server
2025-09-02T23:03:02:883 [info]: handleRegisterCapability: {
      "id": "69496205-1991-4224-be80-2b45a9603f16",
      "method": "workspace/didChangeWatchedFiles",
      "registerOptions": {
        "watchers": [
          {
            "globPattern": "**/*"
          }
        ]
      }
    }
2025-09-02T23:03:03:100 [info]: Extracted urls: []
2025-09-02T23:03:03:100 [warning]: GitExtensionWrapper is missing repository for file:///home/nathan/adc-canary
2025-09-02T23:03:03:110 [warning]: GitExtensionWrapper is missing repository for file:///home/nathan/adc-canary
2025-09-02T23:03:03:111 [warning]: GitExtensionWrapper is missing repository for file:///home/nathan/adc-canary
2025-09-02T23:03:03:111 [warning]: GitExtensionWrapper is missing repository for file:///home/nathan/adc-canary
2025-09-02T23:03:03:111 [info]: Found 0 projects for urls: []
2025-09-02T23:03:03:113 [warning]: There is no GitLab account available. Sending empty credentials to GitLab Language Server
2025-09-02T23:03:03:233 [warning]: GitExtensionWrapper is missing repository for file:///home/nathan/adc-canary
2025-09-02T23:03:03:427 [info]: Extracted urls: [
      "https://gitlab.com/Mealman1551/adc-canary.git"
    ]
2025-09-02T23:03:03:430 [info]: Found 0 projects for urls: [
      "https://gitlab.com/Mealman1551/adc-canary.git"
    ]
2025-09-02T23:03:03:431 [warning]: There is no GitLab account available. Sending empty credentials to GitLab Language Server
2025-09-02T23:04:05:238 [info]: Extracted urls: []
2025-09-02T23:04:05:764 [info]: Found 0 projects for urls: []
