2025-09-21 13:56:34.960 [info] [main] Log level: Info
2025-09-21 13:56:34.960 [info] [main] Validating found git in: "git"
2025-09-21 13:56:34.960 [info] [main] Using git "2.47.3" from "git"
2025-09-21 13:56:34.960 [info] [Model][doInitialScan] Initial repository scan started
2025-09-21 13:56:34.960 [info] > git rev-parse --show-toplevel [36ms]
2025-09-21 13:56:34.960 [info] > git rev-parse --git-dir --git-common-dir --show-superproject-working-tree [60ms]
2025-09-21 13:56:34.960 [info] [Model][openRepository] Opened repository (path): /home/nathan/ADC
2025-09-21 13:56:34.960 [info] [Model][openRepository] Opened repository (real path): /home/nathan/ADC
2025-09-21 13:56:34.960 [info] [Model][openRepository] Opened repository (kind): repository
2025-09-21 13:56:34.960 [info] > git rev-parse --show-toplevel [4ms]
2025-09-21 13:56:34.960 [info] > git config --get commit.template [14ms]
2025-09-21 13:56:34.961 [info] > git rev-parse --show-toplevel [136ms]
2025-09-21 13:56:34.967 [info] [Model][doInitialScan] Initial repository scan completed - repositories (1), closed repositories (0), parent repositories (0), unsafe repositories (0)
2025-09-21 13:56:35.129 [info] > git for-each-ref --format=%(refname)%00%(upstream:short)%00%(objectname)%00%(upstream:track)%00%(upstream:remotename)%00%(upstream:remoteref) refs/heads/ADC-Unstable refs/remotes/ADC-Unstable [172ms]
2025-09-21 13:56:35.346 [info] > git status -z -uall [17ms]
2025-09-21 13:56:35.381 [info] > git for-each-ref --sort -committerdate --format %(refname)%00%(objectname)%00%(*objectname) [39ms]
2025-09-21 13:56:35.586 [info] > git for-each-ref --format=%(refname)%00%(upstream:short)%00%(objectname)%00%(upstream:track)%00%(upstream:remotename)%00%(upstream:remoteref) refs/heads/ADC-Unstable refs/remotes/ADC-Unstable [22ms]
2025-09-21 13:56:35.613 [info] > git config --get commit.template [26ms]
2025-09-21 13:56:35.615 [info] > git config --get --local branch.ADC-Unstable.vscode-merge-base [6ms]
2025-09-21 13:56:35.648 [info] > git for-each-ref --format=%(refname)%00%(upstream:short)%00%(objectname)%00%(upstream:track)%00%(upstream:remotename)%00%(upstream:remoteref) refs/heads/origin/ADC-Unstable refs/remotes/origin/ADC-Unstable [24ms]
2025-09-21 13:56:35.668 [info] > git for-each-ref --format=%(refname)%00%(upstream:short)%00%(objectname)%00%(upstream:track)%00%(upstream:remotename)%00%(upstream:remoteref) refs/heads/ADC-Unstable refs/remotes/ADC-Unstable [33ms]
2025-09-21 13:56:35.678 [info] > git merge-base refs/heads/ADC-Unstable refs/remotes/origin/ADC-Unstable [13ms]
2025-09-21 13:56:35.723 [info] > git diff --name-status -z --diff-filter=ADMR b7e30886b531b6ed89a42f42363cea45b2bd8169...refs/remotes/origin/ADC-Unstable [11ms]
2025-09-21 13:56:35.762 [info] > git status -z -uall [20ms]
2025-09-21 13:56:35.762 [info] > git for-each-ref --sort -committerdate --format %(refname)%00%(objectname)%00%(*objectname) [4ms]
2025-09-21 13:56:36.509 [info] > git check-ignore -v -z --stdin [2ms]
2025-09-21 13:56:56.979 [info] > git show --textconv :README.md [76ms]
2025-09-21 13:56:56.986 [info] > git ls-files --stage -- README.md [29ms]
2025-09-21 13:56:57.151 [info] > git cat-file -s 069621183ab8b54b50974099afcb005af691ea24 [145ms]
2025-09-21 13:57:00.257 [info] > git blame --root --incremental b7e30886b531b6ed89a42f42363cea45b2bd8169 -- README.md [141ms]
2025-09-21 13:57:02.400 [info] > git config --get commit.template [110ms]
2025-09-21 13:57:03.023 [info] > git for-each-ref --format=%(refname)%00%(upstream:short)%00%(objectname)%00%(upstream:track)%00%(upstream:remotename)%00%(upstream:remoteref) refs/heads/ADC-Unstable refs/remotes/ADC-Unstable [269ms]
2025-09-21 13:57:03.322 [info] > git status -z -uall [85ms]
2025-09-21 13:57:03.332 [info] > git for-each-ref --sort -committerdate --format %(refname)%00%(objectname)%00%(*objectname) [40ms]
2025-09-21 13:57:05.395 [info] > git config --get commit.template [25ms]
2025-09-21 13:57:05.454 [info] > git for-each-ref --format=%(refname)%00%(upstream:short)%00%(objectname)%00%(upstream:track)%00%(upstream:remotename)%00%(upstream:remoteref) refs/heads/ADC-Unstable refs/remotes/ADC-Unstable [11ms]
2025-09-21 13:57:05.515 [info] > git status -z -uall [38ms]
2025-09-21 13:57:05.516 [info] > git for-each-ref --sort -committerdate --format %(refname)%00%(objectname)%00%(*objectname) [8ms]
2025-09-21 13:57:13.265 [info] > git fetch [815ms]
2025-09-21 13:57:13.395 [info] > git config --get commit.template [30ms]
2025-09-21 13:57:13.395 [info] > git rev-parse --show-toplevel [131ms]
2025-09-21 13:57:13.547 [info] > git rev-parse --git-dir --git-common-dir --show-superproject-working-tree [43ms]
2025-09-21 13:57:13.701 [info] [Model][openRepository] Opened repository (path): /home/nathan/adc-canary
2025-09-21 13:57:13.702 [info] [Model][openRepository] Opened repository (real path): /home/nathan/adc-canary
2025-09-21 13:57:13.702 [info] [Model][openRepository] Opened repository (kind): repository
2025-09-21 13:57:13.765 [info] > git for-each-ref --format=%(refname)%00%(upstream:short)%00%(objectname)%00%(upstream:track)%00%(upstream:remotename)%00%(upstream:remoteref) refs/heads/ADC-Unstable refs/remotes/ADC-Unstable [233ms]
2025-09-21 13:57:13.825 [info] > git config --get commit.template [66ms]
2025-09-21 13:57:14.264 [info] > git status -z -uall [109ms]
2025-09-21 13:57:14.267 [info] > git for-each-ref --format=%(refname)%00%(upstream:short)%00%(objectname)%00%(upstream:track)%00%(upstream:remotename)%00%(upstream:remoteref) refs/heads/main refs/remotes/main [343ms]
2025-09-21 13:57:14.410 [info] > git for-each-ref --sort -committerdate --format %(refname)%00%(objectname)%00%(*objectname) [150ms]
2025-09-21 13:57:14.813 [info] > git status -z -uall [49ms]
2025-09-21 13:57:14.814 [info] > git for-each-ref --sort -committerdate --format %(refname)%00%(objectname)%00%(*objectname) [18ms]
2025-09-21 13:57:14.893 [info] > git for-each-ref --format=%(refname)%00%(upstream:short)%00%(objectname)%00%(upstream:track)%00%(upstream:remotename)%00%(upstream:remoteref) refs/heads/main refs/remotes/main [49ms]
2025-09-21 13:57:15.010 [info] > git show --textconv :src/ADC_Archiver_Canary.py [51ms]
2025-09-21 13:57:15.014 [info] > git ls-files --stage -- src/ADC_Archiver_Canary.py [17ms]
2025-09-21 13:57:15.053 [info] > git config --get --local branch.main.vscode-merge-base [119ms]
2025-09-21 13:57:15.077 [info] > git config --get commit.template [184ms]
2025-09-21 13:57:15.367 [info] > git check-ignore -v -z --stdin [200ms]
2025-09-21 13:57:15.368 [info] > git check-ignore -v -z --stdin [149ms]
2025-09-21 13:57:15.445 [info] > git for-each-ref --format=%(refname)%00%(upstream:short)%00%(objectname)%00%(upstream:track)%00%(upstream:remotename)%00%(upstream:remoteref) refs/heads/origin/main refs/remotes/origin/main [369ms]
2025-09-21 13:57:15.532 [info] > git cat-file -s e71970f877def40a41d3466933b44581c4e726db [483ms]
2025-09-21 13:57:15.678 [info] > git merge-base refs/heads/main refs/remotes/origin/main [147ms]
2025-09-21 13:57:15.935 [info] > git fetch [2234ms]
2025-09-21 13:57:16.159 [info] > git diff --name-status -z --diff-filter=ADMR c33e8052ba2e0003fa43ebb0473d59d76d117595...refs/remotes/origin/main [412ms]
2025-09-21 13:57:16.161 [info] > git for-each-ref --format=%(refname)%00%(upstream:short)%00%(objectname)%00%(upstream:track)%00%(upstream:remotename)%00%(upstream:remoteref) refs/heads/main refs/remotes/main [498ms]
2025-09-21 13:57:16.174 [info] > git config --get commit.template [159ms]
2025-09-21 13:57:16.412 [info] > git for-each-ref --format=%(refname)%00%(upstream:short)%00%(objectname)%00%(upstream:track)%00%(upstream:remotename)%00%(upstream:remoteref) refs/heads/main refs/remotes/main [78ms]
2025-09-21 13:57:16.578 [info] > git status -z -uall [66ms]
2025-09-21 13:57:16.583 [info] > git for-each-ref --sort -committerdate --format %(refname)%00%(objectname)%00%(*objectname) [10ms]
2025-09-21 13:57:18.074 [info] > git ls-files --stage -- src/ADC_Archiver_Canary.py [7ms]
2025-09-21 13:57:18.146 [info] > git cat-file -s e71970f877def40a41d3466933b44581c4e726db [30ms]
2025-09-21 13:57:18.257 [info] > git show --textconv :src/ADC_Archiver_Canary.py [17ms]
2025-09-21 13:57:23.942 [info] > git check-ignore -v -z --stdin [6ms]
2025-09-21 13:57:33.261 [info] > git config --get commit.template [6ms]
2025-09-21 13:57:33.294 [info] > git for-each-ref --format=%(refname)%00%(upstream:short)%00%(objectname)%00%(upstream:track)%00%(upstream:remotename)%00%(upstream:remoteref) refs/heads/ADC-Unstable refs/remotes/ADC-Unstable [11ms]
2025-09-21 13:57:33.343 [info] > git status -z -uall [27ms]
2025-09-21 13:57:33.344 [info] > git for-each-ref --sort -committerdate --format %(refname)%00%(objectname)%00%(*objectname) [7ms]
2025-09-21 13:57:34.471 [info] > git check-ignore -v -z --stdin [6ms]
2025-09-21 13:57:54.743 [info] > git show --textconv :runtime.txt [19ms]
2025-09-21 13:57:54.745 [info] > git ls-files --stage -- runtime.txt [5ms]
2025-09-21 13:57:54.765 [info] > git cat-file -s 4b4702cdc368dad8978bfea20f28a48cbd746d68 [2ms]
2025-09-21 13:57:54.813 [info] > git blame --root --incremental b7e30886b531b6ed89a42f42363cea45b2bd8169 -- runtime.txt [14ms]
2025-09-21 13:57:59.903 [info] > git show --textconv :ADC_Aur_2025.08.1.py [97ms]
2025-09-21 13:57:59.920 [info] > git ls-files --stage -- ADC_Aur_2025.08.1.py [19ms]
2025-09-21 13:57:59.979 [info] > git cat-file -s b56869a2e0c58fe7a3a75a6ca1425dddada5fca2 [17ms]
2025-09-21 13:58:00.563 [info] > git config --get commit.template [59ms]
2025-09-21 13:58:00.565 [info] > git for-each-ref --format=%(refname)%00%(upstream:short)%00%(objectname)%00%(upstream:track)%00%(upstream:remotename)%00%(upstream:remoteref) refs/heads/ADC-Unstable refs/remotes/ADC-Unstable [4ms]
2025-09-21 13:58:00.634 [info] > git status -z -uall [25ms]
2025-09-21 13:58:00.639 [info] > git for-each-ref --sort -committerdate --format %(refname)%00%(objectname)%00%(*objectname) [7ms]
2025-09-21 13:58:03.310 [info] > git show --textconv :src/ADC_Archiver_Canary.py [27ms]
2025-09-21 13:58:03.314 [info] > git ls-files --stage -- src/ADC_Archiver_Canary.py [8ms]
2025-09-21 13:58:03.344 [info] > git cat-file -s e71970f877def40a41d3466933b44581c4e726db [12ms]
2025-09-21 13:58:10.599 [info] > git show --textconv :src/ADC_Archiver_Canary.py [20ms]
2025-09-21 13:58:10.599 [info] > git ls-files --stage -- src/ADC_Archiver_Canary.py [3ms]
2025-09-21 13:58:10.619 [info] > git cat-file -s e71970f877def40a41d3466933b44581c4e726db [6ms]
2025-09-21 13:58:11.712 [info] > git show --textconv :ADC_Aur_2025.08.1.py [25ms]
2025-09-21 13:58:11.716 [info] > git ls-files --stage -- ADC_Aur_2025.08.1.py [5ms]
2025-09-21 13:58:11.746 [info] > git cat-file -s b56869a2e0c58fe7a3a75a6ca1425dddada5fca2 [6ms]
2025-09-21 13:58:22.215 [info] > git show --textconv :ADC_Aur_2025.09.1.py [42ms]
2025-09-21 13:58:22.215 [info] > git check-ignore -v -z --stdin [21ms]
2025-09-21 13:58:22.220 [info] > git ls-files --stage -- ADC_Aur_2025.09.1.py [9ms]
2025-09-21 13:58:22.294 [info] > git hash-object -t tree /dev/null [14ms]
2025-09-21 13:58:22.294 [warning] [GitFileSystemProvider][readFile] File not found - git:/home/nathan/ADC/ADC_Aur_2025.09.1.py.git?%7B%22path%22%3A%22%2Fhome%2Fnathan%2FADC%2FADC_Aur_2025.09.1.py%22%2C%22ref%22%3A%22%22%7D
2025-09-21 13:58:22.352 [info] > git hash-object -t tree /dev/null [100ms]
2025-09-21 13:58:22.352 [warning] [GitFileSystemProvider][stat] File not found - git:/home/nathan/ADC/ADC_Aur_2025.09.1.py.git?%7B%22path%22%3A%22%2Fhome%2Fnathan%2FADC%2FADC_Aur_2025.09.1.py%22%2C%22ref%22%3A%22%22%7D
2025-09-21 13:58:22.688 [info] > git config --get commit.template [6ms]
2025-09-21 13:58:22.716 [info] > git for-each-ref --format=%(refname)%00%(upstream:short)%00%(objectname)%00%(upstream:track)%00%(upstream:remotename)%00%(upstream:remoteref) refs/heads/ADC-Unstable refs/remotes/ADC-Unstable [6ms]
2025-09-21 13:58:22.770 [info] > git status -z -uall [30ms]
2025-09-21 13:58:22.774 [info] > git for-each-ref --sort -committerdate --format %(refname)%00%(objectname)%00%(*objectname) [6ms]
2025-09-21 13:58:52.702 [info] > git show --textconv :src/ADC_Archiver_Canary.py [62ms]
2025-09-21 13:58:52.702 [info] > git ls-files --stage -- src/ADC_Archiver_Canary.py [47ms]
2025-09-21 13:58:52.720 [info] > git cat-file -s e71970f877def40a41d3466933b44581c4e726db [3ms]
2025-09-21 13:58:54.503 [info] > git blame --root --incremental c33e8052ba2e0003fa43ebb0473d59d76d117595 -- src/ADC_Archiver_Canary.py [32ms]
2025-09-21 14:00:15.049 [info] > git fetch [556ms]
2025-09-21 14:00:15.093 [info] > git config --get commit.template [4ms]
2025-09-21 14:00:15.131 [info] > git for-each-ref --format=%(refname)%00%(upstream:short)%00%(objectname)%00%(upstream:track)%00%(upstream:remotename)%00%(upstream:remoteref) refs/heads/ADC-Unstable refs/remotes/ADC-Unstable [4ms]
2025-09-21 14:00:15.211 [info] > git status -z -uall [46ms]
2025-09-21 14:00:15.215 [info] > git for-each-ref --sort -committerdate --format %(refname)%00%(objectname)%00%(*objectname) [9ms]
2025-09-21 14:00:17.444 [info] > git fetch [833ms]
2025-09-21 14:00:17.480 [info] > git config --get commit.template [18ms]
2025-09-21 14:00:17.482 [info] > git for-each-ref --format=%(refname)%00%(upstream:short)%00%(objectname)%00%(upstream:track)%00%(upstream:remotename)%00%(upstream:remoteref) refs/heads/main refs/remotes/main [3ms]
2025-09-21 14:00:17.517 [info] > git for-each-ref --sort -committerdate --format %(refname)%00%(objectname)%00%(*objectname) [4ms]
2025-09-21 14:00:17.559 [info] > git status -z -uall [60ms]
2025-09-21 14:03:15.676 [info] > git fetch [428ms]
2025-09-21 14:03:15.721 [info] > git config --get commit.template [21ms]
2025-09-21 14:03:15.722 [info] > git for-each-ref --format=%(refname)%00%(upstream:short)%00%(objectname)%00%(upstream:track)%00%(upstream:remotename)%00%(upstream:remoteref) refs/heads/ADC-Unstable refs/remotes/ADC-Unstable [2ms]
2025-09-21 14:03:15.753 [info] > git status -z -uall [15ms]
2025-09-21 14:03:15.757 [info] > git for-each-ref --sort -committerdate --format %(refname)%00%(objectname)%00%(*objectname) [6ms]
2025-09-21 14:03:16.817 [info] > git config --get commit.template [14ms]
2025-09-21 14:03:16.818 [info] > git for-each-ref --format=%(refname)%00%(upstream:short)%00%(objectname)%00%(upstream:track)%00%(upstream:remotename)%00%(upstream:remoteref) refs/heads/ADC-Unstable refs/remotes/ADC-Unstable [2ms]
2025-09-21 14:03:16.847 [info] > git status -z -uall [16ms]
2025-09-21 14:03:16.849 [info] > git for-each-ref --sort -committerdate --format %(refname)%00%(objectname)%00%(*objectname) [3ms]
2025-09-21 14:03:18.592 [info] > git fetch [1018ms]
2025-09-21 14:03:18.617 [info] > git config --get commit.template [13ms]
2025-09-21 14:03:18.618 [info] > git for-each-ref --format=%(refname)%00%(upstream:short)%00%(objectname)%00%(upstream:track)%00%(upstream:remotename)%00%(upstream:remoteref) refs/heads/main refs/remotes/main [2ms]
2025-09-21 14:03:18.643 [info] > git status -z -uall [13ms]
2025-09-21 14:03:18.644 [info] > git for-each-ref --sort -committerdate --format %(refname)%00%(objectname)%00%(*objectname) [2ms]
2025-09-21 14:03:19.706 [info] > git config --get commit.template [2ms]
2025-09-21 14:03:19.728 [info] > git for-each-ref --format=%(refname)%00%(upstream:short)%00%(objectname)%00%(upstream:track)%00%(upstream:remotename)%00%(upstream:remoteref) refs/heads/main refs/remotes/main [5ms]
2025-09-21 14:03:19.793 [info] > git status -z -uall [29ms]
2025-09-21 14:03:19.802 [info] > git for-each-ref --sort -committerdate --format %(refname)%00%(objectname)%00%(*objectname) [12ms]
2025-09-21 14:03:31.598 [info] > git show --textconv :src/ADC_Archiver_Canary.py [18ms]
2025-09-21 14:03:31.602 [info] > git ls-files --stage -- src/ADC_Archiver_Canary.py [4ms]
2025-09-21 14:03:31.621 [info] > git cat-file -s e71970f877def40a41d3466933b44581c4e726db [3ms]
2025-09-21 14:03:56.922 [info] > git config --get commit.template [14ms]
2025-09-21 14:03:56.924 [info] > git for-each-ref --format=%(refname)%00%(upstream:short)%00%(objectname)%00%(upstream:track)%00%(upstream:remotename)%00%(upstream:remoteref) refs/heads/ADC-Unstable refs/remotes/ADC-Unstable [2ms]
2025-09-21 14:03:56.949 [info] > git status -z -uall [13ms]
2025-09-21 14:03:56.951 [info] > git for-each-ref --sort -committerdate --format %(refname)%00%(objectname)%00%(*objectname) [2ms]
2025-09-21 14:04:10.179 [info] > git show --textconv :requirements.txt [26ms]
2025-09-21 14:04:10.181 [info] > git ls-files --stage -- requirements.txt [5ms]
2025-09-21 14:04:10.203 [info] > git cat-file -s 096615ed03b062f0d9795e00fb6af88ad96d5300 [4ms]
2025-09-21 14:04:10.257 [info] > git blame --root --incremental b7e30886b531b6ed89a42f42363cea45b2bd8169 -- requirements.txt [6ms]
2025-09-21 14:04:13.776 [info] > git show --textconv :README.md [25ms]
2025-09-21 14:04:13.823 [info] > git ls-files --stage -- README.md [49ms]
2025-09-21 14:04:13.866 [info] > git cat-file -s 069621183ab8b54b50974099afcb005af691ea24 [15ms]
2025-09-21 14:04:56.329 [info] > git config --get commit.template [14ms]
2025-09-21 14:04:56.330 [info] > git for-each-ref --format=%(refname)%00%(upstream:short)%00%(objectname)%00%(upstream:track)%00%(upstream:remotename)%00%(upstream:remoteref) refs/heads/ADC-Unstable refs/remotes/ADC-Unstable [3ms]
2025-09-21 14:04:56.354 [info] > git status -z -uall [13ms]
2025-09-21 14:04:56.356 [info] > git for-each-ref --sort -committerdate --format %(refname)%00%(objectname)%00%(*objectname) [3ms]
2025-09-21 14:05:17.437 [info] > git show --textconv :README.md [18ms]
2025-09-21 14:05:17.442 [info] > git ls-files --stage -- README.md [6ms]
2025-09-21 14:05:17.460 [info] > git cat-file -s 069621183ab8b54b50974099afcb005af691ea24 [3ms]
2025-09-21 14:06:16.216 [info] > git fetch [396ms]
2025-09-21 14:06:16.244 [info] > git config --get commit.template [15ms]
2025-09-21 14:06:16.246 [info] > git for-each-ref --format=%(refname)%00%(upstream:short)%00%(objectname)%00%(upstream:track)%00%(upstream:remotename)%00%(upstream:remoteref) refs/heads/ADC-Unstable refs/remotes/ADC-Unstable [3ms]
2025-09-21 14:06:16.270 [info] > git status -z -uall [13ms]
2025-09-21 14:06:16.272 [info] > git for-each-ref --sort -committerdate --format %(refname)%00%(objectname)%00%(*objectname) [3ms]
2025-09-21 14:06:17.344 [info] > git config --get commit.template [3ms]
2025-09-21 14:06:17.364 [info] > git for-each-ref --format=%(refname)%00%(upstream:short)%00%(objectname)%00%(upstream:track)%00%(upstream:remotename)%00%(upstream:remoteref) refs/heads/ADC-Unstable refs/remotes/ADC-Unstable [3ms]
2025-09-21 14:06:17.408 [info] > git status -z -uall [26ms]
2025-09-21 14:06:17.414 [info] > git for-each-ref --sort -committerdate --format %(refname)%00%(objectname)%00%(*objectname) [6ms]
2025-09-21 14:06:17.486 [info] > git ls-files --stage -- README.md [6ms]
2025-09-21 14:06:17.518 [info] > git cat-file -s 069621183ab8b54b50974099afcb005af691ea24 [4ms]
2025-09-21 14:06:17.566 [info] > git show --textconv :README.md [3ms]
2025-09-21 14:06:19.849 [info] > git fetch [1185ms]
2025-09-21 14:06:19.867 [info] > git config --get commit.template [2ms]
2025-09-21 14:06:19.881 [info] > git for-each-ref --format=%(refname)%00%(upstream:short)%00%(objectname)%00%(upstream:track)%00%(upstream:remotename)%00%(upstream:remoteref) refs/heads/main refs/remotes/main [2ms]
2025-09-21 14:06:19.905 [info] > git status -z -uall [12ms]
2025-09-21 14:06:19.907 [info] > git for-each-ref --sort -committerdate --format %(refname)%00%(objectname)%00%(*objectname) [3ms]
2025-09-21 14:06:20.944 [info] > git config --get commit.template [13ms]
2025-09-21 14:06:20.945 [info] > git for-each-ref --format=%(refname)%00%(upstream:short)%00%(objectname)%00%(upstream:track)%00%(upstream:remotename)%00%(upstream:remoteref) refs/heads/main refs/remotes/main [2ms]
2025-09-21 14:06:20.972 [info] > git status -z -uall [16ms]
2025-09-21 14:06:20.974 [info] > git for-each-ref --sort -committerdate --format %(refname)%00%(objectname)%00%(*objectname) [3ms]
2025-09-21 14:07:45.818 [info] > git for-each-ref --format=%(refname)%00%(upstream:short)%00%(objectname)%00%(upstream:track)%00%(upstream:remotename)%00%(upstream:remoteref) refs/heads/ADC-Unstable refs/remotes/ADC-Unstable [8ms]
2025-09-21 14:07:45.819 [info] > git config --get commit.template [23ms]
2025-09-21 14:07:45.855 [info] > git status -z -uall [16ms]
2025-09-21 14:07:45.857 [info] > git for-each-ref --sort -committerdate --format %(refname)%00%(objectname)%00%(*objectname) [3ms]
2025-09-21 14:09:50.075 [info] > git ls-files --stage -- README.md [65ms]
2025-09-21 14:09:50.103 [info] > git config --get commit.template [28ms]
2025-09-21 14:09:50.167 [info] > git cat-file -s 77b89fea2130f1ca531e97e003c32d584214fae2 [69ms]
2025-09-21 14:09:50.177 [info] > git for-each-ref --format=%(refname)%00%(upstream:short)%00%(objectname)%00%(upstream:track)%00%(upstream:remotename)%00%(upstream:remoteref) refs/heads/ADC-Unstable refs/remotes/ADC-Unstable [11ms]
2025-09-21 14:09:50.212 [info] > git status -z -uall [18ms]
2025-09-21 14:09:50.228 [info] > git show --textconv :README.md [3ms]
2025-09-21 14:09:50.228 [info] > git for-each-ref --sort -committerdate --format %(refname)%00%(objectname)%00%(*objectname) [17ms]
2025-09-21 14:09:50.277 [info] > git blame --root --incremental 58ae9226fed02b1bf24e3dacb1bd480215d74675 -- README.md [28ms]
2025-09-21 14:09:50.286 [info] > git merge-base refs/heads/ADC-Unstable refs/remotes/origin/ADC-Unstable [15ms]
2025-09-21 14:09:50.311 [info] > git diff --name-status -z --diff-filter=ADMR 58ae9226fed02b1bf24e3dacb1bd480215d74675...refs/remotes/origin/ADC-Unstable [5ms]
2025-09-21 14:09:50.441 [info] > git fetch [525ms]
2025-09-21 14:09:50.472 [info] > git config --get commit.template [19ms]
2025-09-21 14:09:50.473 [info] > git for-each-ref --format=%(refname)%00%(upstream:short)%00%(objectname)%00%(upstream:track)%00%(upstream:remotename)%00%(upstream:remoteref) refs/heads/ADC-Unstable refs/remotes/ADC-Unstable [3ms]
2025-09-21 14:09:50.502 [info] > git status -z -uall [14ms]
2025-09-21 14:09:50.504 [info] > git for-each-ref --sort -committerdate --format %(refname)%00%(objectname)%00%(*objectname) [3ms]
2025-09-21 14:09:50.976 [info] > git fetch [1022ms]
2025-09-21 14:09:51.028 [info] > git config --get commit.template [24ms]
2025-09-21 14:09:51.030 [info] > git for-each-ref --format=%(refname)%00%(upstream:short)%00%(objectname)%00%(upstream:track)%00%(upstream:remotename)%00%(upstream:remoteref) refs/heads/main refs/remotes/main [5ms]
2025-09-21 14:09:51.081 [info] > git status -z -uall [26ms]
2025-09-21 14:09:51.083 [info] > git for-each-ref --sort -committerdate --format %(refname)%00%(objectname)%00%(*objectname) [4ms]
2025-09-21 14:09:52.244 [info] > git config --get commit.template [19ms]
2025-09-21 14:09:52.244 [info] > git for-each-ref --format=%(refname)%00%(upstream:short)%00%(objectname)%00%(upstream:track)%00%(upstream:remotename)%00%(upstream:remoteref) refs/heads/main refs/remotes/main [2ms]
2025-09-21 14:09:52.277 [info] > git status -z -uall [20ms]
2025-09-21 14:09:52.280 [info] > git for-each-ref --sort -committerdate --format %(refname)%00%(objectname)%00%(*objectname) [4ms]
2025-09-21 14:09:52.319 [info] > git ls-files --stage -- README.md [2ms]
2025-09-21 14:09:52.332 [info] > git cat-file -s 77b89fea2130f1ca531e97e003c32d584214fae2 [2ms]
2025-09-21 14:09:52.348 [info] > git show --textconv :README.md [2ms]
2025-09-21 14:09:55.301 [info] > git config --get commit.template [14ms]
2025-09-21 14:09:55.302 [info] > git for-each-ref --format=%(refname)%00%(upstream:short)%00%(objectname)%00%(upstream:track)%00%(upstream:remotename)%00%(upstream:remoteref) refs/heads/ADC-Unstable refs/remotes/ADC-Unstable [3ms]
2025-09-21 14:09:55.326 [info] > git status -z -uall [13ms]
2025-09-21 14:09:55.328 [info] > git for-each-ref --sort -committerdate --format %(refname)%00%(objectname)%00%(*objectname) [3ms]
2025-09-21 14:10:57.105 [info] > git config --get commit.template [15ms]
2025-09-21 14:10:57.107 [info] > git for-each-ref --format=%(refname)%00%(upstream:short)%00%(objectname)%00%(upstream:track)%00%(upstream:remotename)%00%(upstream:remoteref) refs/heads/ADC-Unstable refs/remotes/ADC-Unstable [2ms]
2025-09-21 14:10:57.133 [info] > git status -z -uall [13ms]
2025-09-21 14:10:57.135 [info] > git for-each-ref --sort -committerdate --format %(refname)%00%(objectname)%00%(*objectname) [3ms]
2025-09-21 14:11:28.660 [info] > git config --get commit.template [38ms]
2025-09-21 14:11:28.693 [info] > git ls-files --stage -- README.md [37ms]
2025-09-21 14:11:28.720 [info] > git cat-file -s c1098e96b8f9970adbf7e0eb0153e1071b4e5d06 [5ms]
2025-09-21 14:11:28.722 [info] > git for-each-ref --format=%(refname)%00%(upstream:short)%00%(objectname)%00%(upstream:track)%00%(upstream:remotename)%00%(upstream:remoteref) refs/heads/ADC-Unstable refs/remotes/ADC-Unstable [29ms]
2025-09-21 14:11:28.809 [info] > git show --textconv :README.md [52ms]
2025-09-21 14:11:28.809 [info] > git status -z -uall [23ms]
2025-09-21 14:11:28.816 [info] > git for-each-ref --sort -committerdate --format %(refname)%00%(objectname)%00%(*objectname) [8ms]
2025-09-21 14:11:28.862 [info] > git merge-base refs/heads/ADC-Unstable refs/remotes/origin/ADC-Unstable [5ms]
2025-09-21 14:11:28.882 [info] > git blame --root --incremental 35b3b03b5a805cdbc81cedd0b7dcc58f7bae5f43 -- README.md [44ms]
2025-09-21 14:11:28.894 [info] > git diff --name-status -z --diff-filter=ADMR 35b3b03b5a805cdbc81cedd0b7dcc58f7bae5f43...refs/remotes/origin/ADC-Unstable [12ms]
2025-09-21 14:11:33.890 [info] > git config --get commit.template [16ms]
2025-09-21 14:11:33.891 [info] > git for-each-ref --format=%(refname)%00%(upstream:short)%00%(objectname)%00%(upstream:track)%00%(upstream:remotename)%00%(upstream:remoteref) refs/heads/ADC-Unstable refs/remotes/ADC-Unstable [2ms]
2025-09-21 14:11:33.915 [info] > git status -z -uall [13ms]
2025-09-21 14:11:33.917 [info] > git for-each-ref --sort -committerdate --format %(refname)%00%(objectname)%00%(*objectname) [3ms]
2025-09-21 14:11:41.120 [info] > git config --get commit.template [20ms]
2025-09-21 14:11:41.121 [info] > git for-each-ref --format=%(refname)%00%(upstream:short)%00%(objectname)%00%(upstream:track)%00%(upstream:remotename)%00%(upstream:remoteref) refs/heads/ADC-Unstable refs/remotes/ADC-Unstable [4ms]
2025-09-21 14:11:41.166 [info] > git status -z -uall [28ms]
2025-09-21 14:11:41.167 [info] > git for-each-ref --sort -committerdate --format %(refname)%00%(objectname)%00%(*objectname) [7ms]
2025-09-21 14:12:04.471 [info] > git for-each-ref --format=%(refname)%00%(upstream:short)%00%(objectname)%00%(upstream:track)%00%(upstream:remotename)%00%(upstream:remoteref) refs/heads/ADC-Unstable refs/remotes/ADC-Unstable [4ms]
2025-09-21 14:12:04.472 [info] > git config --get commit.template [53ms]
2025-09-21 14:12:04.527 [info] > git ls-files --stage -- README.md [16ms]
2025-09-21 14:12:04.589 [info] > git cat-file -s 9d76b07be39d3f801fa25acf10f08dab996e5d30 [1ms]
2025-09-21 14:12:04.635 [info] > git show --textconv :README.md [3ms]
2025-09-21 14:12:04.687 [info] > git status -z -uall [20ms]
2025-09-21 14:12:04.688 [info] > git for-each-ref --sort -committerdate --format %(refname)%00%(objectname)%00%(*objectname) [7ms]
2025-09-21 14:12:04.766 [info] > git merge-base refs/heads/ADC-Unstable refs/remotes/origin/ADC-Unstable [32ms]
2025-09-21 14:12:04.782 [info] > git blame --root --incremental f033658be4cca820b7afe736a08add4eb17fbd87 -- README.md [71ms]
2025-09-21 14:12:04.812 [info] > git diff --name-status -z --diff-filter=ADMR f033658be4cca820b7afe736a08add4eb17fbd87...refs/remotes/origin/ADC-Unstable [30ms]
2025-09-21 14:12:09.759 [info] > git config --get commit.template [13ms]
2025-09-21 14:12:09.760 [info] > git for-each-ref --format=%(refname)%00%(upstream:short)%00%(objectname)%00%(upstream:track)%00%(upstream:remotename)%00%(upstream:remoteref) refs/heads/ADC-Unstable refs/remotes/ADC-Unstable [2ms]
2025-09-21 14:12:09.788 [info] > git status -z -uall [13ms]
2025-09-21 14:12:09.790 [info] > git for-each-ref --sort -committerdate --format %(refname)%00%(objectname)%00%(*objectname) [3ms]
2025-09-21 14:12:21.616 [info] > git config --get commit.template [2ms]
2025-09-21 14:12:21.639 [info] > git for-each-ref --format=%(refname)%00%(upstream:short)%00%(objectname)%00%(upstream:track)%00%(upstream:remotename)%00%(upstream:remoteref) refs/heads/ADC-Unstable refs/remotes/ADC-Unstable [2ms]
2025-09-21 14:12:21.679 [info] > git status -z -uall [21ms]
2025-09-21 14:12:21.682 [info] > git for-each-ref --sort -committerdate --format %(refname)%00%(objectname)%00%(*objectname) [4ms]
2025-09-21 14:12:49.767 [info] > git ls-files --stage -- README.md [5ms]
2025-09-21 14:12:49.804 [info] > git config --get commit.template [148ms]
2025-09-21 14:12:49.831 [info] > git cat-file -s 9b16db6188651552d58649cf3ae2b374909076d7 [27ms]
2025-09-21 14:12:49.832 [info] > git for-each-ref --format=%(refname)%00%(upstream:short)%00%(objectname)%00%(upstream:track)%00%(upstream:remotename)%00%(upstream:remoteref) refs/heads/ADC-Unstable refs/remotes/ADC-Unstable [5ms]
2025-09-21 14:12:49.889 [info] > git status -z -uall [36ms]
2025-09-21 14:12:49.923 [info] > git for-each-ref --sort -committerdate --format %(refname)%00%(objectname)%00%(*objectname) [39ms]
2025-09-21 14:12:49.971 [info] > git show --textconv :README.md [56ms]
2025-09-21 14:12:49.972 [info] > git blame --root --incremental e00f0fcb2e03425ba58b8ec64c5b97f001374d3a -- README.md [26ms]
2025-09-21 14:12:49.984 [info] > git merge-base refs/heads/ADC-Unstable refs/remotes/origin/ADC-Unstable [15ms]
2025-09-21 14:12:50.047 [info] > git diff --name-status -z --diff-filter=ADMR e00f0fcb2e03425ba58b8ec64c5b97f001374d3a...refs/remotes/origin/ADC-Unstable [28ms]
2025-09-21 14:12:50.946 [info] > git fetch [421ms]
2025-09-21 14:12:50.985 [info] > git config --get commit.template [14ms]
2025-09-21 14:12:50.986 [info] > git for-each-ref --format=%(refname)%00%(upstream:short)%00%(objectname)%00%(upstream:track)%00%(upstream:remotename)%00%(upstream:remoteref) refs/heads/ADC-Unstable refs/remotes/ADC-Unstable [3ms]
2025-09-21 14:12:51.013 [info] > git status -z -uall [12ms]
2025-09-21 14:12:51.016 [info] > git for-each-ref --sort -committerdate --format %(refname)%00%(objectname)%00%(*objectname) [3ms]
2025-09-21 14:12:51.854 [info] > git fetch [748ms]
2025-09-21 14:12:51.889 [info] > git config --get commit.template [21ms]
2025-09-21 14:12:51.890 [info] > git for-each-ref --format=%(refname)%00%(upstream:short)%00%(objectname)%00%(upstream:track)%00%(upstream:remotename)%00%(upstream:remoteref) refs/heads/main refs/remotes/main [3ms]
2025-09-21 14:12:51.922 [info] > git status -z -uall [19ms]
2025-09-21 14:12:51.924 [info] > git for-each-ref --sort -committerdate --format %(refname)%00%(objectname)%00%(*objectname) [4ms]
2025-09-21 14:12:52.963 [info] > git config --get commit.template [8ms]
2025-09-21 14:12:53.000 [info] > git for-each-ref --format=%(refname)%00%(upstream:short)%00%(objectname)%00%(upstream:track)%00%(upstream:remotename)%00%(upstream:remoteref) refs/heads/main refs/remotes/main [8ms]
2025-09-21 14:12:53.053 [info] > git status -z -uall [22ms]
2025-09-21 14:12:53.054 [info] > git for-each-ref --sort -committerdate --format %(refname)%00%(objectname)%00%(*objectname) [3ms]
2025-09-21 14:12:53.091 [info] > git ls-files --stage -- README.md [3ms]
2025-09-21 14:12:53.111 [info] > git cat-file -s 9b16db6188651552d58649cf3ae2b374909076d7 [3ms]
2025-09-21 14:12:53.129 [info] > git show --textconv :README.md [4ms]
2025-09-21 14:12:55.000 [info] > git config --get commit.template [15ms]
2025-09-21 14:12:55.001 [info] > git for-each-ref --format=%(refname)%00%(upstream:short)%00%(objectname)%00%(upstream:track)%00%(upstream:remotename)%00%(upstream:remoteref) refs/heads/ADC-Unstable refs/remotes/ADC-Unstable [3ms]
2025-09-21 14:12:55.029 [info] > git status -z -uall [13ms]
2025-09-21 14:12:55.031 [info] > git for-each-ref --sort -committerdate --format %(refname)%00%(objectname)%00%(*objectname) [3ms]
2025-09-21 14:21:13.770 [info] > git show --textconv :requirements.txt [23ms]
2025-09-21 14:21:13.771 [info] > git ls-files --stage -- requirements.txt [3ms]
2025-09-21 14:21:13.791 [info] > git cat-file -s 096615ed03b062f0d9795e00fb6af88ad96d5300 [2ms]
2025-09-21 14:21:13.841 [info] > git blame --root --incremental e00f0fcb2e03425ba58b8ec64c5b97f001374d3a -- requirements.txt [7ms]
2025-09-21 14:21:15.012 [info] > git show --textconv :README.md [1ms]
2025-09-21 14:21:15.031 [info] > git ls-files --stage -- README.md [3ms]
2025-09-21 14:21:15.048 [info] > git cat-file -s 1c96d99280aa3eb1990983e32322693101e53f31 [2ms]
2025-09-21 14:21:16.218 [info] > git show --textconv :runtime.txt [19ms]
2025-09-21 14:21:16.219 [info] > git ls-files --stage -- runtime.txt [2ms]
2025-09-21 14:21:16.238 [info] > git cat-file -s 4b4702cdc368dad8978bfea20f28a48cbd746d68 [2ms]
2025-09-21 14:21:16.280 [info] > git blame --root --incremental e00f0fcb2e03425ba58b8ec64c5b97f001374d3a -- runtime.txt [9ms]
