2025-09-21 20:50:31.770 [info] Reading sessions from keychain...
2025-09-21 20:50:31.770 [info] Getting sessions for all scopes...
2025-09-21 20:50:32.001 [info] Got stored sessions!
2025-09-21 20:50:32.001 [info] Got 1 verified sessions.
2025-09-21 20:50:32.002 [info] Got 1 sessions for ...
2025-09-21 20:50:32.002 [info] Getting sessions for all scopes...
2025-09-21 20:50:32.003 [info] Got 1 sessions for ...
2025-09-21 20:50:32.003 [info] Getting sessions for all scopes...
2025-09-21 20:50:32.003 [info] Got 1 sessions for ...
2025-09-21 20:50:32.004 [info] Getting sessions for all scopes...
2025-09-21 20:50:32.004 [info] Got 1 sessions for ...
2025-09-21 20:50:32.004 [info] Getting sessions for all scopes...
2025-09-21 20:50:32.004 [info] Got 1 sessions for ...
2025-09-21 20:50:32.004 [info] Getting sessions for all scopes...
2025-09-21 20:50:32.004 [info] Got 1 sessions for ...
2025-09-21 20:50:32.005 [info] Getting sessions for all scopes...
2025-09-21 20:50:32.005 [info] Got 1 sessions for ...
2025-09-21 20:50:32.596 [info] Getting sessions for all scopes...
2025-09-21 20:50:32.596 [info] Got 1 sessions for ...
2025-09-21 20:50:32.597 [info] Getting sessions for all scopes...
2025-09-21 20:50:32.597 [info] Got 1 sessions for ...
2025-09-21 20:50:32.598 [info] Getting sessions for all scopes...
2025-09-21 20:50:32.598 [info] Got 1 sessions for ...
2025-09-21 20:50:32.598 [info] Getting sessions for all scopes...
2025-09-21 20:50:32.598 [info] Got 1 sessions for ...
2025-09-21 20:50:32.599 [info] Getting sessions for all scopes...
2025-09-21 20:50:32.599 [info] Got 1 sessions for ...
2025-09-21 20:50:32.600 [info] Getting sessions for all scopes...
2025-09-21 20:50:32.600 [info] Got 1 sessions for ...
2025-09-21 20:50:33.765 [info] Getting sessions for read:user,repo,user:email,workflow...
2025-09-21 20:50:33.767 [info] Got 0 sessions for read:user,repo,user:email,workflow...
2025-09-21 20:50:33.835 [info] Getting sessions for all scopes...
2025-09-21 20:50:33.835 [info] Got 1 sessions for ...
2025-09-21 20:50:34.192 [info] fetching: Electron fetch failed with status: 429 
2025-09-21 20:50:35.438 [info] fetching: Node fetch failed with status: 429 Too Many Requests
2025-09-21 20:50:36.086 [info] fetching: Node http/s failed with status: 429 Too Many Requests
2025-09-21 20:50:46.238 [info] Getting sessions for user:email...
2025-09-21 20:50:46.239 [info] Got 1 sessions for user:email...
2025-09-21 20:50:46.275 [info] Getting sessions for all scopes...
2025-09-21 20:50:46.275 [info] Got 1 sessions for ...
2025-09-21 20:50:46.333 [info] Getting sessions for all scopes...
2025-09-21 20:50:46.333 [info] Got 1 sessions for ...
2025-09-21 20:50:46.334 [info] Getting sessions for all scopes...
2025-09-21 20:50:46.334 [info] Got 1 sessions for ...
2025-09-21 20:50:46.336 [info] Getting sessions for all scopes...
2025-09-21 20:50:46.336 [info] Got 1 sessions for ...
2025-09-21 20:50:47.481 [info] Getting sessions for read:user,repo,user:email...
2025-09-21 20:50:47.481 [info] Got 0 sessions for read:user,repo,user:email...
2025-09-21 20:50:47.483 [info] Getting sessions for all scopes...
2025-09-21 20:50:47.483 [info] Got 1 sessions for ...
2025-09-21 20:50:47.483 [info] Getting sessions for all scopes...
2025-09-21 20:50:47.483 [info] Got 1 sessions for ...
2025-09-21 20:50:47.902 [info] Getting sessions for all scopes...
2025-09-21 20:50:47.902 [info] Got 1 sessions for ...
2025-09-21 20:50:48.781 [info] Getting sessions for read:user,repo,user:email,workflow...
2025-09-21 20:50:48.781 [info] Got 0 sessions for read:user,repo,user:email,workflow...
2025-09-21 20:50:49.718 [info] Getting sessions for all scopes...
2025-09-21 20:50:49.718 [info] Got 1 sessions for ...
2025-09-21 20:50:49.852 [info] Getting sessions for all scopes...
2025-09-21 20:50:49.852 [info] Got 1 sessions for ...
2025-09-21 20:50:49.852 [info] Getting sessions for read:user,repo,user:email,workflow...
2025-09-21 20:50:49.852 [info] Got 0 sessions for read:user,repo,user:email,workflow...
2025-09-21 20:50:49.985 [info] Getting sessions for user:email...
2025-09-21 20:50:49.985 [info] Got 1 sessions for user:email...
2025-09-21 20:50:49.986 [info] Getting sessions for read:user,repo,user:email,workflow...
2025-09-21 20:50:49.986 [info] Got 0 sessions for read:user,repo,user:email,workflow...
2025-09-21 20:50:50.456 [info] Getting sessions for all scopes...
2025-09-21 20:50:50.456 [info] Got 1 sessions for ...
2025-09-21 20:50:50.946 [info] Getting sessions for read:user...
2025-09-21 20:50:50.946 [info] Got 0 sessions for read:user...
2025-09-21 20:50:50.947 [info] Getting sessions for all scopes...
2025-09-21 20:50:50.947 [info] Got 1 sessions for ...
2025-09-21 20:50:50.948 [info] Getting sessions for user:email...
2025-09-21 20:50:50.948 [info] Got 1 sessions for user:email...
2025-09-21 20:50:51.023 [info] Getting sessions for all scopes...
2025-09-21 20:50:51.023 [info] Got 1 sessions for ...
2025-09-21 20:50:51.025 [info] Getting sessions for all scopes...
2025-09-21 20:50:51.025 [info] Got 1 sessions for ...
2025-09-21 20:50:51.182 [info] Getting sessions for read:user,repo,user:email...
2025-09-21 20:50:51.182 [info] Got 0 sessions for read:user,repo,user:email...
2025-09-21 20:50:51.183 [info] Getting sessions for user:email...
2025-09-21 20:50:51.183 [info] Got 1 sessions for user:email...
2025-09-21 20:50:51.268 [info] Getting sessions for read:user,repo,user:email,workflow...
2025-09-21 20:50:51.269 [info] Got 0 sessions for read:user,repo,user:email,workflow...
2025-09-21 20:50:51.423 [info] Getting sessions for all scopes...
2025-09-21 20:50:51.423 [info] Got 1 sessions for ...
2025-09-21 20:50:51.425 [info] Getting sessions for user:email...
2025-09-21 20:50:51.425 [info] Got 1 sessions for user:email...
2025-09-21 20:50:51.543 [info] Getting sessions for all scopes...
2025-09-21 20:50:51.543 [info] Got 1 sessions for ...
2025-09-21 20:50:51.547 [info] Getting sessions for read:user,repo,user:email,workflow...
2025-09-21 20:50:51.547 [info] Got 0 sessions for read:user,repo,user:email,workflow...
2025-09-21 20:50:51.594 [info] Getting sessions for user:email...
2025-09-21 20:50:51.594 [info] Got 1 sessions for user:email...
2025-09-21 20:50:51.595 [info] Getting sessions for read:user,repo,user:email,workflow...
2025-09-21 20:50:51.595 [info] Got 0 sessions for read:user,repo,user:email,workflow...
2025-09-21 20:50:51.608 [info] Getting sessions for all scopes...
2025-09-21 20:50:51.608 [info] Got 1 sessions for ...
2025-09-21 20:50:51.618 [info] Getting sessions for read:user,repo,user:email,workflow...
2025-09-21 20:50:51.618 [info] Got 0 sessions for read:user,repo,user:email,workflow...
2025-09-21 20:50:51.639 [info] Getting sessions for user:email...
2025-09-21 20:50:51.639 [info] Got 1 sessions for user:email...
2025-09-21 20:50:51.895 [info] Getting sessions for all scopes...
2025-09-21 20:50:51.895 [info] Got 1 sessions for ...
2025-09-21 20:50:51.899 [info] Getting sessions for all scopes...
2025-09-21 20:50:51.899 [info] Got 1 sessions for ...
2025-09-21 20:50:51.951 [info] Getting sessions for read:user,repo,user:email,workflow...
2025-09-21 20:50:51.951 [info] Got 0 sessions for read:user,repo,user:email,workflow...
2025-09-21 20:50:51.958 [info] Getting sessions for user:email...
2025-09-21 20:50:51.958 [info] Got 1 sessions for user:email...
2025-09-21 20:50:51.959 [info] Getting sessions for read:user,repo,user:email,workflow...
2025-09-21 20:50:51.959 [info] Got 0 sessions for read:user,repo,user:email,workflow...
2025-09-21 20:50:52.017 [info] Getting sessions for all scopes...
2025-09-21 20:50:52.017 [info] Got 1 sessions for ...
2025-09-21 20:50:52.029 [info] Getting sessions for read:user,repo,user:email,workflow...
2025-09-21 20:50:52.029 [info] Got 0 sessions for read:user,repo,user:email,workflow...
2025-09-21 20:50:52.031 [info] Getting sessions for user:email...
2025-09-21 20:50:52.031 [info] Got 1 sessions for user:email...
2025-09-21 20:50:52.627 [info] Getting sessions for all scopes...
2025-09-21 20:50:52.628 [info] Got 1 sessions for ...
2025-09-21 20:50:52.637 [info] Getting sessions for all scopes...
2025-09-21 20:50:52.637 [info] Got 1 sessions for ...
2025-09-21 20:50:52.711 [info] Getting sessions for read:user,repo,user:email,workflow...
2025-09-21 20:50:52.711 [info] Got 0 sessions for read:user,repo,user:email,workflow...
2025-09-21 20:50:52.736 [info] Getting sessions for user:email...
2025-09-21 20:50:52.736 [info] Got 1 sessions for user:email...
2025-09-21 20:50:52.743 [info] Getting sessions for read:user,repo,user:email,workflow...
2025-09-21 20:50:52.743 [info] Got 0 sessions for read:user,repo,user:email,workflow...
2025-09-21 20:50:52.776 [info] Getting sessions for all scopes...
2025-09-21 20:50:52.776 [info] Got 1 sessions for ...
2025-09-21 20:50:52.807 [info] Getting sessions for all scopes...
2025-09-21 20:50:52.807 [info] Got 1 sessions for ...
2025-09-21 20:50:52.810 [info] Getting sessions for all scopes...
2025-09-21 20:50:52.810 [info] Got 1 sessions for ...
2025-09-21 20:50:52.853 [info] Getting sessions for read:user,repo,user:email,workflow...
2025-09-21 20:50:52.853 [info] Got 0 sessions for read:user,repo,user:email,workflow...
2025-09-21 20:50:52.872 [info] Getting sessions for user:email...
2025-09-21 20:50:52.873 [info] Got 1 sessions for user:email...
2025-09-21 20:50:54.688 [info] Getting sessions for all scopes...
2025-09-21 20:50:54.688 [info] Got 1 sessions for ...
2025-09-27 19:20:46.099 [info] Getting sessions for read:user,repo,user:email...
2025-09-27 19:20:46.100 [info] Got 0 sessions for read:user,repo,user:email...
2025-09-28 16:21:55.113 [info] Getting sessions for read:user,repo,user:email,workflow...
2025-09-28 16:21:55.120 [info] Got 0 sessions for read:user,repo,user:email,workflow...
2025-09-28 16:21:55.132 [info] Getting sessions for read:user...
2025-09-28 16:21:55.132 [info] Got 0 sessions for read:user...
2025-09-28 16:21:55.136 [info] Getting sessions for user:email...
2025-09-28 16:21:55.136 [info] Got 1 sessions for user:email...
2025-09-28 16:46:56.312 [info] Getting sessions for read:user,repo,user:email,workflow...
2025-09-28 16:46:56.315 [info] Got 0 sessions for read:user,repo,user:email,workflow...
2025-09-28 16:46:56.322 [info] Getting sessions for read:user...
2025-09-28 16:46:56.322 [info] Got 0 sessions for read:user...
2025-09-28 16:46:56.324 [info] Getting sessions for user:email...
2025-09-28 16:46:56.324 [info] Got 1 sessions for user:email...
2025-09-28 16:49:21.651 [info] Getting sessions for all scopes...
2025-09-28 16:49:21.651 [info] Got 1 sessions for ...
2025-09-28 16:49:21.729 [info] Getting sessions for read:user,repo,user:email,workflow...
2025-09-28 16:49:21.729 [info] Got 0 sessions for read:user,repo,user:email,workflow...
2025-09-28 16:49:21.783 [info] Getting sessions for user:email...
2025-09-28 16:49:21.783 [info] Got 1 sessions for user:email...
2025-09-28 16:49:21.800 [info] Getting sessions for all scopes...
2025-09-28 16:49:21.800 [info] Got 1 sessions for ...
2025-09-28 16:49:21.810 [info] Getting sessions for read:user,repo,user:email,workflow...
2025-09-28 16:49:21.810 [info] Got 0 sessions for read:user,repo,user:email,workflow...
2025-09-28 16:49:21.818 [info] Getting sessions for user:email...
2025-09-28 16:49:21.818 [info] Got 1 sessions for user:email...
2025-09-28 16:49:22.215 [info] Getting sessions for all scopes...
2025-09-28 16:49:22.216 [info] Got 1 sessions for ...
2025-09-28 16:49:22.216 [info] Getting sessions for all scopes...
2025-09-28 16:49:22.216 [info] Got 1 sessions for ...
2025-09-28 16:49:22.221 [info] Getting sessions for read:user,repo,user:email,workflow...
2025-09-28 16:49:22.221 [info] Got 0 sessions for read:user,repo,user:email,workflow...
2025-09-28 16:49:22.230 [info] Getting sessions for user:email...
2025-09-28 16:49:22.230 [info] Got 1 sessions for user:email...
2025-09-28 16:49:22.230 [info] Getting sessions for read:user,repo,user:email,workflow...
2025-09-28 16:49:22.230 [info] Got 0 sessions for read:user,repo,user:email,workflow...
2025-09-28 16:49:22.233 [info] Getting sessions for all scopes...
2025-09-28 16:49:22.233 [info] Got 1 sessions for ...
2025-09-28 16:49:22.235 [info] Getting sessions for read:user,repo,user:email,workflow...
2025-09-28 16:49:22.235 [info] Got 0 sessions for read:user,repo,user:email,workflow...
2025-09-28 16:49:22.236 [info] Getting sessions for user:email...
2025-09-28 16:49:22.236 [info] Got 1 sessions for user:email...
2025-09-28 16:49:22.247 [info] Getting sessions for all scopes...
2025-09-28 16:49:22.247 [info] Got 1 sessions for ...
2025-09-28 16:49:22.248 [info] Getting sessions for all scopes...
2025-09-28 16:49:22.248 [info] Got 1 sessions for ...
2025-09-28 16:49:22.249 [info] Getting sessions for read:user,repo,user:email,workflow...
2025-09-28 16:49:22.249 [info] Got 0 sessions for read:user,repo,user:email,workflow...
2025-09-28 16:49:22.250 [info] Getting sessions for user:email...
2025-09-28 16:49:22.250 [info] Got 1 sessions for user:email...
2025-09-28 16:49:22.250 [info] Getting sessions for read:user,repo,user:email,workflow...
2025-09-28 16:49:22.250 [info] Got 0 sessions for read:user,repo,user:email,workflow...
2025-09-28 16:49:22.260 [info] Getting sessions for all scopes...
2025-09-28 16:49:22.260 [info] Got 1 sessions for ...
2025-09-28 16:49:22.263 [info] Getting sessions for read:user,repo,user:email,workflow...
2025-09-28 16:49:22.263 [info] Got 0 sessions for read:user,repo,user:email,workflow...
2025-09-28 16:49:22.265 [info] Getting sessions for user:email...
2025-09-28 16:49:22.265 [info] Got 1 sessions for user:email...
2025-09-28 16:49:22.600 [info] Getting sessions for all scopes...
2025-09-28 16:49:22.600 [info] Got 1 sessions for ...
2025-09-28 16:49:22.602 [info] Getting sessions for read:user,repo,user:email,workflow...
2025-09-28 16:49:22.602 [info] Got 0 sessions for read:user,repo,user:email,workflow...
2025-09-28 16:49:22.603 [info] Getting sessions for read:user,repo,user:email,workflow...
2025-09-28 16:49:22.603 [info] Got 0 sessions for read:user,repo,user:email,workflow...
2025-09-28 16:49:22.609 [info] Getting sessions for all scopes...
2025-09-28 16:49:22.609 [info] Got 1 sessions for ...
2025-09-28 16:49:22.611 [info] Getting sessions for read:user,repo,user:email,workflow...
2025-09-28 16:49:22.611 [info] Got 0 sessions for read:user,repo,user:email,workflow...
2025-09-28 16:49:22.614 [info] Getting sessions for user:email...
2025-09-28 16:49:22.614 [info] Got 1 sessions for user:email...
2025-09-28 16:49:27.615 [info] Getting sessions for all scopes...
2025-09-28 16:49:27.615 [info] Got 1 sessions for ...
2025-09-28 16:49:27.616 [info] Getting sessions for read:user,repo,user:email,workflow...
2025-09-28 16:49:27.616 [info] Got 0 sessions for read:user,repo,user:email,workflow...
2025-09-28 16:49:27.618 [info] Getting sessions for user:email...
2025-09-28 16:49:27.618 [info] Got 1 sessions for user:email...
2025-09-28 16:49:28.015 [info] Getting sessions for all scopes...
2025-09-28 16:49:28.015 [info] Got 1 sessions for ...
2025-09-28 16:49:28.017 [info] Getting sessions for read:user,repo,user:email,workflow...
2025-09-28 16:49:28.017 [info] Got 0 sessions for read:user,repo,user:email,workflow...
2025-09-28 16:49:28.018 [info] Getting sessions for user:email...
2025-09-28 16:49:28.018 [info] Got 1 sessions for user:email...
2025-09-28 16:49:28.175 [info] Getting sessions for all scopes...
2025-09-28 16:49:28.175 [info] Got 1 sessions for ...
2025-09-28 16:49:28.198 [info] Getting sessions for read:user,repo,user:email,workflow...
2025-09-28 16:49:28.198 [info] Got 0 sessions for read:user,repo,user:email,workflow...
2025-09-28 16:49:28.200 [info] Getting sessions for user:email...
2025-09-28 16:49:28.200 [info] Got 1 sessions for user:email...
2025-09-28 16:49:28.450 [info] Getting sessions for all scopes...
2025-09-28 16:49:28.450 [info] Got 1 sessions for ...
2025-09-28 16:49:28.452 [info] Getting sessions for read:user,repo,user:email,workflow...
2025-09-28 16:49:28.452 [info] Got 0 sessions for read:user,repo,user:email,workflow...
2025-09-28 16:49:28.453 [info] Getting sessions for user:email...
2025-09-28 16:49:28.453 [info] Got 1 sessions for user:email...
2025-09-28 16:49:31.063 [info] Getting sessions for all scopes...
2025-09-28 16:49:31.063 [info] Got 1 sessions for ...
2025-09-28 16:49:31.067 [info] Getting sessions for read:user,repo,user:email,workflow...
2025-09-28 16:49:31.067 [info] Got 0 sessions for read:user,repo,user:email,workflow...
2025-09-28 16:49:31.069 [info] Getting sessions for user:email...
2025-09-28 16:49:31.069 [info] Got 1 sessions for user:email...
2025-09-28 17:11:56.244 [info] Getting sessions for read:user,repo,user:email,workflow...
2025-09-28 17:11:56.244 [info] Got 0 sessions for read:user,repo,user:email,workflow...
2025-09-28 17:11:56.250 [info] Getting sessions for read:user...
2025-09-28 17:11:56.250 [info] Got 0 sessions for read:user...
2025-09-28 17:11:56.254 [info] Getting sessions for user:email...
2025-09-28 17:11:56.255 [info] Got 1 sessions for user:email...
2025-09-28 17:13:45.291 [info] Getting sessions for read:user,repo,user:email...
2025-09-28 17:13:45.291 [info] Got 0 sessions for read:user,repo,user:email...
2025-09-28 17:16:16.650 [info] Getting sessions for read:user,repo,user:email...
2025-09-28 17:16:16.650 [info] Got 0 sessions for read:user,repo,user:email...
2025-09-28 18:20:47.033 [info] Getting sessions for read:user,repo,user:email...
2025-09-28 18:20:47.033 [info] Got 0 sessions for read:user,repo,user:email...
2025-09-28 18:21:00.649 [info] Getting sessions for read:user,repo,user:email,workflow...
2025-09-28 18:21:00.649 [info] Got 0 sessions for read:user,repo,user:email,workflow...
2025-09-28 18:21:00.659 [info] Getting sessions for read:user...
2025-09-28 18:21:00.659 [info] Got 0 sessions for read:user...
2025-09-28 18:21:00.662 [info] Getting sessions for user:email...
2025-09-28 18:21:00.662 [info] Got 1 sessions for user:email...
2025-09-28 18:22:14.616 [info] Getting sessions for read:user,repo,user:email...
2025-09-28 18:22:14.616 [info] Got 0 sessions for read:user,repo,user:email...
