2025-09-21 13:56:31.974 [info] Reading sessions from keychain...
2025-09-21 13:56:32.009 [info] Getting sessions for all scopes...
2025-09-21 13:56:33.037 [info] Got stored sessions!
2025-09-21 13:56:33.037 [info] Got 1 verified sessions.
2025-09-21 13:56:33.037 [info] Got 1 sessions for ...
2025-09-21 13:56:33.037 [info] Getting sessions for all scopes...
2025-09-21 13:56:33.037 [info] Got 1 sessions for ...
2025-09-21 13:56:33.037 [info] Getting sessions for all scopes...
2025-09-21 13:56:33.037 [info] Got 1 sessions for ...
2025-09-21 13:56:33.038 [info] Getting sessions for all scopes...
2025-09-21 13:56:33.038 [info] Got 1 sessions for ...
2025-09-21 13:56:33.038 [info] Getting sessions for all scopes...
2025-09-21 13:56:33.038 [info] Got 1 sessions for ...
2025-09-21 13:56:33.038 [info] Getting sessions for all scopes...
2025-09-21 13:56:33.038 [info] Got 1 sessions for ...
2025-09-21 13:56:33.038 [info] Getting sessions for all scopes...
2025-09-21 13:56:33.038 [info] Got 1 sessions for ...
2025-09-21 13:56:34.052 [info] Getting sessions for all scopes...
2025-09-21 13:56:34.052 [info] Got 1 sessions for ...
2025-09-21 13:56:34.052 [info] Getting sessions for all scopes...
2025-09-21 13:56:34.052 [info] Got 1 sessions for ...
2025-09-21 13:56:34.052 [info] Getting sessions for all scopes...
2025-09-21 13:56:34.052 [info] Got 1 sessions for ...
2025-09-21 13:56:34.053 [info] Getting sessions for all scopes...
2025-09-21 13:56:34.053 [info] Got 1 sessions for ...
2025-09-21 13:56:34.053 [info] Getting sessions for all scopes...
2025-09-21 13:56:34.053 [info] Got 1 sessions for ...
2025-09-21 13:56:34.053 [info] Getting sessions for all scopes...
2025-09-21 13:56:34.053 [info] Got 1 sessions for ...
2025-09-21 13:56:35.246 [info] fetching: Electron fetch failed with status: 429 
2025-09-21 13:56:52.951 [info] Getting sessions for read:user,repo,user:email,workflow...
2025-09-21 13:56:52.951 [info] Got 0 sessions for read:user,repo,user:email,workflow...
2025-09-21 13:56:53.262 [info] Getting sessions for all scopes...
2025-09-21 13:56:53.262 [info] Got 1 sessions for ...
2025-09-21 13:56:55.417 [info] fetching: Node fetch failed with status: 429 Too Many Requests
2025-09-21 13:56:55.575 [info] Getting sessions for read:user,repo,user:email...
2025-09-21 13:56:55.575 [info] Got 0 sessions for read:user,repo,user:email...
2025-09-21 13:56:57.045 [info] Getting sessions for all scopes...
2025-09-21 13:56:57.045 [info] Got 1 sessions for ...
2025-09-21 13:56:57.221 [info] Getting sessions for all scopes...
2025-09-21 13:56:57.221 [info] Got 1 sessions for ...
2025-09-21 13:56:57.222 [info] Getting sessions for read:user,repo,user:email,workflow...
2025-09-21 13:56:57.222 [info] Got 0 sessions for read:user,repo,user:email,workflow...
2025-09-21 13:56:57.362 [info] fetching: Node http/s failed with status: 429 Too Many Requests
2025-09-21 13:56:57.444 [info] Getting sessions for read:user,repo,user:email...
2025-09-21 13:56:57.444 [info] Got 0 sessions for read:user,repo,user:email...
2025-09-21 13:56:59.557 [info] Getting sessions for read:user...
2025-09-21 13:56:59.575 [info] Got 0 sessions for read:user...
2025-09-21 13:56:59.902 [info] Getting sessions for all scopes...
2025-09-21 13:56:59.902 [info] Got 1 sessions for ...
2025-09-21 13:56:59.903 [info] Getting sessions for all scopes...
2025-09-21 13:56:59.903 [info] Got 1 sessions for ...
2025-09-21 13:57:00.141 [info] Getting sessions for user:email...
2025-09-21 13:57:00.142 [info] Got 1 sessions for user:email...
2025-09-21 13:57:00.357 [info] Getting sessions for read:user,repo,user:email,workflow...
2025-09-21 13:57:00.357 [info] Got 0 sessions for read:user,repo,user:email,workflow...
2025-09-21 13:57:00.912 [info] Getting sessions for user:email...
2025-09-21 13:57:00.912 [info] Got 1 sessions for user:email...
2025-09-21 13:57:00.912 [info] Getting sessions for read:user,repo,user:email,workflow...
2025-09-21 13:57:00.912 [info] Got 0 sessions for read:user,repo,user:email,workflow...
2025-09-21 13:57:01.508 [info] Getting sessions for all scopes...
2025-09-21 13:57:01.508 [info] Got 1 sessions for ...
2025-09-21 13:57:01.564 [info] Getting sessions for read:user,repo,user:email,workflow...
2025-09-21 13:57:01.564 [info] Got 0 sessions for read:user,repo,user:email,workflow...
2025-09-21 13:57:01.572 [info] Getting sessions for user:email...
2025-09-21 13:57:01.572 [info] Got 1 sessions for user:email...
2025-09-21 13:57:01.585 [info] Getting sessions for all scopes...
2025-09-21 13:57:01.586 [info] Got 1 sessions for ...
2025-09-21 13:57:01.595 [info] Getting sessions for read:user,repo,user:email,workflow...
2025-09-21 13:57:01.595 [info] Got 0 sessions for read:user,repo,user:email,workflow...
2025-09-21 13:57:01.604 [info] Getting sessions for user:email...
2025-09-21 13:57:01.604 [info] Got 1 sessions for user:email...
2025-09-21 13:57:02.692 [info] Getting sessions for all scopes...
2025-09-21 13:57:02.692 [info] Got 1 sessions for ...
2025-09-21 13:57:02.701 [info] Getting sessions for all scopes...
2025-09-21 13:57:02.701 [info] Got 1 sessions for ...
2025-09-21 13:57:03.176 [info] Getting sessions for read:user,repo,user:email,workflow...
2025-09-21 13:57:03.176 [info] Got 0 sessions for read:user,repo,user:email,workflow...
2025-09-21 13:57:03.452 [info] Getting sessions for user:email...
2025-09-21 13:57:03.452 [info] Got 1 sessions for user:email...
2025-09-21 13:57:03.453 [info] Getting sessions for read:user,repo,user:email,workflow...
2025-09-21 13:57:03.453 [info] Got 0 sessions for read:user,repo,user:email,workflow...
2025-09-21 13:57:03.488 [info] Getting sessions for all scopes...
2025-09-21 13:57:03.488 [info] Got 1 sessions for ...
2025-09-21 13:57:03.512 [info] Getting sessions for read:user,repo,user:email,workflow...
2025-09-21 13:57:03.512 [info] Got 0 sessions for read:user,repo,user:email,workflow...
2025-09-21 13:57:03.520 [info] Getting sessions for user:email...
2025-09-21 13:57:03.520 [info] Got 1 sessions for user:email...
2025-09-21 13:57:04.012 [info] Getting sessions for all scopes...
2025-09-21 13:57:04.012 [info] Got 1 sessions for ...
2025-09-21 13:57:04.018 [info] Getting sessions for all scopes...
2025-09-21 13:57:04.018 [info] Got 1 sessions for ...
2025-09-21 13:57:04.083 [info] Getting sessions for read:user,repo,user:email,workflow...
2025-09-21 13:57:04.084 [info] Got 0 sessions for read:user,repo,user:email,workflow...
2025-09-21 13:57:04.127 [info] Getting sessions for user:email...
2025-09-21 13:57:04.127 [info] Got 1 sessions for user:email...
2025-09-21 13:57:04.127 [info] Getting sessions for read:user,repo,user:email,workflow...
2025-09-21 13:57:04.127 [info] Got 0 sessions for read:user,repo,user:email,workflow...
2025-09-21 13:57:04.190 [info] Getting sessions for all scopes...
2025-09-21 13:57:04.190 [info] Got 1 sessions for ...
2025-09-21 13:57:04.202 [info] Getting sessions for all scopes...
2025-09-21 13:57:04.202 [info] Got 1 sessions for ...
2025-09-21 13:57:04.206 [info] Getting sessions for all scopes...
2025-09-21 13:57:04.206 [info] Got 1 sessions for ...
2025-09-21 13:57:04.220 [info] Getting sessions for read:user,repo,user:email,workflow...
2025-09-21 13:57:04.220 [info] Got 0 sessions for read:user,repo,user:email,workflow...
2025-09-21 13:57:04.242 [info] Getting sessions for user:email...
2025-09-21 13:57:04.242 [info] Got 1 sessions for user:email...
2025-09-21 13:57:08.327 [info] Getting sessions for all scopes...
2025-09-21 13:57:08.327 [info] Got 1 sessions for ...
2025-09-21 13:57:08.364 [info] Getting sessions for read:user,repo,user:email,workflow...
2025-09-21 13:57:08.364 [info] Got 0 sessions for read:user,repo,user:email,workflow...
2025-09-21 13:57:08.387 [info] Getting sessions for user:email...
2025-09-21 13:57:08.387 [info] Got 1 sessions for user:email...
2025-09-21 13:57:08.952 [info] Getting sessions for all scopes...
2025-09-21 13:57:08.952 [info] Got 1 sessions for ...
2025-09-21 13:57:08.961 [info] Getting sessions for read:user,repo,user:email,workflow...
2025-09-21 13:57:08.962 [info] Got 0 sessions for read:user,repo,user:email,workflow...
2025-09-21 13:57:08.969 [info] Getting sessions for user:email...
2025-09-21 13:57:08.969 [info] Got 1 sessions for user:email...
2025-09-21 13:57:09.363 [info] Getting sessions for all scopes...
2025-09-21 13:57:09.363 [info] Got 1 sessions for ...
2025-09-21 13:57:09.368 [info] Getting sessions for read:user,repo,user:email,workflow...
2025-09-21 13:57:09.368 [info] Got 0 sessions for read:user,repo,user:email,workflow...
2025-09-21 13:57:09.376 [info] Getting sessions for user:email...
2025-09-21 13:57:09.376 [info] Got 1 sessions for user:email...
2025-09-21 13:57:14.855 [info] Getting sessions for read:user,repo,user:email...
2025-09-21 13:57:14.856 [info] Got 0 sessions for read:user,repo,user:email...
2025-09-21 13:57:15.579 [info] Getting sessions for user:email...
2025-09-21 13:57:15.579 [info] Got 1 sessions for user:email...
2025-09-21 13:57:16.231 [info] Getting sessions for all scopes...
2025-09-21 13:57:16.231 [info] Got 1 sessions for ...
2025-09-21 13:57:18.511 [info] Getting sessions for all scopes...
2025-09-21 13:57:18.511 [info] Got 1 sessions for ...
2025-09-21 13:57:18.517 [info] Getting sessions for all scopes...
2025-09-21 13:57:18.517 [info] Got 1 sessions for ...
2025-09-21 13:57:18.564 [info] Getting sessions for all scopes...
2025-09-21 13:57:18.564 [info] Got 1 sessions for ...
2025-09-21 13:58:39.453 [info] Getting sessions for all scopes...
2025-09-21 13:58:39.455 [info] Got 1 sessions for ...
2025-09-21 13:58:39.463 [info] Getting sessions for read:user,repo,user:email,workflow...
2025-09-21 13:58:39.467 [info] Got 0 sessions for read:user,repo,user:email,workflow...
2025-09-21 13:58:39.471 [info] Getting sessions for user:email...
2025-09-21 13:58:39.471 [info] Got 1 sessions for user:email...
2025-09-21 13:59:21.650 [info] Getting sessions for all scopes...
2025-09-21 13:59:21.650 [info] Got 1 sessions for ...
2025-09-21 13:59:21.655 [info] Getting sessions for read:user,repo,user:email,workflow...
2025-09-21 13:59:21.656 [info] Got 0 sessions for read:user,repo,user:email,workflow...
2025-09-21 13:59:21.659 [info] Getting sessions for user:email...
2025-09-21 13:59:21.659 [info] Got 1 sessions for user:email...
2025-09-21 13:59:23.200 [info] Getting sessions for all scopes...
2025-09-21 13:59:23.200 [info] Got 1 sessions for ...
2025-09-21 13:59:23.216 [info] Getting sessions for read:user,repo,user:email,workflow...
2025-09-21 13:59:23.216 [info] Got 0 sessions for read:user,repo,user:email,workflow...
2025-09-21 13:59:23.227 [info] Getting sessions for user:email...
2025-09-21 13:59:23.227 [info] Got 1 sessions for user:email...
2025-09-21 13:59:28.741 [info] Getting sessions for all scopes...
2025-09-21 13:59:28.741 [info] Got 1 sessions for ...
2025-09-21 13:59:28.743 [info] Getting sessions for read:user,repo,user:email,workflow...
2025-09-21 13:59:28.743 [info] Got 0 sessions for read:user,repo,user:email,workflow...
2025-09-21 13:59:28.745 [info] Getting sessions for user:email...
2025-09-21 13:59:28.745 [info] Got 1 sessions for user:email...
2025-09-21 13:59:41.016 [info] Getting sessions for all scopes...
2025-09-21 13:59:41.016 [info] Got 1 sessions for ...
2025-09-21 13:59:41.028 [info] Getting sessions for read:user,repo,user:email,workflow...
2025-09-21 13:59:41.047 [info] Got 0 sessions for read:user,repo,user:email,workflow...
2025-09-21 13:59:41.096 [info] Getting sessions for user:email...
2025-09-21 13:59:41.096 [info] Got 1 sessions for user:email...
2025-09-21 13:59:42.702 [info] Getting sessions for all scopes...
2025-09-21 13:59:42.703 [info] Got 1 sessions for ...
2025-09-21 13:59:42.729 [info] Getting sessions for read:user,repo,user:email,workflow...
2025-09-21 13:59:42.729 [info] Got 0 sessions for read:user,repo,user:email,workflow...
2025-09-21 13:59:42.743 [info] Getting sessions for user:email...
2025-09-21 13:59:42.743 [info] Got 1 sessions for user:email...
2025-09-21 13:59:49.506 [info] Getting sessions for all scopes...
2025-09-21 13:59:49.506 [info] Got 1 sessions for ...
2025-09-21 13:59:49.549 [info] Getting sessions for read:user,repo,user:email,workflow...
2025-09-21 13:59:49.549 [info] Got 0 sessions for read:user,repo,user:email,workflow...
2025-09-21 13:59:49.551 [info] Getting sessions for user:email...
2025-09-21 13:59:49.552 [info] Got 1 sessions for user:email...
2025-09-21 14:00:03.299 [info] Getting sessions for all scopes...
2025-09-21 14:00:03.299 [info] Got 1 sessions for ...
2025-09-21 14:00:03.320 [info] Getting sessions for read:user,repo,user:email,workflow...
2025-09-21 14:00:03.320 [info] Got 0 sessions for read:user,repo,user:email,workflow...
2025-09-21 14:00:03.334 [info] Getting sessions for user:email...
2025-09-21 14:00:03.334 [info] Got 1 sessions for user:email...
2025-09-21 14:00:09.503 [info] Getting sessions for all scopes...
2025-09-21 14:00:09.503 [info] Got 1 sessions for ...
2025-09-21 14:00:09.522 [info] Getting sessions for read:user,repo,user:email,workflow...
2025-09-21 14:00:09.522 [info] Got 0 sessions for read:user,repo,user:email,workflow...
2025-09-21 14:00:09.535 [info] Getting sessions for user:email...
2025-09-21 14:00:09.535 [info] Got 1 sessions for user:email...
2025-09-21 14:00:28.628 [info] Getting sessions for all scopes...
2025-09-21 14:00:28.628 [info] Got 1 sessions for ...
2025-09-21 14:00:28.736 [info] Getting sessions for read:user,repo,user:email,workflow...
2025-09-21 14:00:28.736 [info] Got 0 sessions for read:user,repo,user:email,workflow...
2025-09-21 14:00:28.749 [info] Getting sessions for user:email...
2025-09-21 14:00:28.749 [info] Got 1 sessions for user:email...
2025-09-21 14:00:30.429 [info] Getting sessions for all scopes...
2025-09-21 14:00:30.429 [info] Got 1 sessions for ...
2025-09-21 14:00:30.434 [info] Getting sessions for read:user,repo,user:email,workflow...
2025-09-21 14:00:30.434 [info] Got 0 sessions for read:user,repo,user:email,workflow...
2025-09-21 14:00:30.441 [info] Getting sessions for user:email...
2025-09-21 14:00:30.441 [info] Got 1 sessions for user:email...
2025-09-21 14:00:33.533 [info] Getting sessions for all scopes...
2025-09-21 14:00:33.533 [info] Got 1 sessions for ...
2025-09-21 14:00:33.549 [info] Getting sessions for read:user,repo,user:email,workflow...
2025-09-21 14:00:33.549 [info] Got 0 sessions for read:user,repo,user:email,workflow...
2025-09-21 14:00:33.559 [info] Getting sessions for user:email...
2025-09-21 14:00:33.559 [info] Got 1 sessions for user:email...
2025-09-21 14:00:45.211 [info] Getting sessions for all scopes...
2025-09-21 14:00:45.211 [info] Got 1 sessions for ...
2025-09-21 14:00:45.228 [info] Getting sessions for read:user,repo,user:email,workflow...
2025-09-21 14:00:45.228 [info] Got 0 sessions for read:user,repo,user:email,workflow...
2025-09-21 14:00:45.241 [info] Getting sessions for user:email...
2025-09-21 14:00:45.241 [info] Got 1 sessions for user:email...
2025-09-21 14:00:45.318 [info] Getting sessions for all scopes...
2025-09-21 14:00:45.318 [info] Got 1 sessions for ...
2025-09-21 14:00:45.327 [info] Getting sessions for read:user,repo,user:email,workflow...
2025-09-21 14:00:45.327 [info] Got 0 sessions for read:user,repo,user:email,workflow...
2025-09-21 14:00:45.332 [info] Getting sessions for user:email...
2025-09-21 14:00:45.333 [info] Got 1 sessions for user:email...
2025-09-21 14:00:49.508 [info] Getting sessions for all scopes...
2025-09-21 14:00:49.508 [info] Got 1 sessions for ...
2025-09-21 14:00:49.514 [info] Getting sessions for read:user,repo,user:email,workflow...
2025-09-21 14:00:49.515 [info] Got 0 sessions for read:user,repo,user:email,workflow...
2025-09-21 14:00:49.524 [info] Getting sessions for user:email...
2025-09-21 14:00:49.524 [info] Got 1 sessions for user:email...
2025-09-21 14:00:50.315 [info] Getting sessions for all scopes...
2025-09-21 14:00:50.316 [info] Got 1 sessions for ...
2025-09-21 14:00:50.322 [info] Getting sessions for read:user,repo,user:email,workflow...
2025-09-21 14:00:50.322 [info] Got 0 sessions for read:user,repo,user:email,workflow...
2025-09-21 14:00:50.325 [info] Getting sessions for user:email...
2025-09-21 14:00:50.325 [info] Got 1 sessions for user:email...
2025-09-21 14:00:51.043 [info] Getting sessions for all scopes...
2025-09-21 14:00:51.043 [info] Got 1 sessions for ...
2025-09-21 14:00:51.074 [info] Getting sessions for read:user,repo,user:email,workflow...
2025-09-21 14:00:51.074 [info] Got 0 sessions for read:user,repo,user:email,workflow...
2025-09-21 14:00:51.095 [info] Getting sessions for user:email...
2025-09-21 14:00:51.095 [info] Got 1 sessions for user:email...
2025-09-21 14:00:52.326 [info] Getting sessions for all scopes...
2025-09-21 14:00:52.326 [info] Got 1 sessions for ...
2025-09-21 14:00:52.333 [info] Getting sessions for read:user,repo,user:email,workflow...
2025-09-21 14:00:52.333 [info] Got 0 sessions for read:user,repo,user:email,workflow...
2025-09-21 14:00:52.346 [info] Getting sessions for user:email...
2025-09-21 14:00:52.346 [info] Got 1 sessions for user:email...
2025-09-21 14:01:01.976 [info] Getting sessions for all scopes...
2025-09-21 14:01:01.976 [info] Got 1 sessions for ...
2025-09-21 14:01:01.978 [info] Getting sessions for read:user,repo,user:email,workflow...
2025-09-21 14:01:01.978 [info] Got 0 sessions for read:user,repo,user:email,workflow...
2025-09-21 14:01:01.980 [info] Getting sessions for user:email...
2025-09-21 14:01:01.980 [info] Got 1 sessions for user:email...
2025-09-21 14:01:03.958 [info] Getting sessions for all scopes...
2025-09-21 14:01:03.958 [info] Got 1 sessions for ...
2025-09-21 14:01:03.999 [info] Getting sessions for read:user,repo,user:email,workflow...
2025-09-21 14:01:03.999 [info] Got 0 sessions for read:user,repo,user:email,workflow...
2025-09-21 14:01:04.086 [info] Getting sessions for user:email...
2025-09-21 14:01:04.087 [info] Got 1 sessions for user:email...
2025-09-21 14:01:05.124 [info] Getting sessions for all scopes...
2025-09-21 14:01:05.124 [info] Got 1 sessions for ...
2025-09-21 14:01:05.152 [info] Getting sessions for read:user,repo,user:email,workflow...
2025-09-21 14:01:05.152 [info] Got 0 sessions for read:user,repo,user:email,workflow...
2025-09-21 14:01:05.185 [info] Getting sessions for user:email...
2025-09-21 14:01:05.185 [info] Got 1 sessions for user:email...
2025-09-21 14:01:10.445 [info] Getting sessions for all scopes...
2025-09-21 14:01:10.445 [info] Got 1 sessions for ...
2025-09-21 14:01:10.462 [info] Getting sessions for read:user,repo,user:email,workflow...
2025-09-21 14:01:10.462 [info] Got 0 sessions for read:user,repo,user:email,workflow...
2025-09-21 14:01:10.472 [info] Getting sessions for user:email...
2025-09-21 14:01:10.472 [info] Got 1 sessions for user:email...
2025-09-21 14:01:12.656 [info] Getting sessions for all scopes...
2025-09-21 14:01:12.656 [info] Got 1 sessions for ...
2025-09-21 14:01:12.659 [info] Getting sessions for read:user,repo,user:email,workflow...
2025-09-21 14:01:12.660 [info] Got 0 sessions for read:user,repo,user:email,workflow...
2025-09-21 14:01:12.670 [info] Getting sessions for user:email...
2025-09-21 14:01:12.670 [info] Got 1 sessions for user:email...
2025-09-21 14:01:27.152 [info] Getting sessions for all scopes...
2025-09-21 14:01:27.152 [info] Got 1 sessions for ...
2025-09-21 14:01:27.159 [info] Getting sessions for read:user,repo,user:email,workflow...
2025-09-21 14:01:27.159 [info] Got 0 sessions for read:user,repo,user:email,workflow...
2025-09-21 14:01:27.166 [info] Getting sessions for user:email...
2025-09-21 14:01:27.166 [info] Got 1 sessions for user:email...
2025-09-21 14:01:29.107 [info] Getting sessions for all scopes...
2025-09-21 14:01:29.107 [info] Got 1 sessions for ...
2025-09-21 14:01:29.226 [info] Getting sessions for read:user,repo,user:email,workflow...
2025-09-21 14:01:29.226 [info] Got 0 sessions for read:user,repo,user:email,workflow...
2025-09-21 14:01:29.254 [info] Getting sessions for user:email...
2025-09-21 14:01:29.254 [info] Got 1 sessions for user:email...
2025-09-21 14:01:29.853 [info] Getting sessions for all scopes...
2025-09-21 14:01:29.853 [info] Got 1 sessions for ...
2025-09-21 14:01:29.854 [info] Getting sessions for read:user,repo,user:email,workflow...
2025-09-21 14:01:29.854 [info] Got 0 sessions for read:user,repo,user:email,workflow...
2025-09-21 14:01:29.858 [info] Getting sessions for user:email...
2025-09-21 14:01:29.858 [info] Got 1 sessions for user:email...
2025-09-21 14:01:30.951 [info] Getting sessions for all scopes...
2025-09-21 14:01:30.951 [info] Got 1 sessions for ...
2025-09-21 14:01:30.959 [info] Getting sessions for read:user,repo,user:email,workflow...
2025-09-21 14:01:30.960 [info] Got 0 sessions for read:user,repo,user:email,workflow...
2025-09-21 14:01:30.969 [info] Getting sessions for user:email...
2025-09-21 14:01:30.970 [info] Got 1 sessions for user:email...
2025-09-21 14:01:36.823 [info] Getting sessions for all scopes...
2025-09-21 14:01:36.823 [info] Got 1 sessions for ...
2025-09-21 14:01:36.873 [info] Getting sessions for read:user,repo,user:email,workflow...
2025-09-21 14:01:36.873 [info] Got 0 sessions for read:user,repo,user:email,workflow...
2025-09-21 14:01:37.133 [info] Getting sessions for user:email...
2025-09-21 14:01:37.133 [info] Got 1 sessions for user:email...
2025-09-21 14:01:38.445 [info] Getting sessions for all scopes...
2025-09-21 14:01:38.446 [info] Got 1 sessions for ...
2025-09-21 14:01:38.535 [info] Getting sessions for read:user,repo,user:email,workflow...
2025-09-21 14:01:38.535 [info] Got 0 sessions for read:user,repo,user:email,workflow...
2025-09-21 14:01:38.572 [info] Getting sessions for user:email...
2025-09-21 14:01:38.572 [info] Got 1 sessions for user:email...
2025-09-21 14:01:41.505 [info] Getting sessions for all scopes...
2025-09-21 14:01:41.505 [info] Got 1 sessions for ...
2025-09-21 14:01:41.519 [info] Getting sessions for read:user,repo,user:email,workflow...
2025-09-21 14:01:41.519 [info] Got 0 sessions for read:user,repo,user:email,workflow...
2025-09-21 14:01:41.522 [info] Getting sessions for user:email...
2025-09-21 14:01:41.522 [info] Got 1 sessions for user:email...
2025-09-21 14:01:45.672 [info] Getting sessions for all scopes...
2025-09-21 14:01:45.672 [info] Got 1 sessions for ...
2025-09-21 14:01:45.682 [info] Getting sessions for read:user,repo,user:email,workflow...
2025-09-21 14:01:45.683 [info] Got 0 sessions for read:user,repo,user:email,workflow...
2025-09-21 14:01:45.689 [info] Getting sessions for user:email...
2025-09-21 14:01:45.689 [info] Got 1 sessions for user:email...
2025-09-21 14:01:47.391 [info] Getting sessions for all scopes...
2025-09-21 14:01:47.391 [info] Got 1 sessions for ...
2025-09-21 14:01:47.418 [info] Getting sessions for read:user,repo,user:email,workflow...
2025-09-21 14:01:47.418 [info] Got 0 sessions for read:user,repo,user:email,workflow...
2025-09-21 14:01:47.433 [info] Getting sessions for user:email...
2025-09-21 14:01:47.433 [info] Got 1 sessions for user:email...
2025-09-21 14:01:52.944 [info] Getting sessions for all scopes...
2025-09-21 14:01:52.944 [info] Got 1 sessions for ...
2025-09-21 14:01:52.971 [info] Getting sessions for read:user,repo,user:email,workflow...
2025-09-21 14:01:52.971 [info] Got 0 sessions for read:user,repo,user:email,workflow...
2025-09-21 14:01:52.979 [info] Getting sessions for user:email...
2025-09-21 14:01:52.979 [info] Got 1 sessions for user:email...
2025-09-21 14:02:36.851 [info] Getting sessions for all scopes...
2025-09-21 14:02:36.851 [info] Got 1 sessions for ...
2025-09-21 14:02:36.926 [info] Getting sessions for read:user,repo,user:email,workflow...
2025-09-21 14:02:36.926 [info] Got 0 sessions for read:user,repo,user:email,workflow...
2025-09-21 14:02:36.936 [info] Getting sessions for user:email...
2025-09-21 14:02:36.936 [info] Got 1 sessions for user:email...
2025-09-21 14:02:38.620 [info] Getting sessions for all scopes...
2025-09-21 14:02:38.620 [info] Got 1 sessions for ...
2025-09-21 14:02:38.628 [info] Getting sessions for read:user,repo,user:email,workflow...
2025-09-21 14:02:38.628 [info] Got 0 sessions for read:user,repo,user:email,workflow...
2025-09-21 14:02:38.635 [info] Getting sessions for user:email...
2025-09-21 14:02:38.635 [info] Got 1 sessions for user:email...
2025-09-21 14:02:39.249 [info] Getting sessions for all scopes...
2025-09-21 14:02:39.249 [info] Got 1 sessions for ...
2025-09-21 14:02:39.253 [info] Getting sessions for read:user,repo,user:email,workflow...
2025-09-21 14:02:39.253 [info] Got 0 sessions for read:user,repo,user:email,workflow...
2025-09-21 14:02:39.263 [info] Getting sessions for user:email...
2025-09-21 14:02:39.263 [info] Got 1 sessions for user:email...
2025-09-21 14:04:37.298 [info] Getting sessions for all scopes...
2025-09-21 14:04:37.298 [info] Got 1 sessions for ...
2025-09-21 14:04:37.344 [info] Getting sessions for read:user,repo,user:email,workflow...
2025-09-21 14:04:37.345 [info] Got 0 sessions for read:user,repo,user:email,workflow...
2025-09-21 14:04:37.363 [info] Getting sessions for user:email...
2025-09-21 14:04:37.363 [info] Got 1 sessions for user:email...
2025-09-21 14:04:38.880 [info] Getting sessions for all scopes...
2025-09-21 14:04:38.880 [info] Got 1 sessions for ...
2025-09-21 14:04:38.885 [info] Getting sessions for read:user,repo,user:email,workflow...
2025-09-21 14:04:38.885 [info] Got 0 sessions for read:user,repo,user:email,workflow...
2025-09-21 14:04:38.889 [info] Getting sessions for user:email...
2025-09-21 14:04:38.889 [info] Got 1 sessions for user:email...
2025-09-21 14:04:40.039 [info] Getting sessions for all scopes...
2025-09-21 14:04:40.039 [info] Got 1 sessions for ...
2025-09-21 14:04:40.235 [info] Getting sessions for read:user,repo,user:email,workflow...
2025-09-21 14:04:40.236 [info] Got 0 sessions for read:user,repo,user:email,workflow...
2025-09-21 14:04:40.272 [info] Getting sessions for user:email...
2025-09-21 14:04:40.272 [info] Got 1 sessions for user:email...
2025-09-21 14:04:41.141 [info] Getting sessions for all scopes...
2025-09-21 14:04:41.141 [info] Got 1 sessions for ...
2025-09-21 14:04:41.175 [info] Getting sessions for read:user,repo,user:email,workflow...
2025-09-21 14:04:41.175 [info] Got 0 sessions for read:user,repo,user:email,workflow...
2025-09-21 14:04:41.213 [info] Getting sessions for user:email...
2025-09-21 14:04:41.213 [info] Got 1 sessions for user:email...
2025-09-21 14:04:41.940 [info] Getting sessions for all scopes...
2025-09-21 14:04:41.940 [info] Got 1 sessions for ...
2025-09-21 14:04:41.974 [info] Getting sessions for read:user,repo,user:email,workflow...
2025-09-21 14:04:41.974 [info] Got 0 sessions for read:user,repo,user:email,workflow...
2025-09-21 14:04:41.977 [info] Getting sessions for user:email...
2025-09-21 14:04:41.977 [info] Got 1 sessions for user:email...
2025-09-21 14:04:44.287 [info] Getting sessions for all scopes...
2025-09-21 14:04:44.287 [info] Got 1 sessions for ...
2025-09-21 14:04:44.400 [info] Getting sessions for read:user,repo,user:email,workflow...
2025-09-21 14:04:44.400 [info] Got 0 sessions for read:user,repo,user:email,workflow...
2025-09-21 14:04:44.432 [info] Getting sessions for user:email...
2025-09-21 14:04:44.432 [info] Got 1 sessions for user:email...
2025-09-21 14:04:44.986 [info] Getting sessions for all scopes...
2025-09-21 14:04:44.986 [info] Got 1 sessions for ...
2025-09-21 14:04:44.992 [info] Getting sessions for read:user,repo,user:email,workflow...
2025-09-21 14:04:44.992 [info] Got 0 sessions for read:user,repo,user:email,workflow...
2025-09-21 14:04:45.006 [info] Getting sessions for user:email...
2025-09-21 14:04:45.006 [info] Got 1 sessions for user:email...
2025-09-21 14:04:47.040 [info] Getting sessions for all scopes...
2025-09-21 14:04:47.040 [info] Got 1 sessions for ...
2025-09-21 14:04:47.046 [info] Getting sessions for read:user,repo,user:email,workflow...
2025-09-21 14:04:47.047 [info] Got 0 sessions for read:user,repo,user:email,workflow...
2025-09-21 14:04:47.056 [info] Getting sessions for user:email...
2025-09-21 14:04:47.056 [info] Got 1 sessions for user:email...
2025-09-21 14:04:49.455 [info] Getting sessions for all scopes...
2025-09-21 14:04:49.455 [info] Got 1 sessions for ...
2025-09-21 14:04:49.469 [info] Getting sessions for read:user,repo,user:email,workflow...
2025-09-21 14:04:49.469 [info] Got 0 sessions for read:user,repo,user:email,workflow...
2025-09-21 14:04:49.472 [info] Getting sessions for user:email...
2025-09-21 14:04:49.472 [info] Got 1 sessions for user:email...
2025-09-21 14:09:50.283 [info] Getting sessions for read:user,repo,user:email...
2025-09-21 14:09:50.283 [info] Got 0 sessions for read:user,repo,user:email...
2025-09-21 14:11:28.899 [info] Getting sessions for read:user,repo,user:email...
2025-09-21 14:11:28.899 [info] Got 0 sessions for read:user,repo,user:email...
2025-09-21 14:12:04.787 [info] Getting sessions for read:user,repo,user:email...
2025-09-21 14:12:04.787 [info] Got 0 sessions for read:user,repo,user:email...
2025-09-21 14:12:49.976 [info] Getting sessions for read:user,repo,user:email...
2025-09-21 14:12:49.976 [info] Got 0 sessions for read:user,repo,user:email...
2025-09-21 14:21:09.562 [info] Getting sessions for read:user,repo,user:email...
2025-09-21 14:21:09.562 [info] Got 0 sessions for read:user,repo,user:email...
