2025-09-02 23:02:45.772 [info] [main] Log level: Info
2025-09-02 23:02:45.772 [info] [main] Validating found git in: "git"
2025-09-02 23:02:45.772 [info] [main] Using git "2.47.2" from "git"
2025-09-02 23:02:45.772 [info] [Model][doInitialScan] Initial repository scan started
2025-09-02 23:02:45.772 [info] > git rev-parse --show-toplevel [230ms]
2025-09-02 23:02:45.896 [info] > git rev-parse --git-dir --git-common-dir --show-superproject-working-tree [102ms]
2025-09-02 23:02:45.995 [info] [Model][openRepository] Opened repository (path): /home/nathan/adc-canary
2025-09-02 23:02:45.996 [info] [Model][openRepository] Opened repository (real path): /home/nathan/adc-canary
2025-09-02 23:02:45.996 [info] [Model][openRepository] Opened repository (kind): repository
2025-09-02 23:02:46.332 [info] > git rev-parse --show-toplevel [271ms]
2025-09-02 23:02:46.333 [info] > git config --get commit.template [287ms]
2025-09-02 23:02:55.779 [info] > git fetch [9784ms]
2025-09-02 23:02:56.900 [info] > git check-ignore -v -z --stdin [1103ms]
2025-09-02 23:02:56.955 [info] > git rev-parse --show-toplevel [1181ms]
2025-09-02 23:02:57.330 [info] > git config --get commit.template [489ms]
2025-09-02 23:02:57.330 [info] > git for-each-ref --format=%(refname)%00%(upstream:short)%00%(objectname)%00%(upstream:track)%00%(upstream:remotename)%00%(upstream:remoteref) refs/heads/main refs/remotes/main [508ms]
2025-09-02 23:02:57.388 [info] > git rev-parse --show-toplevel [140ms]
2025-09-02 23:02:57.994 [info] > git rev-parse --show-toplevel [188ms]
2025-09-02 23:02:57.998 [info] [Model][doInitialScan] Initial repository scan completed - repositories (1), closed repositories (0), parent repositories (0), unsafe repositories (0)
2025-09-02 23:02:58.030 [info] > git for-each-ref --format=%(refname)%00%(upstream:short)%00%(objectname)%00%(upstream:track)%00%(upstream:remotename)%00%(upstream:remoteref) refs/heads/main refs/remotes/main [616ms]
2025-09-02 23:02:58.782 [info] > git show --textconv :src/ADC_Archiver_Canary.py [767ms]
2025-09-02 23:02:58.783 [info] > git ls-files --stage -- src/ADC_Archiver_Canary.py [754ms]
2025-09-02 23:02:58.914 [info] > git cat-file -s 28494a4f55d188b019e983da34dda4376ec48736 [119ms]
2025-09-02 23:02:58.915 [info] > git for-each-ref --format=%(refname)%00%(upstream:short)%00%(objectname)%00%(upstream:track)%00%(upstream:remotename)%00%(upstream:remoteref) refs/heads/main refs/remotes/main [177ms]
2025-09-02 23:02:58.945 [info] > git config --get --local branch.main.vscode-merge-base [14ms]
2025-09-02 23:02:58.962 [info] > git config --get commit.template [89ms]
2025-09-02 23:02:59.034 [info] > git for-each-ref --format=%(refname)%00%(upstream:short)%00%(objectname)%00%(upstream:track)%00%(upstream:remotename)%00%(upstream:remoteref) refs/heads/origin/main refs/remotes/origin/main [74ms]
2025-09-02 23:02:59.146 [info] > git merge-base refs/heads/main refs/remotes/origin/main [71ms]
2025-09-02 23:02:59.162 [info] > git merge-base refs/heads/main refs/remotes/origin/main [108ms]
2025-09-02 23:02:59.259 [info] > git diff --name-status -z --diff-filter=ADMR c5aa9e39b307dddb1d7ada15911cdf750ed10b2a...refs/remotes/origin/main [82ms]
2025-09-02 23:02:59.262 [info] > git diff --name-status -z --diff-filter=ADMR c5aa9e39b307dddb1d7ada15911cdf750ed10b2a...refs/remotes/origin/main [101ms]
2025-09-02 23:02:59.264 [info] > git for-each-ref --format=%(refname)%00%(upstream:short)%00%(objectname)%00%(upstream:track)%00%(upstream:remotename)%00%(upstream:remoteref) refs/heads/main refs/remotes/main [149ms]
2025-09-02 23:02:59.529 [info] > git status -z -uall [17ms]
2025-09-02 23:02:59.531 [info] > git for-each-ref --sort -committerdate --format %(refname)%00%(objectname)%00%(*objectname) [8ms]
2025-09-02 23:03:00.013 [info] > git config --get commit.template [57ms]
2025-09-02 23:03:00.107 [info] > git for-each-ref --format=%(refname)%00%(upstream:short)%00%(objectname)%00%(upstream:track)%00%(upstream:remotename)%00%(upstream:remoteref) refs/heads/main refs/remotes/main [40ms]
2025-09-02 23:03:00.229 [info] > git status -z -uall [34ms]
2025-09-02 23:03:00.230 [info] > git for-each-ref --sort -committerdate --format %(refname)%00%(objectname)%00%(*objectname) [13ms]
2025-09-02 23:03:03.157 [info] > git config --get commit.template [18ms]
2025-09-02 23:03:03.241 [info] > git for-each-ref --format=%(refname)%00%(upstream:short)%00%(objectname)%00%(upstream:track)%00%(upstream:remotename)%00%(upstream:remoteref) refs/heads/main refs/remotes/main [5ms]
2025-09-02 23:03:03.409 [info] > git status -z -uall [114ms]
2025-09-02 23:03:03.409 [info] > git for-each-ref --sort -committerdate --format %(refname)%00%(objectname)%00%(*objectname) [61ms]
2025-09-02 23:03:17.695 [info] > git rev-parse --show-toplevel [12ms]
2025-09-02 23:03:17.695 [info] fatal: not a git repository (or any of the parent directories): .git
2025-09-02 23:03:54.238 [info] > git rev-parse --show-toplevel [27ms]
2025-09-02 23:03:54.238 [info] fatal: not a git repository (or any of the parent directories): .git
2025-09-02 23:03:56.572 [info] > git check-ignore -v -z --stdin [70ms]
2025-09-02 23:03:56.573 [info] > git show --textconv :.vscode/launch.json [51ms]
2025-09-02 23:03:56.580 [info] > git ls-files --stage -- .vscode/launch.json [42ms]
2025-09-02 23:03:56.675 [info] > git hash-object -t tree /dev/null [12ms]
2025-09-02 23:03:56.676 [warning] [GitFileSystemProvider][readFile] File not found - git:/home/nathan/adc-canary/.vscode/launch.json.git?%7B%22path%22%3A%22%2Fhome%2Fnathan%2Fadc-canary%2F.vscode%2Flaunch.json%22%2C%22ref%22%3A%22%22%7D
2025-09-02 23:03:56.688 [info] > git hash-object -t tree /dev/null [66ms]
2025-09-02 23:03:56.688 [warning] [GitFileSystemProvider][stat] File not found - git:/home/nathan/adc-canary/.vscode/launch.json.git?%7B%22path%22%3A%22%2Fhome%2Fnathan%2Fadc-canary%2F.vscode%2Flaunch.json%22%2C%22ref%22%3A%22%22%7D
2025-09-02 23:03:57.037 [info] > git config --get commit.template [23ms]
2025-09-02 23:03:57.123 [info] > git for-each-ref --format=%(refname)%00%(upstream:short)%00%(objectname)%00%(upstream:track)%00%(upstream:remotename)%00%(upstream:remoteref) refs/heads/main refs/remotes/main [19ms]
2025-09-02 23:03:57.193 [info] > git status -z -uall [36ms]
2025-09-02 23:03:57.199 [info] > git for-each-ref --sort -committerdate --format %(refname)%00%(objectname)%00%(*objectname) [4ms]
2025-09-02 23:04:02.236 [info] > git config --get commit.template [2ms]
2025-09-02 23:04:02.251 [info] > git for-each-ref --format=%(refname)%00%(upstream:short)%00%(objectname)%00%(upstream:track)%00%(upstream:remotename)%00%(upstream:remoteref) refs/heads/main refs/remotes/main [3ms]
2025-09-02 23:04:02.285 [info] > git status -z -uall [20ms]
2025-09-02 23:04:02.285 [info] > git for-each-ref --sort -committerdate --format %(refname)%00%(objectname)%00%(*objectname) [6ms]
