2025-09-02 23:02:21.669 [info] Reading sessions from keychain...
2025-09-02 23:02:21.669 [info] Getting sessions for all scopes...
2025-09-02 23:02:21.670 [info] Got stored sessions!
2025-09-02 23:02:21.670 [info] Got 1 verified sessions.
2025-09-02 23:02:21.670 [info] Got 1 sessions for ...
2025-09-02 23:02:21.670 [info] Getting sessions for all scopes...
2025-09-02 23:02:21.670 [info] Got 1 sessions for ...
2025-09-02 23:02:21.670 [info] Getting sessions for all scopes...
2025-09-02 23:02:21.670 [info] Got 1 sessions for ...
2025-09-02 23:02:21.670 [info] Getting sessions for all scopes...
2025-09-02 23:02:21.670 [info] Got 1 sessions for ...
2025-09-02 23:02:21.670 [info] Getting sessions for user:email...
2025-09-02 23:02:21.670 [info] Got 1 sessions for user:email...
2025-09-02 23:02:21.670 [info] Getting sessions for all scopes...
2025-09-02 23:02:21.670 [info] Got 1 sessions for ...
2025-09-02 23:02:21.670 [info] Getting sessions for all scopes...
2025-09-02 23:02:21.670 [info] Got 1 sessions for ...
2025-09-02 23:02:21.670 [info] Getting sessions for all scopes...
2025-09-02 23:02:21.670 [info] Got 1 sessions for ...
2025-09-02 23:02:21.670 [info] Getting sessions for all scopes...
2025-09-02 23:02:21.670 [info] Got 1 sessions for ...
2025-09-02 23:02:21.670 [info] Getting sessions for all scopes...
2025-09-02 23:02:21.670 [info] Got 1 sessions for ...
2025-09-02 23:02:21.670 [info] Getting sessions for all scopes...
2025-09-02 23:02:21.670 [info] Got 1 sessions for ...
2025-09-02 23:02:21.670 [info] Getting sessions for all scopes...
2025-09-02 23:02:21.670 [info] Got 1 sessions for ...
2025-09-02 23:02:21.670 [info] Getting sessions for all scopes...
2025-09-02 23:02:21.670 [info] Got 1 sessions for ...
2025-09-02 23:02:21.670 [info] Getting sessions for all scopes...
2025-09-02 23:02:21.670 [info] Got 1 sessions for ...
2025-09-02 23:02:21.670 [info] Getting sessions for all scopes...
2025-09-02 23:02:21.670 [info] Got 1 sessions for ...
2025-09-02 23:02:21.670 [info] Getting sessions for all scopes...
2025-09-02 23:02:21.670 [info] Got 1 sessions for ...
2025-09-02 23:02:21.670 [info] Getting sessions for all scopes...
2025-09-02 23:02:21.670 [info] Got 1 sessions for ...
2025-09-02 23:02:21.670 [info] Getting sessions for all scopes...
2025-09-02 23:02:21.670 [info] Got 1 sessions for ...
2025-09-02 23:02:21.670 [info] Getting sessions for all scopes...
2025-09-02 23:02:21.670 [info] Got 1 sessions for ...
2025-09-02 23:02:21.689 [info] Getting sessions for read:user,repo,user:email,workflow...
2025-09-02 23:02:21.689 [info] Got 0 sessions for read:user,repo,user:email,workflow...
2025-09-02 23:02:38.093 [info] Getting sessions for all scopes...
2025-09-02 23:02:38.094 [info] Got 1 sessions for ...
2025-09-02 23:02:38.094 [info] Getting sessions for all scopes...
2025-09-02 23:02:38.094 [info] Got 1 sessions for ...
2025-09-02 23:02:38.095 [info] Getting sessions for all scopes...
2025-09-02 23:02:38.095 [info] Got 1 sessions for ...
2025-09-02 23:02:45.298 [info] Reading sessions from keychain...
2025-09-02 23:02:45.298 [info] Got stored sessions!
2025-09-02 23:02:45.298 [info] Got 1 verified sessions.
2025-09-02 23:02:45.298 [info] Getting sessions for all scopes...
2025-09-02 23:02:45.298 [info] Got 1 sessions for ...
2025-09-02 23:02:45.298 [info] Getting sessions for all scopes...
2025-09-02 23:02:45.298 [info] Got 1 sessions for ...
2025-09-02 23:02:45.298 [info] Getting sessions for all scopes...
2025-09-02 23:02:45.298 [info] Got 1 sessions for ...
2025-09-02 23:02:45.298 [info] Getting sessions for all scopes...
2025-09-02 23:02:45.298 [info] Got 1 sessions for ...
2025-09-02 23:02:45.298 [info] Getting sessions for user:email...
2025-09-02 23:02:45.298 [info] Got 1 sessions for user:email...
2025-09-02 23:02:45.298 [info] Getting sessions for all scopes...
2025-09-02 23:02:45.298 [info] Got 1 sessions for ...
2025-09-02 23:02:45.298 [info] Getting sessions for all scopes...
2025-09-02 23:02:45.298 [info] Got 1 sessions for ...
2025-09-02 23:02:45.298 [info] Getting sessions for all scopes...
2025-09-02 23:02:45.298 [info] Got 1 sessions for ...
2025-09-02 23:02:57.364 [info] Getting sessions for read:user,repo,user:email...
2025-09-02 23:02:57.364 [info] Got 0 sessions for read:user,repo,user:email...
2025-09-02 23:02:57.370 [info] Getting sessions for all scopes...
2025-09-02 23:02:57.370 [info] Got 1 sessions for ...
2025-09-02 23:02:57.371 [info] Getting sessions for all scopes...
2025-09-02 23:02:57.371 [info] Got 1 sessions for ...
2025-09-02 23:02:57.374 [info] Getting sessions for all scopes...
2025-09-02 23:02:57.374 [info] Got 1 sessions for ...
2025-09-02 23:02:58.840 [info] Getting sessions for all scopes...
2025-09-02 23:02:58.840 [info] Got 1 sessions for ...
2025-09-02 23:02:58.942 [info] Getting sessions for read:user,repo,user:email,workflow...
2025-09-02 23:02:58.942 [info] Got 0 sessions for read:user,repo,user:email,workflow...
2025-09-02 23:02:58.943 [info] Getting sessions for all scopes...
2025-09-02 23:02:58.943 [info] Got 1 sessions for ...
2025-09-02 23:02:58.943 [info] Getting sessions for read:user,repo,user:email,workflow...
2025-09-02 23:02:58.943 [info] Got 0 sessions for read:user,repo,user:email,workflow...
2025-09-02 23:02:59.321 [info] Getting sessions for user:email...
2025-09-02 23:02:59.321 [info] Got 1 sessions for user:email...
2025-09-02 23:02:59.322 [info] Getting sessions for read:user,repo,user:email,workflow...
2025-09-02 23:02:59.322 [info] Got 0 sessions for read:user,repo,user:email,workflow...
2025-09-02 23:02:59.323 [info] Getting sessions for read:user,repo,user:email...
2025-09-02 23:02:59.323 [info] Got 0 sessions for read:user,repo,user:email...
2025-09-02 23:02:59.324 [info] Getting sessions for read:user...
2025-09-02 23:02:59.325 [info] Got 0 sessions for read:user...
2025-09-02 23:02:59.526 [info] Getting sessions for all scopes...
2025-09-02 23:02:59.526 [info] Got 1 sessions for ...
2025-09-02 23:02:59.526 [info] Getting sessions for all scopes...
2025-09-02 23:02:59.526 [info] Got 1 sessions for ...
2025-09-02 23:02:59.549 [info] Getting sessions for user:email...
2025-09-02 23:02:59.549 [info] Got 1 sessions for user:email...
2025-09-02 23:03:00.000 [info] Getting sessions for all scopes...
2025-09-02 23:03:00.000 [info] Got 1 sessions for ...
2025-09-02 23:03:00.005 [info] Getting sessions for read:user,repo,user:email,workflow...
2025-09-02 23:03:00.005 [info] Got 0 sessions for read:user,repo,user:email,workflow...
2025-09-02 23:03:00.157 [info] Getting sessions for user:email...
2025-09-02 23:03:00.158 [info] Got 1 sessions for user:email...
2025-09-02 23:03:01.426 [info] Getting sessions for all scopes...
2025-09-02 23:03:01.426 [info] Got 1 sessions for ...
2025-09-02 23:03:01.428 [info] Getting sessions for all scopes...
2025-09-02 23:03:01.428 [info] Got 1 sessions for ...
2025-09-02 23:03:01.436 [info] Getting sessions for read:user,repo,user:email,workflow...
2025-09-02 23:03:01.437 [info] Got 0 sessions for read:user,repo,user:email,workflow...
2025-09-02 23:03:01.442 [info] Getting sessions for user:email...
2025-09-02 23:03:01.442 [info] Got 1 sessions for user:email...
2025-09-02 23:03:01.442 [info] Getting sessions for read:user,repo,user:email,workflow...
2025-09-02 23:03:01.442 [info] Got 0 sessions for read:user,repo,user:email,workflow...
2025-09-02 23:03:01.452 [info] Getting sessions for all scopes...
2025-09-02 23:03:01.452 [info] Got 1 sessions for ...
2025-09-02 23:03:01.459 [info] Getting sessions for read:user,repo,user:email,workflow...
2025-09-02 23:03:01.459 [info] Got 0 sessions for read:user,repo,user:email,workflow...
2025-09-02 23:03:01.465 [info] Getting sessions for user:email...
2025-09-02 23:03:01.465 [info] Got 1 sessions for user:email...
2025-09-02 23:03:02.196 [info] Getting sessions for all scopes...
2025-09-02 23:03:02.196 [info] Got 1 sessions for ...
2025-09-02 23:03:02.284 [info] Getting sessions for all scopes...
2025-09-02 23:03:02.284 [info] Got 1 sessions for ...
2025-09-02 23:03:02.395 [info] Getting sessions for read:user,repo,user:email,workflow...
2025-09-02 23:03:02.395 [info] Got 0 sessions for read:user,repo,user:email,workflow...
2025-09-02 23:03:02.647 [info] Getting sessions for user:email...
2025-09-02 23:03:02.648 [info] Got 1 sessions for user:email...
2025-09-02 23:03:02.648 [info] Getting sessions for read:user,repo,user:email,workflow...
2025-09-02 23:03:02.648 [info] Got 0 sessions for read:user,repo,user:email,workflow...
2025-09-02 23:03:02.678 [info] Getting sessions for all scopes...
2025-09-02 23:03:02.678 [info] Got 1 sessions for ...
2025-09-02 23:03:02.695 [info] Getting sessions for all scopes...
2025-09-02 23:03:02.695 [info] Got 1 sessions for ...
2025-09-02 23:03:02.701 [info] Getting sessions for all scopes...
2025-09-02 23:03:02.701 [info] Got 1 sessions for ...
2025-09-02 23:03:02.712 [info] Getting sessions for read:user,repo,user:email,workflow...
2025-09-02 23:03:02.712 [info] Got 0 sessions for read:user,repo,user:email,workflow...
2025-09-02 23:03:02.714 [info] Getting sessions for user:email...
2025-09-02 23:03:02.714 [info] Got 1 sessions for user:email...
2025-09-02 23:03:04.221 [info] Getting sessions for all scopes...
2025-09-02 23:03:04.221 [info] Got 1 sessions for ...
2025-09-02 23:03:07.386 [info] Getting sessions for all scopes...
2025-09-02 23:03:07.386 [info] Got 1 sessions for ...
2025-09-02 23:03:07.393 [info] Getting sessions for read:user,repo,user:email,workflow...
2025-09-02 23:03:07.393 [info] Got 0 sessions for read:user,repo,user:email,workflow...
2025-09-02 23:03:07.399 [info] Getting sessions for user:email...
2025-09-02 23:03:07.403 [info] Got 1 sessions for user:email...
2025-09-02 23:03:07.846 [info] Getting sessions for all scopes...
2025-09-02 23:03:07.846 [info] Got 1 sessions for ...
2025-09-02 23:03:07.849 [info] Getting sessions for read:user,repo,user:email,workflow...
2025-09-02 23:03:07.849 [info] Got 0 sessions for read:user,repo,user:email,workflow...
2025-09-02 23:03:07.853 [info] Getting sessions for user:email...
2025-09-02 23:03:07.853 [info] Got 1 sessions for user:email...
2025-09-02 23:03:08.253 [info] Getting sessions for all scopes...
2025-09-02 23:03:08.253 [info] Got 1 sessions for ...
2025-09-02 23:03:08.255 [info] Getting sessions for read:user,repo,user:email,workflow...
2025-09-02 23:03:08.255 [info] Got 0 sessions for read:user,repo,user:email,workflow...
2025-09-02 23:03:08.258 [info] Getting sessions for user:email...
2025-09-02 23:03:08.258 [info] Got 1 sessions for user:email...
2025-09-02 23:03:22.422 [info] Getting sessions for all scopes...
2025-09-02 23:03:22.422 [info] Got 1 sessions for ...
2025-09-02 23:03:22.423 [info] Getting sessions for read:user,repo,user:email,workflow...
2025-09-02 23:03:22.423 [info] Got 0 sessions for read:user,repo,user:email,workflow...
2025-09-02 23:03:22.425 [info] Getting sessions for user:email...
2025-09-02 23:03:22.425 [info] Got 1 sessions for user:email...
2025-09-02 23:03:26.744 [info] Getting sessions for all scopes...
2025-09-02 23:03:26.744 [info] Got 1 sessions for ...
2025-09-02 23:03:26.782 [info] Getting sessions for read:user,repo,user:email,workflow...
2025-09-02 23:03:26.782 [info] Got 0 sessions for read:user,repo,user:email,workflow...
2025-09-02 23:03:26.821 [info] Getting sessions for user:email...
2025-09-02 23:03:26.821 [info] Got 1 sessions for user:email...
2025-09-02 23:03:30.234 [info] Getting sessions for all scopes...
2025-09-02 23:03:30.235 [info] Got 1 sessions for ...
2025-09-02 23:03:30.247 [info] Getting sessions for read:user,repo,user:email,workflow...
2025-09-02 23:03:30.247 [info] Got 0 sessions for read:user,repo,user:email,workflow...
2025-09-02 23:03:30.248 [info] Getting sessions for user:email...
2025-09-02 23:03:30.248 [info] Got 1 sessions for user:email...
2025-09-02 23:03:58.333 [info] Getting sessions for user:email...
2025-09-02 23:03:58.333 [info] Got 1 sessions for user:email...
2025-09-02 23:03:58.334 [info] Getting sessions for all scopes...
2025-09-02 23:03:58.334 [info] Got 1 sessions for ...
