09/02/2025 23:04:07 Central European Standard Time : Information : Local timezone is (UTC+01:00) Central European Time (Amsterdam)
09/02/2025 23:04:07 Central European Standard Time : Information : Started controller with command line /home/nathan/.vscode/extensions/ms-dotnettools.csdevkit-1.41.11-linux-x64/components/vs-green-server/platforms/linux-x64/node_modules/@microsoft/visualstudio-controller.linux-x64/Microsoft.VisualStudio.Code.ServiceController 4a6ba48c44 /ControllerCooldownTimeout:30000 /TelemetrySession:{"TelemetryLevel":"all","IsOptedIn":false,"HostName":"Default","AppInsightsInstrumentationKey":null,"AsimovInstrumentationKey":null,"CollectorApiKey":"0c6ae279ed8443289764825290e4f9e2-1a736e7c-1324-4338-be46-fc2a58ae4d14-7255","AppId":1010,"UserId":"c339df51-1c89-4c1e-bba5-ee65e1cd3772","Id":"57c4df94-f21b-4fda-8f22-260e8e9c04601756846931725","ProcessStartTime":134013206440840337,"SkuName":null,"VSExeVersion":null,"BucketFiltersToEnableWatsonForFaults":[],"BucketFiltersToAddDumpsToFaults":[]}
09/02/2025 23:04:07 Central European Standard Time : Information : Acquiring single controller instance mutex with name '1065732307-ServiceHubControllerSingleInstanceMutex'
09/02/2025 23:04:07 Central European Standard Time : Information : Acquired single controller instance mutex with name '1065732307-ServiceHubControllerSingleInstanceMutex'
09/02/2025 23:04:07 Central European Standard Time : Information : Controller cooldown timeout is set to 30000ms
09/02/2025 23:04:07 Central European Standard Time : Information : Starting server 'hubController' at 'net.pipe://4a6ba48c44' (at '/home/nathan/.ServiceHub/4a6ba48c44/4a6ba48c44').
09/02/2025 23:04:07 Central European Standard Time : Information : Successfully started server on pipe 4a6ba48c44
09/02/2025 23:04:07 Central European Standard Time : Information : Triggered controller shutdown timer process.
09/02/2025 23:04:07 Central European Standard Time : Information : Client connected to controller
09/02/2025 23:04:07 Central European Standard Time : Information : Client connected to controller
09/02/2025 23:04:07 Central European Standard Time : Information : Client connected to controller
09/02/2025 23:04:07 Central European Standard Time : Information : Microsoft.ServiceHub.Controller.HubController read: end of stream
09/02/2025 23:04:07 Central European Standard Time : Information : Microsoft.ServiceHub.Controller.HubController read: end of stream
09/02/2025 23:04:07 Central European Standard Time : Information : JsonRpc disconnected due to RemotePartyTerminated. Reached end of stream.
09/02/2025 23:04:07 Central European Standard Time : Information : JsonRpc disconnected due to RemotePartyTerminated. Reached end of stream.
09/02/2025 23:04:07 Central European Standard Time : Information : Microsoft.ServiceHub.Controller.HubController read: Content-Length: 111

{"jsonrpc":"2.0","id":2,"method":"UpdateClientInfoAsync","params":[{"clientName":"VsHubClient","pid":3070954}]}
09/02/2025 23:04:07 Central European Standard Time : Information : Starting server 'clientWatch' at 'net.pipe://30711631BE' (at '/home/nathan/.ServiceHub/4a6ba48c44/30711631BE').
09/02/2025 23:04:07 Central European Standard Time : Information : Microsoft.ServiceHub.Controller.HubController write: Content-Length: 486

{"jsonrpc":"2.0","id":2,"result":{"ClientWatchServerName":"net.pipe://30711631BE","ControllerConfig":{"Executable":"/home/nathan/.vscode/extensions/ms-dotnettools.csdevkit-1.41.11-linux-x64/components/vs-green-server/platforms/linux-x64/node_modules/@microsoft/visualstudio-controller.linux-x64/Microsoft.VisualStudio.Code.ServiceController","Args":["4a6ba48c44"],"PipeName":"4a6ba48c44"},"HostsConfig":{"EnableExternalAuthorizationService":false,"RootDir":".","AppConfigFallback":""}}}
09/02/2025 23:04:07 Central European Standard Time : Information : External client connect to client watch
09/02/2025 23:04:07 Central European Standard Time : Information : Microsoft.ServiceHub.Controller.HubController read: end of stream
09/02/2025 23:04:07 Central European Standard Time : Information : JsonRpc disconnected due to RemotePartyTerminated. Reached end of stream.
09/02/2025 23:04:08 Central European Standard Time : Information : External client disconnected from client watch.
09/02/2025 23:04:08 Central European Standard Time : Information : Starting fast shutdown
09/02/2025 23:04:08 Central European Standard Time : Information : Stopping the location service server.
09/02/2025 23:04:08 Central European Standard Time : Information : Exiting hub controller.
09/02/2025 23:04:08 Central European Standard Time : Information : All hosts have exited.
09/02/2025 23:04:08 Central European Standard Time : Information : Controller terminating with exit code '0'.
