2025-09-21T20:50:46:434 [info]: PacProxyAgent not found
2025-09-21T20:50:53:725 [warning]: There is no GitLab account available. Sending empty credentials to GitLab Language Server
2025-09-21T20:50:53:749 [info]: handleRegisterCapability: {
      "id": "61945d4e-6332-4194-ac63-f5ab36018e0a",
      "method": "workspace/didChangeWatchedFiles",
      "registerOptions": {
        "watchers": [
          {
            "globPattern": "**/*"
          }
        ]
      }
    }
2025-09-21T20:50:53:815 [info]: Extracted urls: []
2025-09-21T20:50:53:819 [warning]: GitExtensionWrapper is missing repository for file:///home/nathan/ADC-compile-from-source
2025-09-21T20:50:53:819 [warning]: GitExtensionWrapper is missing repository for file:///home/nathan/ADC-compile-from-source
2025-09-21T20:50:53:828 [warning]: GitExtensionWrapper is missing repository for file:///home/nathan/ADC-compile-from-source
2025-09-21T20:50:53:828 [warning]: GitExtensionWrapper is missing repository for file:///home/nathan/ADC-compile-from-source
2025-09-21T20:50:53:829 [warning]: GitExtensionWrapper is missing repository for file:///home/nathan/ADC-compile-from-source
2025-09-21T20:50:53:829 [warning]: GitExtensionWrapper is missing repository for file:///home/nathan/ADC-compile-from-source
2025-09-21T20:50:53:829 [warning]: GitExtensionWrapper is missing repository for file:///home/nathan/ADC-compile-from-source
2025-09-21T20:50:53:830 [warning]: GitExtensionWrapper is missing repository for file:///home/nathan/ADC-compile-from-source
2025-09-21T20:50:53:830 [info]: Found 0 projects for urls: []
2025-09-21T20:50:53:832 [warning]: There is no GitLab account available. Sending empty credentials to GitLab Language Server
2025-09-21T20:50:53:994 [warning]: GitExtensionWrapper is missing repository for file:///home/nathan/ADC-compile-from-source
2025-09-21T20:50:53:994 [warning]: GitExtensionWrapper is missing repository for file:///home/nathan/ADC-compile-from-source
2025-09-21T20:50:54:009 [info]: Extracted urls: [
      "https://github.com/Mealman1551/ADC-compile-from-source.git"
    ]
2025-09-21T20:50:54:010 [info]: Found 0 projects for urls: [
      "https://github.com/Mealman1551/ADC-compile-from-source.git"
    ]
2025-09-21T20:50:54:011 [warning]: There is no GitLab account available. Sending empty credentials to GitLab Language Server
2025-09-28T18:22:20:961 [info]: Extracted urls: []
2025-09-28T18:22:21:289 [info]: Found 0 projects for urls: []
