2025-09-21T13:56:53:277 [info]: PacProxyAgent not found
2025-09-21T13:57:04:949 [warning]: There is no GitLab account available. Sending empty credentials to GitLab Language Server
2025-09-21T13:57:04:981 [info]: handleRegisterCapability: {
      "id": "e2c0ec60-80eb-4522-a92c-97a4f8579f16",
      "method": "workspace/didChangeWatchedFiles",
      "registerOptions": {
        "watchers": [
          {
            "globPattern": "**/*"
          }
        ]
      }
    }
2025-09-21T13:57:05:330 [info]: Extracted urls: []
2025-09-21T13:57:05:331 [warning]: GitExtensionWrapper is missing repository for file:///home/nathan/ADC
2025-09-21T13:57:05:331 [warning]: GitExtensionWrapper is missing repository for file:///home/nathan/ADC
2025-09-21T13:57:05:337 [warning]: GitExtensionWrapper is missing repository for file:///home/nathan/ADC
2025-09-21T13:57:05:337 [warning]: GitExtensionWrapper is missing repository for file:///home/nathan/ADC
2025-09-21T13:57:05:337 [warning]: GitExtensionWrapper is missing repository for file:///home/nathan/ADC
2025-09-21T13:57:05:337 [warning]: GitExtensionWrapper is missing repository for file:///home/nathan/ADC
2025-09-21T13:57:05:338 [warning]: GitExtensionWrapper is missing repository for file:///home/nathan/ADC
2025-09-21T13:57:05:338 [warning]: GitExtensionWrapper is missing repository for file:///home/nathan/ADC
2025-09-21T13:57:05:338 [info]: Found 0 projects for urls: []
2025-09-21T13:57:05:345 [warning]: There is no GitLab account available. Sending empty credentials to GitLab Language Server
2025-09-21T13:57:05:509 [warning]: GitExtensionWrapper is missing repository for file:///home/nathan/ADC
2025-09-21T13:57:05:509 [warning]: GitExtensionWrapper is missing repository for file:///home/nathan/ADC
2025-09-21T13:57:05:524 [info]: Extracted urls: [
      "https://github.com/Mealman1551/ADC.git"
    ]
2025-09-21T13:57:05:529 [info]: Found 0 projects for urls: [
      "https://github.com/Mealman1551/ADC.git"
    ]
2025-09-21T13:57:05:530 [warning]: There is no GitLab account available. Sending empty credentials to GitLab Language Server
2025-09-21T13:57:14:663 [warning]: GitExtensionWrapper is missing repository for file:///home/nathan/adc-canary
2025-09-21T13:57:15:223 [warning]: GitExtensionWrapper is missing repository for file:///home/nathan/adc-canary
2025-09-21T13:57:15:938 [warning]: GitExtensionWrapper is missing repository for file:///home/nathan/adc-canary
2025-09-21T13:57:16:346 [info]: Extracted urls: [
      "https://github.com/Mealman1551/ADC.git",
      "https://gitlab.com/Mealman1551/adc-canary.git"
    ]
2025-09-21T13:57:16:402 [info]: Found 0 projects for urls: [
      "https://github.com/Mealman1551/ADC.git",
      "https://gitlab.com/Mealman1551/adc-canary.git"
    ]
2025-09-21T13:57:16:403 [warning]: There is no GitLab account available. Sending empty credentials to GitLab Language Server
2025-09-21T14:21:19:487 [info]: Extracted urls: [
      "https://github.com/Mealman1551/ADC.git"
    ]
2025-09-21T14:21:19:490 [info]: Extracted urls: []
2025-09-21T14:21:19:698 [info]: More recent project update in progress, discarding findings for urls: [
      "https://github.com/Mealman1551/ADC.git"
    ]
2025-09-21T14:21:19:713 [info]: Found 0 projects for urls: []
