2025-09-21 20:50:23.901 [info] update#setState idle
2025-09-21 20:50:53.915 [info] update#setState checking for updates
2025-09-21 20:50:53.960 [info] update#setState idle
2025-09-21 21:50:53.920 [info] update#setState checking for updates
2025-09-21 21:50:54.017 [info] update#setState idle
2025-09-22 13:54:50.885 [info] update#setState checking for updates
2025-09-22 13:54:50.961 [info] update#setState idle
2025-09-22 14:54:50.892 [info] update#setState checking for updates
2025-09-22 14:54:51.223 [info] update#setState idle
2025-09-22 15:54:50.893 [info] update#setState checking for updates
2025-09-22 15:54:50.997 [info] update#setState idle
2025-09-22 16:54:50.895 [info] update#setState checking for updates
2025-09-22 16:54:50.958 [info] update#setState idle
2025-09-22 17:54:50.898 [info] update#setState checking for updates
2025-09-22 17:54:50.963 [info] update#setState idle
2025-09-22 19:36:27.162 [info] update#setState checking for updates
2025-09-22 19:36:27.274 [info] update#setState idle
2025-09-22 20:36:27.171 [info] update#setState checking for updates
2025-09-22 20:36:27.325 [info] update#setState idle
2025-09-22 21:36:27.180 [info] update#setState checking for updates
2025-09-22 21:36:27.345 [info] update#setState idle
2025-09-23 12:32:29.501 [info] update#setState checking for updates
2025-09-23 12:32:29.625 [info] update#setState idle
2025-09-23 13:32:29.508 [info] update#setState checking for updates
2025-09-23 13:32:29.614 [info] update#setState idle
2025-09-23 14:32:29.511 [info] update#setState checking for updates
2025-09-23 14:32:29.688 [info] update#setState idle
2025-09-23 15:32:29.513 [info] update#setState checking for updates
2025-09-23 15:32:29.635 [info] update#setState idle
2025-09-23 16:32:29.516 [info] update#setState checking for updates
2025-09-23 16:32:29.630 [info] update#setState idle
2025-09-23 17:32:29.520 [info] update#setState checking for updates
2025-09-23 17:32:29.640 [info] update#setState idle
2025-09-23 18:32:29.522 [info] update#setState checking for updates
2025-09-23 18:32:29.635 [info] update#setState idle
2025-09-23 19:32:29.526 [info] update#setState checking for updates
2025-09-23 19:32:29.644 [info] update#setState idle
2025-09-23 20:32:29.528 [info] update#setState checking for updates
2025-09-23 20:32:29.896 [info] update#setState idle
2025-09-23 21:32:29.530 [info] update#setState checking for updates
2025-09-23 21:32:29.623 [info] update#setState idle
2025-09-24 09:33:02.717 [info] update#setState checking for updates
2025-09-24 09:33:02.963 [info] update#setState idle
2025-09-24 10:33:02.726 [info] update#setState checking for updates
2025-09-24 10:33:03.292 [info] update#setState idle
2025-09-24 11:33:02.728 [info] update#setState checking for updates
2025-09-24 11:33:02.862 [info] update#setState idle
2025-09-24 12:33:02.733 [info] update#setState checking for updates
2025-09-24 12:33:02.845 [info] update#setState idle
2025-09-24 13:33:02.736 [info] update#setState checking for updates
2025-09-24 13:33:02.919 [info] update#setState idle
2025-09-24 14:33:02.740 [info] update#setState checking for updates
2025-09-24 14:33:02.870 [info] update#setState idle
2025-09-24 15:33:02.744 [info] update#setState checking for updates
2025-09-24 15:33:03.265 [info] update#setState idle
2025-09-24 16:33:02.748 [info] update#setState checking for updates
2025-09-24 16:33:03.120 [info] update#setState idle
2025-09-24 17:33:02.751 [info] update#setState checking for updates
2025-09-24 17:33:03.027 [info] update#setState idle
2025-09-24 18:33:02.756 [info] update#setState checking for updates
2025-09-24 18:33:04.233 [info] update#setState idle
2025-09-24 19:33:02.760 [info] update#setState checking for updates
2025-09-24 19:33:02.871 [info] update#setState idle
2025-09-24 20:33:02.763 [info] update#setState checking for updates
2025-09-24 20:33:02.877 [info] update#setState idle
2025-09-24 21:33:02.768 [info] update#setState checking for updates
2025-09-24 21:33:02.858 [info] update#setState idle
2025-09-25 14:09:44.178 [info] update#setState checking for updates
2025-09-25 14:09:44.304 [info] update#setState idle
2025-09-25 15:09:44.185 [info] update#setState checking for updates
2025-09-25 15:09:44.336 [info] update#setState idle
2025-09-25 16:09:44.188 [info] update#setState checking for updates
2025-09-25 16:09:44.299 [info] update#setState idle
2025-09-25 17:09:44.189 [info] update#setState checking for updates
2025-09-25 17:09:44.305 [info] update#setState idle
2025-09-25 18:09:44.193 [info] update#setState checking for updates
2025-09-25 18:09:44.360 [info] update#setState idle
2025-09-25 19:09:44.197 [info] update#setState checking for updates
2025-09-25 19:09:44.310 [info] update#setState available for download
2025-09-28 18:22:21.612 [error] [UtilityProcess id: 1, type: fileWatcher, pid: 2041702]: crashed with code 15 and reason 'killed'
2025-09-28 18:22:23.209 [info] Extension host with pid 2041594 exited with code: 0, signal: unknown.
2025-09-28 18:22:25.434 [info] Extension host with pid 825913 exited with code: 0, signal: unknown.
