2025-09-14 15:56:44.016 [info] Reading sessions from keychain...
2025-09-14 15:56:44.016 [info] Getting sessions for all scopes...
2025-09-14 15:56:44.792 [info] Got stored sessions!
2025-09-14 15:56:44.792 [info] Got 1 verified sessions.
2025-09-14 15:56:44.792 [info] Got 1 sessions for ...
2025-09-14 15:56:44.792 [info] Getting sessions for all scopes...
2025-09-14 15:56:44.792 [info] Got 1 sessions for ...
2025-09-14 15:56:44.793 [info] Getting sessions for all scopes...
2025-09-14 15:56:44.793 [info] Got 1 sessions for ...
2025-09-14 15:56:44.793 [info] Getting sessions for all scopes...
2025-09-14 15:56:44.793 [info] Got 1 sessions for ...
2025-09-14 15:56:44.793 [info] Getting sessions for all scopes...
2025-09-14 15:56:44.793 [info] Got 1 sessions for ...
2025-09-14 15:56:44.793 [info] Getting sessions for all scopes...
2025-09-14 15:56:44.793 [info] Got 1 sessions for ...
2025-09-14 15:56:44.793 [info] Getting sessions for all scopes...
2025-09-14 15:56:44.793 [info] Got 1 sessions for ...
2025-09-14 15:56:44.794 [info] Getting sessions for all scopes...
2025-09-14 15:56:44.794 [info] Got 1 sessions for ...
2025-09-14 15:56:45.454 [info] Getting sessions for all scopes...
2025-09-14 15:56:45.454 [info] Got 1 sessions for ...
2025-09-14 15:56:45.454 [info] Getting sessions for all scopes...
2025-09-14 15:56:45.454 [info] Got 1 sessions for ...
2025-09-14 15:56:45.455 [info] Getting sessions for all scopes...
2025-09-14 15:56:45.455 [info] Got 1 sessions for ...
2025-09-14 15:56:45.456 [info] Getting sessions for all scopes...
2025-09-14 15:56:45.456 [info] Got 1 sessions for ...
2025-09-14 15:56:45.456 [info] Getting sessions for all scopes...
2025-09-14 15:56:45.456 [info] Got 1 sessions for ...
2025-09-14 15:56:45.459 [info] Getting sessions for all scopes...
2025-09-14 15:56:45.459 [info] Got 1 sessions for ...
2025-09-14 15:56:48.585 [info] Getting sessions for user:email...
2025-09-14 15:56:48.586 [info] Got 1 sessions for user:email...
2025-09-14 15:56:48.933 [info] fetching: Electron fetch failed with status: 429 
2025-09-14 15:59:55.056 [info] Getting sessions for all scopes...
2025-09-14 15:59:55.068 [info] Got 1 sessions for ...
2025-09-14 15:59:58.805 [info] Getting sessions for read:user,repo,user:email...
2025-09-14 15:59:58.820 [info] Got 0 sessions for read:user,repo,user:email...
2025-09-14 16:00:01.076 [info] Getting sessions for all scopes...
2025-09-14 16:00:01.076 [info] Got 1 sessions for ...
2025-09-14 16:00:01.077 [info] Getting sessions for all scopes...
2025-09-14 16:00:01.077 [info] Got 1 sessions for ...
2025-09-14 16:00:01.204 [info] Getting sessions for all scopes...
2025-09-14 16:00:02.968 [info] Got 1 sessions for ...
2025-09-14 16:00:05.330 [info] Getting sessions for all scopes...
2025-09-14 16:00:05.336 [info] Got 1 sessions for ...
2025-09-14 16:00:14.203 [info] Getting sessions for all scopes...
2025-09-14 16:00:14.217 [info] Got 1 sessions for ...
2025-09-14 16:00:14.287 [info] Getting sessions for all scopes...
2025-09-14 16:00:14.287 [info] Got 1 sessions for ...
2025-09-14 16:00:14.317 [info] Getting sessions for read:user,repo,user:email,workflow...
2025-09-14 16:00:14.317 [info] Got 0 sessions for read:user,repo,user:email,workflow...
2025-09-14 16:00:14.794 [info] Getting sessions for all scopes...
2025-09-14 16:00:14.794 [info] Got 1 sessions for ...
2025-09-14 16:00:19.596 [info] Getting sessions for read:user...
2025-09-14 16:00:19.599 [info] Got 0 sessions for read:user...
2025-09-14 16:00:21.875 [info] Getting sessions for user:email...
2025-09-14 16:00:21.881 [info] Got 1 sessions for user:email...
