2025-09-28 20:36:42.362 [info] Reading sessions from keychain...
2025-09-28 20:36:42.362 [info] Getting sessions for all scopes...
2025-09-28 20:36:42.362 [info] Got stored sessions!
2025-09-28 20:36:42.362 [info] Got 1 verified sessions.
2025-09-28 20:36:42.362 [info] Got 1 sessions for ...
2025-09-28 20:36:42.362 [info] Getting sessions for all scopes...
2025-09-28 20:36:42.362 [info] Got 1 sessions for ...
2025-09-28 20:36:42.362 [info] Getting sessions for all scopes...
2025-09-28 20:36:42.362 [info] Got 1 sessions for ...
2025-09-28 20:36:42.362 [info] Getting sessions for all scopes...
2025-09-28 20:36:42.362 [info] Got 1 sessions for ...
2025-09-28 20:36:42.362 [info] Getting sessions for all scopes...
2025-09-28 20:36:42.362 [info] Got 1 sessions for ...
2025-09-28 20:36:42.362 [info] Getting sessions for all scopes...
2025-09-28 20:36:42.362 [info] Got 1 sessions for ...
2025-09-28 20:36:42.362 [info] Getting sessions for all scopes...
2025-09-28 20:36:42.362 [info] Got 1 sessions for ...
2025-09-28 20:36:42.649 [info] Getting sessions for all scopes...
2025-09-28 20:36:42.649 [info] Got 1 sessions for ...
2025-09-28 20:36:42.650 [info] Getting sessions for all scopes...
2025-09-28 20:36:42.650 [info] Got 1 sessions for ...
2025-09-28 20:36:42.651 [info] Getting sessions for all scopes...
2025-09-28 20:36:42.651 [info] Got 1 sessions for ...
2025-09-28 20:36:42.651 [info] Getting sessions for all scopes...
2025-09-28 20:36:42.651 [info] Got 1 sessions for ...
2025-09-28 20:36:42.652 [info] Getting sessions for all scopes...
2025-09-28 20:36:42.652 [info] Got 1 sessions for ...
2025-09-28 20:36:42.652 [info] Getting sessions for all scopes...
2025-09-28 20:36:42.652 [info] Got 1 sessions for ...
2025-09-28 20:36:44.119 [info] fetching: Electron fetch failed with status: 429 
2025-09-28 20:36:45.010 [info] Getting sessions for read:user,repo,user:email,workflow...
2025-09-28 20:36:45.011 [info] Got 0 sessions for read:user,repo,user:email,workflow...
2025-09-28 20:36:45.597 [info] fetching: Node fetch failed with status: 429 Too Many Requests
2025-09-28 20:36:45.973 [info] fetching: Node http/s failed with status: 429 Too Many Requests
2025-09-28 20:36:55.120 [info] Getting sessions for all scopes...
2025-09-28 20:36:55.120 [info] Got 1 sessions for ...
2025-09-28 20:36:55.167 [info] Getting sessions for user:email...
2025-09-28 20:36:55.167 [info] Got 1 sessions for user:email...
2025-09-28 20:36:55.215 [info] Getting sessions for all scopes...
2025-09-28 20:36:55.215 [info] Got 1 sessions for ...
2025-09-28 20:36:55.271 [info] Getting sessions for all scopes...
2025-09-28 20:36:55.271 [info] Got 1 sessions for ...
2025-09-28 20:36:55.272 [info] Getting sessions for all scopes...
2025-09-28 20:36:55.272 [info] Got 1 sessions for ...
2025-09-28 20:36:55.274 [info] Getting sessions for all scopes...
2025-09-28 20:36:55.274 [info] Got 1 sessions for ...
2025-09-28 20:36:56.621 [info] Getting sessions for read:user,repo,user:email...
2025-09-28 20:36:56.621 [info] Got 0 sessions for read:user,repo,user:email...
2025-09-28 20:36:56.623 [info] Getting sessions for all scopes...
2025-09-28 20:36:56.623 [info] Got 1 sessions for ...
2025-09-28 20:36:56.623 [info] Getting sessions for all scopes...
2025-09-28 20:36:56.623 [info] Got 1 sessions for ...
2025-09-28 20:36:56.980 [info] Getting sessions for all scopes...
2025-09-28 20:36:56.981 [info] Got 1 sessions for ...
2025-09-28 20:36:57.047 [info] Getting sessions for all scopes...
2025-09-28 20:36:57.047 [info] Got 1 sessions for ...
2025-09-28 20:36:58.127 [info] Getting sessions for read:user,repo,user:email,workflow...
2025-09-28 20:36:58.127 [info] Got 0 sessions for read:user,repo,user:email,workflow...
2025-09-28 20:36:59.113 [info] Getting sessions for all scopes...
2025-09-28 20:36:59.114 [info] Got 1 sessions for ...
2025-09-28 20:36:59.244 [info] Getting sessions for all scopes...
2025-09-28 20:36:59.244 [info] Got 1 sessions for ...
2025-09-28 20:36:59.244 [info] Getting sessions for read:user,repo,user:email,workflow...
2025-09-28 20:36:59.244 [info] Got 0 sessions for read:user,repo,user:email,workflow...
2025-09-28 20:36:59.476 [info] Getting sessions for user:email...
2025-09-28 20:36:59.476 [info] Got 1 sessions for user:email...
2025-09-28 20:36:59.477 [info] Getting sessions for read:user,repo,user:email,workflow...
2025-09-28 20:36:59.477 [info] Got 0 sessions for read:user,repo,user:email,workflow...
2025-09-28 20:36:59.909 [info] Getting sessions for all scopes...
2025-09-28 20:36:59.910 [info] Got 1 sessions for ...
2025-09-28 20:37:00.144 [info] Getting sessions for read:user...
2025-09-28 20:37:00.144 [info] Got 0 sessions for read:user...
2025-09-28 20:37:00.177 [info] Getting sessions for read:user,repo,user:email...
2025-09-28 20:37:00.177 [info] Got 0 sessions for read:user,repo,user:email...
2025-09-28 20:37:00.178 [info] Getting sessions for all scopes...
2025-09-28 20:37:00.178 [info] Got 1 sessions for ...
2025-09-28 20:37:00.179 [info] Getting sessions for user:email...
2025-09-28 20:37:00.179 [info] Got 1 sessions for user:email...
2025-09-28 20:37:00.306 [info] Getting sessions for all scopes...
2025-09-28 20:37:00.306 [info] Got 1 sessions for ...
2025-09-28 20:37:00.562 [info] Getting sessions for user:email...
2025-09-28 20:37:00.562 [info] Got 1 sessions for user:email...
2025-09-28 20:37:00.687 [info] Getting sessions for read:user,repo,user:email,workflow...
2025-09-28 20:37:00.687 [info] Got 0 sessions for read:user,repo,user:email,workflow...
2025-09-28 20:37:00.959 [info] Getting sessions for all scopes...
2025-09-28 20:37:00.959 [info] Got 1 sessions for ...
2025-09-28 20:37:00.959 [info] Getting sessions for all scopes...
2025-09-28 20:37:00.959 [info] Got 1 sessions for ...
2025-09-28 20:37:01.163 [info] Getting sessions for user:email...
2025-09-28 20:37:01.163 [info] Got 1 sessions for user:email...
2025-09-28 20:37:01.192 [info] Getting sessions for read:user,repo,user:email,workflow...
2025-09-28 20:37:01.192 [info] Got 0 sessions for read:user,repo,user:email,workflow...
2025-09-28 20:37:01.207 [info] Getting sessions for user:email...
2025-09-28 20:37:01.207 [info] Got 1 sessions for user:email...
2025-09-28 20:37:01.209 [info] Getting sessions for read:user,repo,user:email,workflow...
2025-09-28 20:37:01.209 [info] Got 0 sessions for read:user,repo,user:email,workflow...
2025-09-28 20:37:01.222 [info] Getting sessions for all scopes...
2025-09-28 20:37:01.222 [info] Got 1 sessions for ...
2025-09-28 20:37:01.241 [info] Getting sessions for read:user,repo,user:email,workflow...
2025-09-28 20:37:01.241 [info] Got 0 sessions for read:user,repo,user:email,workflow...
2025-09-28 20:37:01.278 [info] Getting sessions for user:email...
2025-09-28 20:37:01.278 [info] Got 1 sessions for user:email...
2025-09-28 20:37:02.188 [info] Getting sessions for all scopes...
2025-09-28 20:37:02.188 [info] Got 1 sessions for ...
2025-09-28 20:37:02.188 [info] Getting sessions for all scopes...
2025-09-28 20:37:02.189 [info] Got 1 sessions for ...
2025-09-28 20:37:02.319 [info] Getting sessions for read:user,repo,user:email,workflow...
2025-09-28 20:37:02.322 [info] Got 0 sessions for read:user,repo,user:email,workflow...
2025-09-28 20:37:02.709 [info] Getting sessions for user:email...
2025-09-28 20:37:02.709 [info] Got 1 sessions for user:email...
2025-09-28 20:37:02.710 [info] Getting sessions for read:user,repo,user:email,workflow...
2025-09-28 20:37:02.710 [info] Got 0 sessions for read:user,repo,user:email,workflow...
2025-09-28 20:37:03.178 [info] Getting sessions for all scopes...
2025-09-28 20:37:03.178 [info] Got 1 sessions for ...
2025-09-28 20:37:03.204 [info] Getting sessions for read:user,repo,user:email,workflow...
2025-09-28 20:37:03.204 [info] Got 0 sessions for read:user,repo,user:email,workflow...
2025-09-28 20:37:03.230 [info] Getting sessions for user:email...
2025-09-28 20:37:03.230 [info] Got 1 sessions for user:email...
2025-09-28 20:37:03.528 [info] Getting sessions for all scopes...
2025-09-28 20:37:03.528 [info] Got 1 sessions for ...
2025-09-28 20:37:03.550 [info] Getting sessions for all scopes...
2025-09-28 20:37:03.550 [info] Got 1 sessions for ...
2025-09-28 20:37:03.579 [info] Getting sessions for read:user,repo,user:email,workflow...
2025-09-28 20:37:03.579 [info] Got 0 sessions for read:user,repo,user:email,workflow...
2025-09-28 20:37:03.604 [info] Getting sessions for user:email...
2025-09-28 20:37:03.604 [info] Got 1 sessions for user:email...
2025-09-28 20:37:03.604 [info] Getting sessions for read:user,repo,user:email,workflow...
2025-09-28 20:37:03.604 [info] Got 0 sessions for read:user,repo,user:email,workflow...
2025-09-28 20:37:03.642 [info] Getting sessions for all scopes...
2025-09-28 20:37:03.642 [info] Got 1 sessions for ...
2025-09-28 20:37:03.645 [info] Getting sessions for all scopes...
2025-09-28 20:37:03.645 [info] Got 1 sessions for ...
2025-09-28 20:37:03.650 [info] Getting sessions for all scopes...
2025-09-28 20:37:03.650 [info] Got 1 sessions for ...
2025-09-28 20:37:03.664 [info] Getting sessions for read:user,repo,user:email,workflow...
2025-09-28 20:37:03.664 [info] Got 0 sessions for read:user,repo,user:email,workflow...
2025-09-28 20:37:03.744 [info] Getting sessions for user:email...
2025-09-28 20:37:03.744 [info] Got 1 sessions for user:email...
2025-09-28 20:37:03.784 [info] Getting sessions for all scopes...
2025-09-28 20:37:03.785 [info] Got 1 sessions for ...
2025-09-28 20:37:03.853 [info] Getting sessions for read:user,repo,user:email,workflow...
2025-09-28 20:37:03.853 [info] Got 0 sessions for read:user,repo,user:email,workflow...
2025-09-28 20:37:03.858 [info] Getting sessions for user:email...
2025-09-28 20:37:03.858 [info] Got 1 sessions for user:email...
2025-09-28 20:37:05.628 [info] Getting sessions for all scopes...
2025-09-28 20:37:05.628 [info] Got 1 sessions for ...
2025-09-28 20:45:16.982 [info] Getting sessions for read:user,repo,user:email...
2025-09-28 20:45:16.982 [info] Got 0 sessions for read:user,repo,user:email...
