2025-09-29T18:44:55:770 [info]: PacProxyAgent not found
2025-09-29T18:44:55:771 [info]: [LogNetworkConfig] Network Configuration detected: {
      "http": {
        "proxy": "",
        "proxySupport": "override",
        "proxyAuthorization": null,
        "proxyStrictSSL": true,
        "noProxy": [],
        "electronFetch": false,
        "fetchAdditionalSupport": true,
        "experimental.systemCertificatesV2": false
      },
      "gitlab": {
        "ca": "",
        "cert": "",
        "certKey": "",
        "ignoreCertificateErrors": false
      }
    }
2025-09-29T18:45:02:185 [warning]: There is no GitLab account available. Sending empty credentials to GitLab Language Server
2025-09-29T18:45:02:195 [info]: handleRegisterCapability: {
      "id": "4be77cdd-ed10-4eda-a8b4-69bab6c7294c",
      "method": "workspace/didChangeWatchedFiles",
      "registerOptions": {
        "watchers": [
          {
            "globPattern": "**/*"
          }
        ]
      }
    }
2025-09-29T18:45:02:230 [info]: Extracted urls: []
2025-09-29T18:45:02:230 [warning]: GitExtensionWrapper is missing repository for file:///home/nathan/ADC-compile-from-source
2025-09-29T18:45:02:235 [warning]: GitExtensionWrapper is missing repository for file:///home/nathan/ADC-compile-from-source
2025-09-29T18:45:02:236 [warning]: GitExtensionWrapper is missing repository for file:///home/nathan/ADC-compile-from-source
2025-09-29T18:45:02:236 [warning]: GitExtensionWrapper is missing repository for file:///home/nathan/ADC-compile-from-source
2025-09-29T18:45:02:236 [info]: Found 0 projects for urls: []
2025-09-29T18:45:02:239 [warning]: There is no GitLab account available. Sending empty credentials to GitLab Language Server
2025-09-29T18:45:02:370 [info]: Extracted urls: [
      "https://github.com/Mealman1551/ADC-compile-from-source.git"
    ]
2025-09-29T18:45:02:371 [info]: Found 0 projects for urls: [
      "https://github.com/Mealman1551/ADC-compile-from-source.git"
    ]
2025-09-29T18:45:02:372 [warning]: There is no GitLab account available. Sending empty credentials to GitLab Language Server
