2025-09-29 18:42:19.024 [info] [aebc6443-996d-45c2-90f0-388ff96faa56] Native Broker is only available on Windows
2025-09-29 18:42:19.174 [info] [getSessions] [all] starting
2025-09-29 18:42:19.174 [info] [getSessions] [all] returned 0 session(s)
2025-09-29 18:42:19.175 [info] [getSessions] [all] starting
2025-09-29 18:42:19.175 [info] [getSessions] [all] returned 0 session(s)
2025-09-29 18:42:19.175 [info] [getSessions] [all] starting
2025-09-29 18:42:19.175 [info] [getSessions] [all] returned 0 session(s)
2025-09-29 18:42:19.215 [info] [getSessions] [499b84ac-1321-427f-aa17-267ca6975798/.default offline_access] starting
2025-09-29 18:42:19.215 [info] [aebc6443-996d-45c2-90f0-388ff96faa56] Native Broker is only available on Windows
2025-09-29 18:42:20.614 [info] [getSessions] [499b84ac-1321-427f-aa17-267ca6975798/.default offline_access] returned 0 session(s)
2025-09-29 18:42:21.429 [info] [getSessions] [499b84ac-1321-427f-aa17-267ca6975798/.default offline_access] starting
2025-09-29 18:42:21.429 [info] [getSessions] [499b84ac-1321-427f-aa17-267ca6975798/.default offline_access] returned 0 session(s)
2025-09-29 18:42:22.063 [info] [getSessions] [499b84ac-1321-427f-aa17-267ca6975798/.default offline_access] starting
2025-09-29 18:42:22.063 [info] [getSessions] [499b84ac-1321-427f-aa17-267ca6975798/.default offline_access] returned 0 session(s)
2025-09-29 18:42:27.468 [info] [getSessions] [all] starting
2025-09-29 18:42:27.468 [info] [getSessions] [all] returned 0 session(s)
2025-09-29 18:42:27.473 [info] [getSessions] [all] starting
2025-09-29 18:42:27.473 [info] [getSessions] [all] returned 0 session(s)
2025-09-29 18:42:27.495 [info] [getSessions] [all] starting
2025-09-29 18:42:27.495 [info] [getSessions] [all] returned 0 session(s)
