2025-09-29T18:42:15:626 [info]: PacProxyAgent not found
2025-09-29T18:42:15:627 [info]: [LogNetworkConfig] Network Configuration detected: {
      "http": {
        "proxy": "",
        "proxySupport": "override",
        "proxyAuthorization": null,
        "proxyStrictSSL": true,
        "noProxy": [],
        "electronFetch": false,
        "fetchAdditionalSupport": true,
        "experimental.systemCertificatesV2": false
      },
      "gitlab": {
        "ca": "",
        "cert": "",
        "certKey": "",
        "ignoreCertificateErrors": false
      }
    }
2025-09-29T18:42:22:046 [warning]: There is no GitLab account available. Sending empty credentials to GitLab Language Server
2025-09-29T18:42:22:076 [info]: handleRegisterCapability: {
      "id": "c82ace7f-f6f6-4298-8d00-476429175f63",
      "method": "workspace/didChangeWatchedFiles",
      "registerOptions": {
        "watchers": [
          {
            "globPattern": "**/*"
          }
        ]
      }
    }
2025-09-29T18:42:22:193 [info]: Extracted urls: []
2025-09-29T18:42:22:193 [warning]: GitExtensionWrapper is missing repository for file:///home/nathan/ADC-compile-from-source
2025-09-29T18:42:22:193 [warning]: GitExtensionWrapper is missing repository for file:///home/nathan/ADC-compile-from-source
2025-09-29T18:42:22:198 [warning]: GitExtensionWrapper is missing repository for file:///home/nathan/ADC-compile-from-source
2025-09-29T18:42:22:198 [warning]: GitExtensionWrapper is missing repository for file:///home/nathan/ADC-compile-from-source
2025-09-29T18:42:22:199 [warning]: GitExtensionWrapper is missing repository for file:///home/nathan/ADC-compile-from-source
2025-09-29T18:42:22:199 [warning]: GitExtensionWrapper is missing repository for file:///home/nathan/ADC-compile-from-source
2025-09-29T18:42:22:199 [warning]: GitExtensionWrapper is missing repository for file:///home/nathan/ADC-compile-from-source
2025-09-29T18:42:22:199 [warning]: GitExtensionWrapper is missing repository for file:///home/nathan/ADC-compile-from-source
2025-09-29T18:42:22:199 [info]: Found 0 projects for urls: []
2025-09-29T18:42:22:201 [warning]: There is no GitLab account available. Sending empty credentials to GitLab Language Server
2025-09-29T18:42:22:362 [info]: Extracted urls: [
      "https://github.com/Mealman1551/ADC-compile-from-source.git"
    ]
2025-09-29T18:42:22:363 [info]: Found 0 projects for urls: [
      "https://github.com/Mealman1551/ADC-compile-from-source.git"
    ]
2025-09-29T18:42:22:364 [warning]: There is no GitLab account available. Sending empty credentials to GitLab Language Server
2025-09-29T18:43:53:374 [info]: Extracted urls: []
2025-09-29T18:43:53:519 [info]: Found 0 projects for urls: []
