2025-09-28 20:20:38.310 [info] [main] Log level: Info
2025-09-28 20:20:38.310 [info] [main] Validating found git in: "git"
2025-09-28 20:20:38.310 [info] [main] Using git "2.47.3" from "git"
2025-09-28 20:20:38.310 [info] [Model][doInitialScan] Initial repository scan started
2025-09-28 20:20:38.310 [info] > git rev-parse --show-toplevel [409ms]
2025-09-28 20:20:38.310 [info] > git rev-parse --git-dir --git-common-dir --show-superproject-working-tree [113ms]
2025-09-28 20:20:38.310 [info] [Model][openRepository] Opened repository (path): /home/nathan/ADC-compile-from-source
2025-09-28 20:20:38.310 [info] [Model][openRepository] Opened repository (real path): /home/nathan/ADC-compile-from-source
2025-09-28 20:20:38.310 [info] [Model][openRepository] Opened repository (kind): repository
2025-09-28 20:20:38.310 [info] > git config --get commit.template [155ms]
2025-09-28 20:20:38.310 [info] > git for-each-ref --format=%(refname)%00%(upstream:short)%00%(objectname)%00%(upstream:track)%00%(upstream:remotename)%00%(upstream:remoteref) refs/heads/main refs/remotes/main [28ms]
2025-09-28 20:20:38.310 [info] > git rev-parse --show-toplevel [46ms]
2025-09-28 20:20:38.434 [info] > git rev-parse --show-toplevel [106ms]
2025-09-28 20:20:38.503 [info] > git status -z -uall [30ms]
2025-09-28 20:20:38.509 [info] > git rev-parse --show-toplevel [64ms]
2025-09-28 20:20:38.529 [info] > git for-each-ref --sort -committerdate --format %(refname)%00%(objectname)%00%(*objectname) [31ms]
2025-09-28 20:20:38.764 [info] > git for-each-ref --format=%(refname)%00%(upstream:short)%00%(objectname)%00%(upstream:track)%00%(upstream:remotename)%00%(upstream:remoteref) refs/heads/main refs/remotes/main [118ms]
2025-09-28 20:20:38.787 [info] > git rev-parse --show-toplevel [260ms]
2025-09-28 20:20:38.787 [info] > git fetch [922ms]
2025-09-28 20:20:38.870 [info] > git check-ignore -v -z --stdin [54ms]
2025-09-28 20:20:38.872 [info] > git config --get --local branch.main.vscode-merge-base [85ms]
2025-09-28 20:20:38.901 [info] > git config --get commit.template [140ms]
2025-09-28 20:20:38.915 [info] > git for-each-ref --format=%(refname)%00%(upstream:short)%00%(objectname)%00%(upstream:track)%00%(upstream:remotename)%00%(upstream:remoteref) refs/heads/origin/main refs/remotes/origin/main [15ms]
2025-09-28 20:20:38.934 [info] > git config --get commit.template [65ms]
2025-09-28 20:20:38.934 [info] > git rev-parse --show-toplevel [84ms]
2025-09-28 20:20:39.049 [info] > git merge-base refs/heads/main refs/remotes/origin/main [116ms]
2025-09-28 20:20:39.181 [info] > git diff --name-status -z --diff-filter=ADMR 42c03f9a4f763bb53249714911e92a2cb0816152...refs/remotes/origin/main [116ms]
2025-09-28 20:20:39.182 [info] > git rev-parse --show-toplevel [135ms]
2025-09-28 20:20:39.186 [info] [Model][doInitialScan] Initial repository scan completed - repositories (1), closed repositories (0), parent repositories (0), unsafe repositories (0)
2025-09-28 20:20:39.187 [info] > git for-each-ref --format=%(refname)%00%(upstream:short)%00%(objectname)%00%(upstream:track)%00%(upstream:remotename)%00%(upstream:remoteref) refs/heads/main refs/remotes/main [156ms]
2025-09-28 20:20:39.247 [info] > git for-each-ref --format=%(refname)%00%(upstream:short)%00%(objectname)%00%(upstream:track)%00%(upstream:remotename)%00%(upstream:remoteref) refs/heads/main refs/remotes/main [70ms]
2025-09-28 20:20:39.301 [info] > git status -z -uall [13ms]
2025-09-28 20:20:39.424 [info] > git for-each-ref --sort -committerdate --format %(refname)%00%(objectname)%00%(*objectname) [126ms]
2025-09-28 20:20:39.453 [info] > git show --textconv :README.md [15ms]
2025-09-28 20:20:39.454 [info] > git ls-files --stage -- README.md [8ms]
2025-09-28 20:20:39.469 [info] > git cat-file -s 2b660d77c628f5f905d0bb954a892a19f9204c2c [9ms]
2025-09-28 20:20:49.365 [info] > git ls-files --stage -- README.md [508ms]
2025-09-28 20:20:49.828 [info] > git cat-file -s 2b660d77c628f5f905d0bb954a892a19f9204c2c [452ms]
2025-09-28 20:20:50.346 [info] > git show --textconv :README.md [315ms]
2025-09-28 20:20:51.245 [info] > git blame --root --incremental 42c03f9a4f763bb53249714911e92a2cb0816152 -- README.md [826ms]
2025-09-28 20:20:54.028 [info] > git config --get commit.template [49ms]
2025-09-28 20:20:54.118 [info] > git for-each-ref --format=%(refname)%00%(upstream:short)%00%(objectname)%00%(upstream:track)%00%(upstream:remotename)%00%(upstream:remoteref) refs/heads/main refs/remotes/main [31ms]
2025-09-28 20:20:54.489 [info] > git status -z -uall [43ms]
2025-09-28 20:20:54.490 [info] > git for-each-ref --sort -committerdate --format %(refname)%00%(objectname)%00%(*objectname) [22ms]
2025-09-28 20:20:55.593 [info] > git config --get commit.template [20ms]
2025-09-28 20:20:55.632 [info] > git for-each-ref --format=%(refname)%00%(upstream:short)%00%(objectname)%00%(upstream:track)%00%(upstream:remotename)%00%(upstream:remoteref) refs/heads/main refs/remotes/main [6ms]
2025-09-28 20:20:55.730 [info] > git status -z -uall [61ms]
2025-09-28 20:20:55.731 [info] > git for-each-ref --sort -committerdate --format %(refname)%00%(objectname)%00%(*objectname) [31ms]
2025-09-28 20:22:08.727 [info] > git config --get commit.template [11ms]
2025-09-28 20:22:08.728 [info] > git for-each-ref --format=%(refname)%00%(upstream:short)%00%(objectname)%00%(upstream:track)%00%(upstream:remotename)%00%(upstream:remoteref) refs/heads/main refs/remotes/main [2ms]
2025-09-28 20:22:08.757 [info] > git status -z -uall [14ms]
2025-09-28 20:22:08.759 [info] > git for-each-ref --sort -committerdate --format %(refname)%00%(objectname)%00%(*objectname) [4ms]
2025-09-28 20:22:13.567 [info] > git ls-files --stage -- README.md [1ms]
2025-09-28 20:22:13.591 [info] > git cat-file -s ec4eedff9ce0a6fc5a5fbc0fd69a04e857b991ae [4ms]
2025-09-28 20:22:13.616 [info] > git show --textconv :README.md [3ms]
2025-09-28 20:22:13.798 [info] > git config --get commit.template [14ms]
2025-09-28 20:22:13.799 [info] > git for-each-ref --format=%(refname)%00%(upstream:short)%00%(objectname)%00%(upstream:track)%00%(upstream:remotename)%00%(upstream:remoteref) refs/heads/main refs/remotes/main [2ms]
2025-09-28 20:22:13.837 [info] > git status -z -uall [27ms]
2025-09-28 20:22:13.837 [info] > git for-each-ref --sort -committerdate --format %(refname)%00%(objectname)%00%(*objectname) [14ms]
2025-09-28 20:22:13.882 [info] > git merge-base refs/heads/main refs/remotes/origin/main [4ms]
2025-09-28 20:22:13.902 [info] > git blame --root --incremental f6a06435b4b58a3dc1633b4b14b7d6e67384c17c -- README.md [40ms]
2025-09-28 20:22:13.916 [info] > git diff --name-status -z --diff-filter=ADMR 42c03f9a4f763bb53249714911e92a2cb0816152...refs/remotes/origin/main [14ms]
2025-09-28 20:22:34.782 [info] > git config --get commit.template [10ms]
2025-09-28 20:22:34.784 [info] > git for-each-ref --format=%(refname)%00%(upstream:short)%00%(objectname)%00%(upstream:track)%00%(upstream:remotename)%00%(upstream:remoteref) refs/heads/main refs/remotes/main [3ms]
2025-09-28 20:22:34.807 [info] > git status -z -uall [13ms]
2025-09-28 20:22:34.809 [info] > git for-each-ref --sort -committerdate --format %(refname)%00%(objectname)%00%(*objectname) [4ms]
