2025-09-28 20:20:37.660 [info] Reading sessions from keychain...
2025-09-28 20:20:37.660 [info] Getting sessions for all scopes...
2025-09-28 20:20:37.660 [info] Got stored sessions!
2025-09-28 20:20:37.660 [info] Got 1 verified sessions.
2025-09-28 20:20:37.660 [info] Got 1 sessions for ...
2025-09-28 20:20:37.660 [info] Getting sessions for all scopes...
2025-09-28 20:20:37.660 [info] Got 1 sessions for ...
2025-09-28 20:20:37.660 [info] Getting sessions for all scopes...
2025-09-28 20:20:37.660 [info] Got 1 sessions for ...
2025-09-28 20:20:37.661 [info] Getting sessions for all scopes...
2025-09-28 20:20:37.661 [info] Got 1 sessions for ...
2025-09-28 20:20:37.661 [info] Getting sessions for all scopes...
2025-09-28 20:20:37.661 [info] Got 1 sessions for ...
2025-09-28 20:20:37.661 [info] Getting sessions for all scopes...
2025-09-28 20:20:37.661 [info] Got 1 sessions for ...
2025-09-28 20:20:37.661 [info] Getting sessions for all scopes...
2025-09-28 20:20:37.661 [info] Got 1 sessions for ...
2025-09-28 20:20:37.661 [info] Getting sessions for all scopes...
2025-09-28 20:20:37.661 [info] Got 1 sessions for ...
2025-09-28 20:20:37.661 [info] Getting sessions for all scopes...
2025-09-28 20:20:37.661 [info] Got 1 sessions for ...
2025-09-28 20:20:37.661 [info] Getting sessions for all scopes...
2025-09-28 20:20:37.661 [info] Got 1 sessions for ...
2025-09-28 20:20:37.661 [info] Getting sessions for all scopes...
2025-09-28 20:20:37.661 [info] Got 1 sessions for ...
2025-09-28 20:20:37.661 [info] Getting sessions for all scopes...
2025-09-28 20:20:37.661 [info] Got 1 sessions for ...
2025-09-28 20:20:37.661 [info] Getting sessions for all scopes...
2025-09-28 20:20:37.661 [info] Got 1 sessions for ...
2025-09-28 20:20:37.661 [info] Getting sessions for all scopes...
2025-09-28 20:20:37.661 [info] Got 1 sessions for ...
2025-09-28 20:20:37.661 [info] Getting sessions for all scopes...
2025-09-28 20:20:37.661 [info] Got 1 sessions for ...
2025-09-28 20:20:38.294 [info] fetching: Electron fetch failed with status: 429 
2025-09-28 20:20:39.199 [info] Getting sessions for read:user,repo,user:email,workflow...
2025-09-28 20:20:39.200 [info] Got 0 sessions for read:user,repo,user:email,workflow...
2025-09-28 20:20:39.550 [info] fetching: Node fetch failed with status: 429 Too Many Requests
2025-09-28 20:20:47.986 [info] Getting sessions for user:email...
2025-09-28 20:20:47.986 [info] Got 1 sessions for user:email...
2025-09-28 20:20:48.007 [info] Getting sessions for all scopes...
2025-09-28 20:20:48.007 [info] Got 1 sessions for ...
2025-09-28 20:20:48.081 [info] Getting sessions for all scopes...
2025-09-28 20:20:48.081 [info] Got 1 sessions for ...
2025-09-28 20:20:48.081 [info] Getting sessions for all scopes...
2025-09-28 20:20:48.081 [info] Got 1 sessions for ...
2025-09-28 20:20:48.083 [info] Getting sessions for all scopes...
2025-09-28 20:20:48.084 [info] Got 1 sessions for ...
2025-09-28 20:20:48.660 [info] fetching: Node http/s failed with status: 429 Too Many Requests
2025-09-28 20:20:49.269 [info] Getting sessions for all scopes...
2025-09-28 20:20:49.269 [info] Got 1 sessions for ...
2025-09-28 20:20:49.400 [info] Getting sessions for read:user,repo,user:email...
2025-09-28 20:20:49.400 [info] Got 0 sessions for read:user,repo,user:email...
2025-09-28 20:20:49.404 [info] Getting sessions for all scopes...
2025-09-28 20:20:49.404 [info] Got 1 sessions for ...
2025-09-28 20:20:49.404 [info] Getting sessions for all scopes...
2025-09-28 20:20:49.404 [info] Got 1 sessions for ...
2025-09-28 20:20:49.520 [info] Getting sessions for all scopes...
2025-09-28 20:20:49.520 [info] Got 1 sessions for ...
2025-09-28 20:20:50.453 [info] Getting sessions for read:user,repo,user:email,workflow...
2025-09-28 20:20:50.453 [info] Got 0 sessions for read:user,repo,user:email,workflow...
2025-09-28 20:20:51.433 [info] Getting sessions for all scopes...
2025-09-28 20:20:51.433 [info] Got 1 sessions for ...
2025-09-28 20:20:51.562 [info] Getting sessions for all scopes...
2025-09-28 20:20:51.562 [info] Got 1 sessions for ...
2025-09-28 20:20:51.562 [info] Getting sessions for read:user,repo,user:email,workflow...
2025-09-28 20:20:51.562 [info] Got 0 sessions for read:user,repo,user:email,workflow...
2025-09-28 20:20:51.597 [info] Getting sessions for user:email...
2025-09-28 20:20:51.597 [info] Got 1 sessions for user:email...
2025-09-28 20:20:51.599 [info] Getting sessions for read:user,repo,user:email,workflow...
2025-09-28 20:20:51.599 [info] Got 0 sessions for read:user,repo,user:email,workflow...
2025-09-28 20:20:51.870 [info] Getting sessions for read:user,repo,user:email...
2025-09-28 20:20:51.870 [info] Got 0 sessions for read:user,repo,user:email...
2025-09-28 20:20:51.876 [info] Getting sessions for all scopes...
2025-09-28 20:20:51.876 [info] Got 1 sessions for ...
2025-09-28 20:20:51.877 [info] Getting sessions for user:email...
2025-09-28 20:20:51.877 [info] Got 1 sessions for user:email...
2025-09-28 20:20:51.965 [info] Getting sessions for read:user...
2025-09-28 20:20:51.966 [info] Got 0 sessions for read:user...
2025-09-28 20:20:51.966 [info] Getting sessions for all scopes...
2025-09-28 20:20:51.966 [info] Got 1 sessions for ...
2025-09-28 20:20:54.030 [info] Getting sessions for user:email...
2025-09-28 20:20:54.030 [info] Got 1 sessions for user:email...
2025-09-28 20:20:54.030 [info] Getting sessions for read:user,repo,user:email,workflow...
2025-09-28 20:20:54.030 [info] Got 0 sessions for read:user,repo,user:email,workflow...
2025-09-28 20:20:54.122 [info] Getting sessions for all scopes...
2025-09-28 20:20:54.122 [info] Got 1 sessions for ...
2025-09-28 20:20:54.483 [info] Getting sessions for user:email...
2025-09-28 20:20:54.483 [info] Got 1 sessions for user:email...
2025-09-28 20:20:55.158 [info] Getting sessions for read:user,repo,user:email,workflow...
2025-09-28 20:20:55.158 [info] Got 0 sessions for read:user,repo,user:email,workflow...
2025-09-28 20:20:55.161 [info] Getting sessions for all scopes...
2025-09-28 20:20:55.161 [info] Got 1 sessions for ...
2025-09-28 20:20:55.172 [info] Getting sessions for all scopes...
2025-09-28 20:20:55.172 [info] Got 1 sessions for ...
2025-09-28 20:20:55.340 [info] Getting sessions for user:email...
2025-09-28 20:20:55.340 [info] Got 1 sessions for user:email...
2025-09-28 20:20:55.340 [info] Getting sessions for read:user,repo,user:email,workflow...
2025-09-28 20:20:55.340 [info] Got 0 sessions for read:user,repo,user:email,workflow...
2025-09-28 20:20:55.364 [info] Getting sessions for read:user,repo,user:email,workflow...
2025-09-28 20:20:55.365 [info] Got 0 sessions for read:user,repo,user:email,workflow...
2025-09-28 20:20:55.371 [info] Getting sessions for all scopes...
2025-09-28 20:20:55.371 [info] Got 1 sessions for ...
2025-09-28 20:20:55.381 [info] Getting sessions for read:user,repo,user:email,workflow...
2025-09-28 20:20:55.381 [info] Got 0 sessions for read:user,repo,user:email,workflow...
2025-09-28 20:20:55.384 [info] Getting sessions for user:email...
2025-09-28 20:20:55.384 [info] Got 1 sessions for user:email...
2025-09-28 20:20:55.498 [info] Getting sessions for all scopes...
2025-09-28 20:20:55.498 [info] Got 1 sessions for ...
2025-09-28 20:20:55.499 [info] Getting sessions for all scopes...
2025-09-28 20:20:55.499 [info] Got 1 sessions for ...
2025-09-28 20:20:55.597 [info] Getting sessions for read:user,repo,user:email,workflow...
2025-09-28 20:20:55.597 [info] Got 0 sessions for read:user,repo,user:email,workflow...
2025-09-28 20:20:55.635 [info] Getting sessions for user:email...
2025-09-28 20:20:55.635 [info] Got 1 sessions for user:email...
2025-09-28 20:20:55.636 [info] Getting sessions for read:user,repo,user:email,workflow...
2025-09-28 20:20:55.636 [info] Got 0 sessions for read:user,repo,user:email,workflow...
2025-09-28 20:20:55.878 [info] Getting sessions for all scopes...
2025-09-28 20:20:55.878 [info] Got 1 sessions for ...
2025-09-28 20:20:56.222 [info] Getting sessions for read:user,repo,user:email,workflow...
2025-09-28 20:20:56.222 [info] Got 0 sessions for read:user,repo,user:email,workflow...
2025-09-28 20:20:56.253 [info] Getting sessions for user:email...
2025-09-28 20:20:56.253 [info] Got 1 sessions for user:email...
2025-09-28 20:20:56.412 [info] Getting sessions for all scopes...
2025-09-28 20:20:56.412 [info] Got 1 sessions for ...
2025-09-28 20:20:56.414 [info] Getting sessions for all scopes...
2025-09-28 20:20:56.414 [info] Got 1 sessions for ...
2025-09-28 20:20:56.418 [info] Getting sessions for read:user,repo,user:email,workflow...
2025-09-28 20:20:56.418 [info] Got 0 sessions for read:user,repo,user:email,workflow...
2025-09-28 20:20:56.420 [info] Getting sessions for user:email...
2025-09-28 20:20:56.420 [info] Got 1 sessions for user:email...
2025-09-28 20:20:56.421 [info] Getting sessions for read:user,repo,user:email,workflow...
2025-09-28 20:20:56.421 [info] Got 0 sessions for read:user,repo,user:email,workflow...
2025-09-28 20:20:56.460 [info] Getting sessions for all scopes...
2025-09-28 20:20:56.460 [info] Got 1 sessions for ...
2025-09-28 20:20:56.472 [info] Getting sessions for all scopes...
2025-09-28 20:20:56.473 [info] Got 1 sessions for ...
2025-09-28 20:20:56.476 [info] Getting sessions for all scopes...
2025-09-28 20:20:56.476 [info] Got 1 sessions for ...
2025-09-28 20:20:56.483 [info] Getting sessions for read:user,repo,user:email,workflow...
2025-09-28 20:20:56.483 [info] Got 0 sessions for read:user,repo,user:email,workflow...
2025-09-28 20:20:56.489 [info] Getting sessions for user:email...
2025-09-28 20:20:56.489 [info] Got 1 sessions for user:email...
2025-09-28 20:20:58.198 [info] Getting sessions for all scopes...
2025-09-28 20:20:58.198 [info] Got 1 sessions for ...
2025-09-28 20:20:58.208 [info] Getting sessions for read:user,repo,user:email,workflow...
2025-09-28 20:20:58.208 [info] Got 0 sessions for read:user,repo,user:email,workflow...
2025-09-28 20:20:58.212 [info] Getting sessions for user:email...
2025-09-28 20:20:58.212 [info] Got 1 sessions for user:email...
2025-09-28 20:20:58.220 [info] Getting sessions for all scopes...
2025-09-28 20:20:58.220 [info] Got 1 sessions for ...
2025-09-28 20:20:58.244 [info] Getting sessions for read:user,repo,user:email,workflow...
2025-09-28 20:20:58.244 [info] Got 0 sessions for read:user,repo,user:email,workflow...
2025-09-28 20:20:58.249 [info] Getting sessions for user:email...
2025-09-28 20:20:58.249 [info] Got 1 sessions for user:email...
2025-09-28 20:21:00.934 [info] Getting sessions for all scopes...
2025-09-28 20:21:00.934 [info] Got 1 sessions for ...
