2025-09-21 13:56:34.960 [info] Experiment 'pythonSurveyNotification' is active
2025-09-21 13:56:34.960 [info] Native locator: Refresh started
2025-09-21 13:56:34.960 [info] Native locator: Refresh finished in 289 ms
2025-09-21 13:56:34.960 [info] Python interpreter path: /bin/python3
2025-09-21 13:56:35.301 [info] > pyenv which python
2025-09-21 13:56:35.301 [info] cwd: .
2025-09-21 13:57:07.141 [info] Starting Pylance language server.
2025-09-21 13:57:13.129 [info] Python interpreter path: /usr/bin/python3
2025-09-21 14:03:56.095 [info] Discover tests for workspace name: ADC - uri: /home/nathan/ADC/ADC_Aur_2025.09.1.py
2025-09-21 14:04:09.967 [info] Running installed packages checker:  {
  id: '/usr/bin/python3',
  sysPrefix: '/usr',
  envType: 'System',
  envName: '',
  envPath: '/usr/bin/python3',
  path: '/usr/bin/python3',
  architecture: 3,
  sysVersion: '',
  version: {
    raw: '3.11.2',
    major: 3,
    minor: 11,
    patch: 2,
    build: [],
    prerelease: []
  },
  displayName: 'Python 3.11.2',
  detailedDisplayName: 'Python 3.11.2',
  type: undefined
} /home/nathan/.vscode/extensions/ms-python.python-2025.12.0-linux-x64/python_files/installed_check.py /home/nathan/ADC/requirements.txt
2025-09-21 14:04:09.967 [info] > /usr/bin/python3 ~/.vscode/extensions/ms-python.python-2025.12.0-linux-x64/python_files/installed_check.py ./requirements.txt
2025-09-21 14:04:55.493 [info] Discover tests for workspace name: ADC - uri: /home/nathan/ADC/ADC_Aur_2025.09.1.py
